[2024-05-29 20:57:32] [ INFO ] [PacienteDAOH2:116] iniciando las operaciones de busqueda:
[2024-05-29 20:57:32] [ ERROR] [PacienteDAOH2:133] Table "PACIENTES" not found (this database is empty); SQL statement:
SELECT * FROM PACIENTES [42104-224]
[2024-05-29 21:03:21] [ INFO ] [BD:33] tabla creada con exito
[2024-05-29 21:03:39] [ INFO ] [PacienteDAOH2:116] iniciando las operaciones de busqueda:
[2024-05-29 21:03:39] [ INFO ] [DomicilioDAOH2:44] iniciando la busqueda de un domicilio con id: 1
[2024-05-29 21:03:39] [ INFO ] [DomicilioDAOH2:44] iniciando la busqueda de un domicilio con id: 2
[2024-05-29 21:20:37] [ INFO ] [BD:33] tabla creada con exito
[2024-05-29 21:22:06] [ INFO ] [BD:33] tabla creada con exito
[2024-05-29 21:22:18] [ INFO ] [PacienteDAOH2:23] inciando las operaciones de guardado
[2024-05-29 21:22:18] [ INFO ] [DomicilioDAOH2:19] iniciando las operaciones de guardado
[2024-05-29 21:22:18] [ INFO ] [DomicilioDAOH2:33] domicilio guardado
[2024-05-29 21:22:18] [ ERROR] [PacienteDAOH2:44] La columna "EMAIL" no permite valores nulos (NULL)
NULL not allowed for column "EMAIL"; SQL statement:
INSERT INTO PACIENTES(NOMBRE, APELLIDO, CEDULA, FECHA_INGRESO, DOMICILIO_ID,ODONTOLOGO_ID) VALUES(?,?,?,?,?,?) [23502-224]
[2024-05-29 21:31:09] [ INFO ] [BD:33] tabla creada con exito
[2024-05-29 21:31:18] [ INFO ] [PacienteDAOH2:23] inciando las operaciones de guardado
[2024-05-29 21:31:18] [ INFO ] [DomicilioDAOH2:19] iniciando las operaciones de guardado
[2024-05-29 21:31:18] [ INFO ] [DomicilioDAOH2:33] domicilio guardado
[2024-05-29 21:31:18] [ ERROR] [PacienteDAOH2:44] Parametro "#7" no está fijado
Parameter "#7" is not set; SQL statement:
INSERT INTO PACIENTES(NOMBRE, APELLIDO, CEDULA, FECHA_INGRESO, DOMICILIO_ID,EMAIL,ODONTOLOGO_ID) VALUES(?,?,?,?,?,?,?) [90012-224]
[2024-05-29 21:32:34] [ INFO ] [BD:33] tabla creada con exito
[2024-05-29 21:32:52] [ INFO ] [PacienteDAOH2:23] inciando las operaciones de guardado
[2024-05-29 21:32:52] [ INFO ] [DomicilioDAOH2:19] iniciando las operaciones de guardado
[2024-05-29 21:32:52] [ INFO ] [DomicilioDAOH2:33] domicilio guardado
[2024-05-29 21:32:52] [ ERROR] [PacienteDAOH2:44] La columna "ODONTOLOGO_ID" no permite valores nulos (NULL)
NULL not allowed for column "ODONTOLOGO_ID"; SQL statement:
INSERT INTO PACIENTES(NOMBRE, APELLIDO, CEDULA, FECHA_INGRESO, DOMICILIO_ID,EMAIL) VALUES(?,?,?,?,?,?) [23502-224]
[2024-05-29 21:33:39] [ INFO ] [BD:33] tabla creada con exito
[2024-05-29 21:33:56] [ INFO ] [PacienteDAOH2:23] inciando las operaciones de guardado
[2024-05-29 21:33:56] [ INFO ] [DomicilioDAOH2:19] iniciando las operaciones de guardado
[2024-05-29 21:33:56] [ INFO ] [DomicilioDAOH2:33] domicilio guardado
[2024-05-29 21:33:56] [ INFO ] [PacienteDAOH2:41] paciente guardado
[2024-05-29 21:34:48] [ INFO ] [PacienteDAOH2:23] inciando las operaciones de guardado
[2024-05-29 21:34:48] [ INFO ] [DomicilioDAOH2:19] iniciando las operaciones de guardado
[2024-05-29 21:34:48] [ INFO ] [DomicilioDAOH2:33] domicilio guardado
[2024-05-29 21:34:48] [ INFO ] [PacienteDAOH2:41] paciente guardado
[2024-05-29 21:37:22] [ INFO ] [PacienteDAOH2:51] iniciando la operacion de buscado de un paciente con id : 4
[2024-05-29 21:37:22] [ INFO ] [DomicilioDAOH2:44] iniciando la busqueda de un domicilio con id: 4
[2024-05-29 21:37:22] [ WARN ] [PacienteDAOH2:92] iniciando las operaciones de actualizacion de un paciente con id : 4
[2024-05-29 21:37:35] [ INFO ] [PacienteDAOH2:116] iniciando las operaciones de busqueda:
[2024-05-29 21:37:35] [ INFO ] [DomicilioDAOH2:44] iniciando la busqueda de un domicilio con id: 1
[2024-05-29 21:37:35] [ INFO ] [DomicilioDAOH2:44] iniciando la busqueda de un domicilio con id: 2
[2024-05-29 21:37:35] [ INFO ] [DomicilioDAOH2:44] iniciando la busqueda de un domicilio con id: 3
[2024-05-29 21:37:35] [ INFO ] [DomicilioDAOH2:44] iniciando la busqueda de un domicilio con id: 4
[2024-05-29 21:38:20] [ INFO ] [PacienteDAOH2:51] iniciando la operacion de buscado de un paciente con id : 4
[2024-05-29 21:38:20] [ INFO ] [DomicilioDAOH2:44] iniciando la busqueda de un domicilio con id: 4
[2024-05-29 21:38:20] [ WARN ] [PacienteDAOH2:77] iniciando las operaciones de eliminación de un paciente con id : 4
[2024-05-29 21:38:20] [ ERROR] [PacienteDAOH2:86] Parametro "#1" no está fijado
Parameter "#1" is not set; SQL statement:
DELETE  FROM PACIENTES WHERE ID=? [90012-224]
[2024-05-29 21:38:20] [ WARN ] [DomicilioDAOH2:64] iniciando las operacion de eliminación de un domicilio con id : 4
[2024-05-29 21:38:20] [ ERROR] [DomicilioDAOH2:73] Parametro "#1" no está fijado
Parameter "#1" is not set; SQL statement:
DELETE FROM DOMICILIOS WHERE ID=? [90012-224]
[2024-05-29 21:38:25] [ INFO ] [PacienteDAOH2:116] iniciando las operaciones de busqueda:
[2024-05-29 21:38:25] [ INFO ] [DomicilioDAOH2:44] iniciando la busqueda de un domicilio con id: 1
[2024-05-29 21:38:25] [ INFO ] [DomicilioDAOH2:44] iniciando la busqueda de un domicilio con id: 2
[2024-05-29 21:38:25] [ INFO ] [DomicilioDAOH2:44] iniciando la busqueda de un domicilio con id: 3
[2024-05-29 21:38:25] [ INFO ] [DomicilioDAOH2:44] iniciando la busqueda de un domicilio con id: 4
[2024-05-29 21:40:10] [ INFO ] [BD:33] tabla creada con exito
[2024-05-29 21:40:27] [ INFO ] [PacienteDAOH2:51] iniciando la operacion de buscado de un paciente con id : 4
[2024-05-29 21:41:33] [ INFO ] [PacienteDAOH2:51] iniciando la operacion de buscado de un paciente con id : 2
[2024-05-29 21:41:33] [ INFO ] [DomicilioDAOH2:44] iniciando la busqueda de un domicilio con id: 2
[2024-05-29 21:41:33] [ WARN ] [PacienteDAOH2:77] iniciando las operaciones de eliminación de un paciente con id : 2
[2024-05-29 21:41:33] [ WARN ] [DomicilioDAOH2:64] iniciando las operacion de eliminación de un domicilio con id : 2
[2024-05-29 21:41:33] [ ERROR] [DomicilioDAOH2:73] Parametro "#1" no está fijado
Parameter "#1" is not set; SQL statement:
DELETE FROM DOMICILIOS WHERE ID=? [90012-224]
[2024-05-29 21:41:45] [ INFO ] [PacienteDAOH2:116] iniciando las operaciones de busqueda:
[2024-05-29 21:41:45] [ INFO ] [DomicilioDAOH2:44] iniciando la busqueda de un domicilio con id: 1
[2024-05-29 21:42:06] [ INFO ] [PacienteDAOH2:23] inciando las operaciones de guardado
[2024-05-29 21:42:06] [ INFO ] [DomicilioDAOH2:19] iniciando las operaciones de guardado
[2024-05-29 21:42:06] [ INFO ] [DomicilioDAOH2:33] domicilio guardado
[2024-05-29 21:42:06] [ INFO ] [PacienteDAOH2:41] paciente guardado
[2024-05-29 21:42:14] [ INFO ] [PacienteDAOH2:116] iniciando las operaciones de busqueda:
[2024-05-29 21:42:14] [ INFO ] [DomicilioDAOH2:44] iniciando la busqueda de un domicilio con id: 1
[2024-05-29 21:42:14] [ INFO ] [DomicilioDAOH2:44] iniciando la busqueda de un domicilio con id: 3
[2024-05-29 21:42:56] [ INFO ] [PacienteDAOH2:51] iniciando la operacion de buscado de un paciente con id : 2
[2024-05-29 21:43:36] [ INFO ] [PacienteDAOH2:51] iniciando la operacion de buscado de un paciente con id : 3
[2024-05-29 21:43:36] [ INFO ] [DomicilioDAOH2:44] iniciando la busqueda de un domicilio con id: 3
[2024-05-29 21:43:40] [ INFO ] [PacienteDAOH2:51] iniciando la operacion de buscado de un paciente con id : 1
[2024-05-29 21:43:40] [ INFO ] [DomicilioDAOH2:44] iniciando la busqueda de un domicilio con id: 1
[2024-05-29 21:46:18] [ INFO ] [OdontologoDAOH2:93] Iniciando la operación de busqueda
[2024-05-29 21:52:19] [ INFO ] [BD:33] tabla creada con exito
[2024-05-29 21:56:00] [ INFO ] [OdontologoDAOH2:22] Iniciando la operación de creación
[2024-05-29 21:57:52] [ INFO ] [BD:33] tabla creada con exito
[2024-05-29 21:58:04] [ INFO ] [OdontologoDAOH2:22] Iniciando la operación de creación
[2024-05-29 22:02:21] [ INFO ] [BD:33] tabla creada con exito
[2024-05-29 22:02:33] [ INFO ] [OdontologoDAOH2:22] Iniciando la operación de creación
[2024-05-29 22:02:33] [ ERROR] [OdontologoDAOH2:36] Valor Invalido "1" para el parametro "columnIndex"
Invalid value "1" for parameter "columnIndex" [90008-224]
[2024-05-29 22:03:50] [ INFO ] [BD:33] tabla creada con exito
[2024-05-29 22:03:59] [ INFO ] [OdontologoDAOH2:22] Iniciando la operación de creación
[2024-05-29 22:04:18] [ INFO ] [OdontologoDAOH2:22] Iniciando la operación de creación
[2024-05-29 22:04:18] [ ERROR] [OdontologoDAOH2:39] Table "ODONTOLOGOS" not found (this database is empty); SQL statement:
INSERT INTO ODONTOLOGOS (NUMERO_MATRICULA, NOMBRE, APELLIDO) VALUES (?,?,?) [42104-224]
[2024-05-29 22:06:39] [ INFO ] [BD:33] tabla creada con exito
[2024-05-29 22:13:44] [ INFO ] [BD:33] tabla creada con exito
[2024-05-29 22:14:17] [ INFO ] [PacienteDAOH2:23] inciando las operaciones de guardado
[2024-05-29 22:14:17] [ INFO ] [DomicilioDAOH2:19] iniciando las operaciones de guardado
[2024-05-29 22:14:17] [ INFO ] [DomicilioDAOH2:33] domicilio guardado
[2024-05-29 22:14:17] [ INFO ] [PacienteDAOH2:41] paciente guardado
[2024-05-29 22:14:29] [ INFO ] [PacienteDAOH2:51] iniciando la operacion de buscado de un paciente con id : 4
[2024-05-29 22:14:35] [ INFO ] [PacienteDAOH2:51] iniciando la operacion de buscado de un paciente con id : 3
[2024-05-29 22:14:35] [ INFO ] [DomicilioDAOH2:44] iniciando la busqueda de un domicilio con id: 3
[2024-05-29 22:14:35] [ WARN ] [PacienteDAOH2:92] iniciando las operaciones de actualizacion de un paciente con id : 3
[2024-05-29 22:14:52] [ INFO ] [PacienteDAOH2:51] iniciando la operacion de buscado de un paciente con id : 3
[2024-05-29 22:14:52] [ INFO ] [DomicilioDAOH2:44] iniciando la busqueda de un domicilio con id: 4
[2024-05-29 22:15:06] [ INFO ] [PacienteDAOH2:116] iniciando las operaciones de busqueda:
[2024-05-29 22:15:06] [ INFO ] [DomicilioDAOH2:44] iniciando la busqueda de un domicilio con id: 1
[2024-05-29 22:15:06] [ INFO ] [DomicilioDAOH2:44] iniciando la busqueda de un domicilio con id: 2
[2024-05-29 22:15:06] [ INFO ] [DomicilioDAOH2:44] iniciando la busqueda de un domicilio con id: 4
[2024-05-29 22:15:19] [ INFO ] [PacienteDAOH2:51] iniciando la operacion de buscado de un paciente con id : 3
[2024-05-29 22:15:19] [ INFO ] [DomicilioDAOH2:44] iniciando la busqueda de un domicilio con id: 4
[2024-05-29 22:15:19] [ WARN ] [PacienteDAOH2:77] iniciando las operaciones de eliminación de un paciente con id : 3
[2024-05-29 22:15:33] [ INFO ] [PacienteDAOH2:116] iniciando las operaciones de busqueda:
[2024-05-29 22:15:33] [ INFO ] [DomicilioDAOH2:44] iniciando la busqueda de un domicilio con id: 1
[2024-05-29 22:15:33] [ INFO ] [DomicilioDAOH2:44] iniciando la busqueda de un domicilio con id: 2
[2024-05-29 22:17:31] [ INFO ] [OdontologoDAOH2:22] Iniciando la operación de creación
[2024-05-29 22:17:57] [ INFO ] [OdontologoDAOH2:22] Iniciando la operación de creación
[2024-05-29 22:21:12] [ INFO ] [BD:33] tabla creada con exito
[2024-05-29 22:21:30] [ INFO ] [OdontologoDAOH2:22] Iniciando la operación de creación
[2024-05-29 22:21:43] [ INFO ] [OdontologoDAOH2:97] Iniciando la operación de busqueda
[2024-05-29 22:21:43] [ ERROR] [OdontologoDAOH2:114] Table "ODONTOLOGOS" not found (this database is empty); SQL statement:
SELECT * FROM ODONTOLOGOS [42104-224]
[2024-05-29 22:22:25] [ INFO ] [BD:33] tabla creada con exito
[2024-05-29 22:22:36] [ INFO ] [OdontologoDAOH2:97] Iniciando la operación de busqueda
[2024-05-29 22:23:08] [ INFO ] [OdontologoDAOH2:22] Iniciando la operación de creación
[2024-05-29 22:23:08] [ ERROR] [OdontologoDAOH2:39] Table "ODONTOLOGOS" not found (this database is empty); SQL statement:
INSERT INTO ODONTOLOGOS (NUMERO_MATRICULA, NOMBRE, APELLIDO) VALUES (?,?,?) [42104-224]
[2024-05-29 22:23:16] [ INFO ] [OdontologoDAOH2:97] Iniciando la operación de busqueda
[2024-05-29 22:23:16] [ ERROR] [OdontologoDAOH2:114] Table "ODONTOLOGOS" not found (this database is empty); SQL statement:
SELECT * FROM ODONTOLOGOS [42104-224]
[2024-05-29 22:33:07] [ INFO ] [BD:33] tabla creada con exito
[2024-05-29 22:33:15] [ INFO ] [OdontologoDAOH2:96] Iniciando la operación de busqueda
[2024-05-29 22:33:23] [ INFO ] [OdontologoDAOH2:22] Iniciando la operación de creación
[2024-05-29 22:33:23] [ ERROR] [OdontologoDAOH2:38] Table "ODONTOLOGOS" not found (this database is empty); SQL statement:
INSERT INTO ODONTOLOGOS (NUMERO_MATRICULA, NOMBRE, APELLIDO) VALUES (?,?,?) [42104-224]
[2024-05-29 22:33:50] [ INFO ] [OdontologoDAOH2:96] Iniciando la operación de busqueda
[2024-05-29 22:33:50] [ ERROR] [OdontologoDAOH2:113] Table "ODONTOLOGOS" not found (this database is empty); SQL statement:
SELECT * FROM ODONTOLOGOS [42104-224]
[2024-05-29 22:38:12] [ INFO ] [BD:33] tabla creada con exito
[2024-05-29 22:38:24] [ INFO ] [OdontologoDAOH2:95] Iniciando la operación de busqueda
[2024-05-29 22:38:29] [ INFO ] [OdontologoDAOH2:22] Iniciando la operación de creación
[2024-05-29 22:38:34] [ INFO ] [OdontologoDAOH2:95] Iniciando la operación de busqueda
[2024-05-29 22:38:34] [ ERROR] [OdontologoDAOH2:112] Table "ODONTOLOGOS" not found (this database is empty); SQL statement:
SELECT * FROM ODONTOLOGOS [42104-224]
[2024-05-29 22:40:23] [ INFO ] [BD:33] tabla creada con exito
[2024-05-29 22:40:32] [ INFO ] [OdontologoDAOH2:95] Iniciando la operación de busqueda
[2024-05-29 22:40:35] [ INFO ] [OdontologoDAOH2:95] Iniciando la operación de busqueda
[2024-05-29 22:40:35] [ ERROR] [OdontologoDAOH2:112] Table "ODONTOLOGOS" not found (this database is empty); SQL statement:
SELECT * FROM ODONTOLOGOS [42104-224]
[2024-05-29 22:40:38] [ INFO ] [OdontologoDAOH2:95] Iniciando la operación de busqueda
[2024-05-29 22:40:38] [ ERROR] [OdontologoDAOH2:112] Table "ODONTOLOGOS" not found (this database is empty); SQL statement:
SELECT * FROM ODONTOLOGOS [42104-224]
[2024-05-29 22:40:40] [ INFO ] [OdontologoDAOH2:95] Iniciando la operación de busqueda
[2024-05-29 22:40:40] [ ERROR] [OdontologoDAOH2:112] Table "ODONTOLOGOS" not found (this database is empty); SQL statement:
SELECT * FROM ODONTOLOGOS [42104-224]
[2024-05-29 22:40:41] [ INFO ] [OdontologoDAOH2:95] Iniciando la operación de busqueda
[2024-05-29 22:40:41] [ ERROR] [OdontologoDAOH2:112] Table "ODONTOLOGOS" not found (this database is empty); SQL statement:
SELECT * FROM ODONTOLOGOS [42104-224]
[2024-05-29 22:40:41] [ INFO ] [OdontologoDAOH2:95] Iniciando la operación de busqueda
[2024-05-29 22:40:41] [ ERROR] [OdontologoDAOH2:112] Table "ODONTOLOGOS" not found (this database is empty); SQL statement:
SELECT * FROM ODONTOLOGOS [42104-224]
[2024-05-29 22:40:42] [ INFO ] [OdontologoDAOH2:95] Iniciando la operación de busqueda
[2024-05-29 22:40:42] [ ERROR] [OdontologoDAOH2:112] Table "ODONTOLOGOS" not found (this database is empty); SQL statement:
SELECT * FROM ODONTOLOGOS [42104-224]
[2024-05-29 22:40:44] [ INFO ] [OdontologoDAOH2:95] Iniciando la operación de busqueda
[2024-05-29 22:40:44] [ ERROR] [OdontologoDAOH2:112] Table "ODONTOLOGOS" not found (this database is empty); SQL statement:
SELECT * FROM ODONTOLOGOS [42104-224]
[2024-05-29 22:40:47] [ INFO ] [OdontologoDAOH2:95] Iniciando la operación de busqueda
[2024-05-29 22:40:47] [ ERROR] [OdontologoDAOH2:112] Table "ODONTOLOGOS" not found (this database is empty); SQL statement:
SELECT * FROM ODONTOLOGOS [42104-224]
[2024-05-29 22:40:48] [ INFO ] [OdontologoDAOH2:95] Iniciando la operación de busqueda
[2024-05-29 22:40:48] [ ERROR] [OdontologoDAOH2:112] Table "ODONTOLOGOS" not found (this database is empty); SQL statement:
SELECT * FROM ODONTOLOGOS [42104-224]
[2024-05-29 22:40:48] [ INFO ] [OdontologoDAOH2:95] Iniciando la operación de busqueda
[2024-05-29 22:40:48] [ ERROR] [OdontologoDAOH2:112] Table "ODONTOLOGOS" not found (this database is empty); SQL statement:
SELECT * FROM ODONTOLOGOS [42104-224]
[2024-05-29 22:40:54] [ INFO ] [OdontologoDAOH2:95] Iniciando la operación de busqueda
[2024-05-29 22:40:54] [ ERROR] [OdontologoDAOH2:112] Table "ODONTOLOGOS" not found (this database is empty); SQL statement:
SELECT * FROM ODONTOLOGOS [42104-224]
[2024-05-29 22:40:59] [ INFO ] [OdontologoDAOH2:95] Iniciando la operación de busqueda
[2024-05-29 22:40:59] [ ERROR] [OdontologoDAOH2:112] Table "ODONTOLOGOS" not found (this database is empty); SQL statement:
SELECT * FROM ODONTOLOGOS [42104-224]
[2024-05-29 22:41:02] [ INFO ] [OdontologoDAOH2:95] Iniciando la operación de busqueda
[2024-05-29 22:41:02] [ ERROR] [OdontologoDAOH2:112] Table "ODONTOLOGOS" not found (this database is empty); SQL statement:
SELECT * FROM ODONTOLOGOS [42104-224]
[2024-05-29 22:41:03] [ INFO ] [OdontologoDAOH2:95] Iniciando la operación de busqueda
[2024-05-29 22:41:03] [ ERROR] [OdontologoDAOH2:112] Table "ODONTOLOGOS" not found (this database is empty); SQL statement:
SELECT * FROM ODONTOLOGOS [42104-224]
[2024-05-29 22:43:19] [ INFO ] [OdontologoDAOH2:95] Iniciando la operación de busqueda
[2024-05-29 22:43:19] [ ERROR] [OdontologoDAOH2:112] Table "ODONTOLOGOS" not found (this database is empty); SQL statement:
SELECT * FROM ODONTOLOGOS [42104-224]
[2024-05-29 22:43:21] [ INFO ] [OdontologoDAOH2:95] Iniciando la operación de busqueda
[2024-05-29 22:43:21] [ ERROR] [OdontologoDAOH2:112] Table "ODONTOLOGOS" not found (this database is empty); SQL statement:
SELECT * FROM ODONTOLOGOS [42104-224]
[2024-05-29 22:43:22] [ INFO ] [OdontologoDAOH2:95] Iniciando la operación de busqueda
[2024-05-29 22:43:22] [ ERROR] [OdontologoDAOH2:112] Table "ODONTOLOGOS" not found (this database is empty); SQL statement:
SELECT * FROM ODONTOLOGOS [42104-224]
