#
# There is insufficient memory for the Java Runtime Environment to continue.
# Native memory allocation (malloc) failed to allocate 624896 bytes for Chunk::new
# Possible reasons:
#   The system is out of physical RAM or swap space
#   The process is running with CompressedOops enabled, and the Java Heap may be blocking the growth of the native heap
# Possible solutions:
#   Reduce memory load on the system
#   Increase physical memory or swap space
#   Check if swap backing store is full
#   Decrease Java heap size (-Xmx/-Xms)
#   Decrease number of Java threads
#   Decrease Java thread stack sizes (-Xss)
#   Set larger code cache with -XX:ReservedCodeCacheSize=
#   JVM is running with Zero Based Compressed Oops mode in which the Java heap is
#     placed in the first 32GB address space. The Java Heap base address is the
#     maximum limit for the native heap growth. Please use -XX:HeapBaseMinAddress
#     to set the Java Heap base and to place the Java Heap above 32GB virtual address.
# This output file may be truncated or incomplete.
#
#  Out of Memory Error (arena.cpp:191), pid=21480, tid=28160
#
# JRE version: OpenJDK Runtime Environment Corretto-17.0.9.8.1 (17.0.9+8) (build 17.0.9+8-LTS)
# Java VM: OpenJDK 64-Bit Server VM Corretto-17.0.9.8.1 (17.0.9+8-LTS, mixed mode, sharing, tiered, compressed oops, compressed class ptrs, g1 gc, windows-amd64)
# No core dump will be written. Minidumps are not enabled by default on client versions of Windows
#

---------------  S U M M A R Y ------------

Command Line: -javaagent:C:\Program Files\JetBrains\IntelliJ IDEA Community Edition 2023.1.1\lib\idea_rt.jar=49905:C:\Program Files\JetBrains\IntelliJ IDEA Community Edition 2023.1.1\bin -Dfile.encoding=UTF-8 Backend_I.Clinica_Odontologica_PI.ClinicaOdontologicaPiApplication

Host: AMD Ryzen 7 4800H with Radeon Graphics         , 16 cores, 15G,  Windows 11 , 64 bit Build 22621 (10.0.22621.3527)
Time: Tue May 28 22:19:16 2024 Hora est. Pacífico, Sudamérica elapsed time: 2.033253 seconds (0d 0h 0m 2s)

---------------  T H R E A D  ---------------

Current thread (0x0000020f1c354520):  JavaThread "C2 CompilerThread4" daemon [_thread_in_native, id=28160, stack(0x0000003d86500000,0x0000003d86600000)]


Current CompileTask:
C2:   2033 2977       4       org.springframework.beans.factory.support.AbstractBeanFactory::isTypeMatch (745 bytes)

Stack: [0x0000003d86500000,0x0000003d86600000]
Native frames: (J=compiled Java code, j=interpreted, Vv=VM code, C=native code)
V  [jvm.dll+0x67cb49]
V  [jvm.dll+0x8344da]
V  [jvm.dll+0x835f9e]
V  [jvm.dll+0x836603]
V  [jvm.dll+0x247b5f]
V  [jvm.dll+0xac43c]
V  [jvm.dll+0xaca8c]
V  [jvm.dll+0x2af07f]
V  [jvm.dll+0x585037]
V  [jvm.dll+0x222bb2]
V  [jvm.dll+0x222f9f]
V  [jvm.dll+0x21c0c6]
V  [jvm.dll+0x219511]
V  [jvm.dll+0x1a56cd]
V  [jvm.dll+0x2293ee]
V  [jvm.dll+0x2275bc]
V  [jvm.dll+0x7e95a7]
V  [jvm.dll+0x7e396a]
V  [jvm.dll+0x67ba35]
C  [ucrtbase.dll+0x29333]
C  [KERNEL32.DLL+0x1257d]
C  [ntdll.dll+0x5aa48]


---------------  P R O C E S S  ---------------

Threads class SMR info:
_java_thread_list=0x0000020f1c277e90, length=20, elements={
0x0000020eb1bf4f40, 0x0000020ed51fdd20, 0x0000020ed51fe9a0, 0x0000020ed5210260,
0x0000020ed5210c20, 0x0000020ed52115e0, 0x0000020ed5211fa0, 0x0000020ed521c080,
0x0000020ed5221a60, 0x0000020ed5224380, 0x0000020ed4eb3b30, 0x0000020ed53297e0,
0x0000020ed5329d00, 0x0000020ed5353660, 0x0000020ed5863000, 0x0000020ed58634e0,
0x0000020f1b5c4040, 0x0000020f1bab7880, 0x0000020f1b457b60, 0x0000020f1c354520
}

Java Threads: ( => current thread )
  0x0000020eb1bf4f40 JavaThread "main" [_thread_in_vm, id=11988, stack(0x0000003d84900000,0x0000003d84a00000)]
  0x0000020ed51fdd20 JavaThread "Reference Handler" daemon [_thread_blocked, id=15000, stack(0x0000003d85000000,0x0000003d85100000)]
  0x0000020ed51fe9a0 JavaThread "Finalizer" daemon [_thread_blocked, id=25940, stack(0x0000003d85100000,0x0000003d85200000)]
  0x0000020ed5210260 JavaThread "Signal Dispatcher" daemon [_thread_blocked, id=26752, stack(0x0000003d85200000,0x0000003d85300000)]
  0x0000020ed5210c20 JavaThread "Attach Listener" daemon [_thread_blocked, id=4176, stack(0x0000003d85300000,0x0000003d85400000)]
  0x0000020ed52115e0 JavaThread "Service Thread" daemon [_thread_blocked, id=30036, stack(0x0000003d85400000,0x0000003d85500000)]
  0x0000020ed5211fa0 JavaThread "Monitor Deflation Thread" daemon [_thread_blocked, id=15300, stack(0x0000003d85500000,0x0000003d85600000)]
  0x0000020ed521c080 JavaThread "C2 CompilerThread0" daemon [_thread_in_native, id=6844, stack(0x0000003d85600000,0x0000003d85700000)]
  0x0000020ed5221a60 JavaThread "C1 CompilerThread0" daemon [_thread_blocked, id=30952, stack(0x0000003d85700000,0x0000003d85800000)]
  0x0000020ed5224380 JavaThread "Sweeper thread" daemon [_thread_blocked, id=21264, stack(0x0000003d85800000,0x0000003d85900000)]
  0x0000020ed4eb3b30 JavaThread "Common-Cleaner" daemon [_thread_blocked, id=7820, stack(0x0000003d85900000,0x0000003d85a00000)]
  0x0000020ed53297e0 JavaThread "C1 CompilerThread1" daemon [_thread_in_native, id=29924, stack(0x0000003d85a00000,0x0000003d85b00000)]
  0x0000020ed5329d00 JavaThread "C1 CompilerThread2" daemon [_thread_blocked, id=15612, stack(0x0000003d85b00000,0x0000003d85c00000)]
  0x0000020ed5353660 JavaThread "C2 CompilerThread1" daemon [_thread_in_native, id=15604, stack(0x0000003d85c00000,0x0000003d85d00000)]
  0x0000020ed5863000 JavaThread "Monitor Ctrl-Break" daemon [_thread_in_native, id=31952, stack(0x0000003d85d00000,0x0000003d85e00000)]
  0x0000020ed58634e0 JavaThread "Notification Thread" daemon [_thread_blocked, id=23660, stack(0x0000003d85e00000,0x0000003d85f00000)]
  0x0000020f1b5c4040 JavaThread "C1 CompilerThread3" daemon [_thread_in_vm, id=29708, stack(0x0000003d86600000,0x0000003d86700000)]
  0x0000020f1bab7880 JavaThread "C2 CompilerThread2" daemon [_thread_blocked, id=23284, stack(0x0000003d86c00000,0x0000003d86d00000)]
  0x0000020f1b457b60 JavaThread "C2 CompilerThread3" daemon [_thread_in_native, id=24600, stack(0x0000003d86e00000,0x0000003d86f00000)]
=>0x0000020f1c354520 JavaThread "C2 CompilerThread4" daemon [_thread_in_native, id=28160, stack(0x0000003d86500000,0x0000003d86600000)]

Other Threads:
  0x0000020ed51f9210 VMThread "VM Thread" [stack: 0x0000003d84f00000,0x0000003d85000000] [id=19808]
  0x0000020ed5863dd0 WatcherThread [stack: 0x0000003d85f00000,0x0000003d86000000] [id=23288]
  0x0000020eb1c5e940 GCTaskThread "GC Thread#0" [stack: 0x0000003d84a00000,0x0000003d84b00000] [id=28660]
  0x0000020ed5f0aac0 GCTaskThread "GC Thread#1" [stack: 0x0000003d86000000,0x0000003d86100000] [id=24160]
  0x0000020ed5f0ad80 GCTaskThread "GC Thread#2" [stack: 0x0000003d86100000,0x0000003d86200000] [id=15872]
  0x0000020ed5f0b040 GCTaskThread "GC Thread#3" [stack: 0x0000003d86200000,0x0000003d86300000] [id=4060]
  0x0000020f1b1a8030 GCTaskThread "GC Thread#4" [stack: 0x0000003d86300000,0x0000003d86400000] [id=17668]
  0x0000020f1b204d60 GCTaskThread "GC Thread#5" [stack: 0x0000003d86400000,0x0000003d86500000] [id=15328]
  0x0000020f1b355710 GCTaskThread "GC Thread#6" [stack: 0x0000003d86700000,0x0000003d86800000] [id=28864]
  0x0000020f1b5224a0 GCTaskThread "GC Thread#7" [stack: 0x0000003d86800000,0x0000003d86900000] [id=19840]
  0x0000020f1b9af250 GCTaskThread "GC Thread#8" [stack: 0x0000003d86900000,0x0000003d86a00000] [id=6888]
  0x0000020f1b895150 GCTaskThread "GC Thread#9" [stack: 0x0000003d86a00000,0x0000003d86b00000] [id=21508]
  0x0000020f1b8984b0 GCTaskThread "GC Thread#10" [stack: 0x0000003d86b00000,0x0000003d86c00000] [id=2864]
  0x0000020eb1c6ee50 ConcurrentGCThread "G1 Main Marker" [stack: 0x0000003d84b00000,0x0000003d84c00000] [id=6304]
  0x0000020eb1c70780 ConcurrentGCThread "G1 Conc#0" [stack: 0x0000003d84c00000,0x0000003d84d00000] [id=25116]
  0x0000020ed4d817c0 ConcurrentGCThread "G1 Refine#0" [stack: 0x0000003d84d00000,0x0000003d84e00000] [id=24124]
  0x0000020ed4d820f0 ConcurrentGCThread "G1 Service" [stack: 0x0000003d84e00000,0x0000003d84f00000] [id=25420]

Threads with active compile tasks:
C2 CompilerThread0     2047 3004       4       java.lang.invoke.MethodType::makeImpl (109 bytes)
C1 CompilerThread0     2047 3018       3       java.util.Arrays::copyOfRange (90 bytes)
C1 CompilerThread1     2047 3017       3       java.lang.invoke.InvokerBytecodeGenerator::isStaticallyNameable (148 bytes)
C2 CompilerThread1     2047 3013       4       java.lang.Class::getPackageName (81 bytes)
C2 CompilerThread3     2047 2926   !   4       jdk.internal.loader.BuiltinClassLoader::loadClassOrNull (143 bytes)
C2 CompilerThread4     2047 2977       4       org.springframework.beans.factory.support.AbstractBeanFactory::isTypeMatch (745 bytes)

VM state: not at safepoint (normal execution)

VM Mutex/Monitor currently owned by a thread:  ([mutex/lock_event])
[0x0000020eb1bee5f0] CodeCache_lock - owner thread: 0x0000020ed5221a60
[0x0000020eb1bef870] Compile_lock - owner thread: 0x0000020ed5221a60
[0x0000020eb1bef900] MethodCompileQueue_lock - owner thread: 0x0000020ed5221a60

Heap address: 0x0000000709400000, size: 3948 MB, Compressed Oops mode: Zero based, Oop shift amount: 3

CDS archive(s) mapped at: [0x0000020ed6000000-0x0000020ed6ba0000-0x0000020ed6ba0000), size 12189696, SharedBaseAddress: 0x0000020ed6000000, ArchiveRelocationMode: 1.
Compressed class space mapped at: 0x0000020ed7000000-0x0000020f17000000, reserved size: 1073741824
Narrow klass base: 0x0000020ed6000000, Narrow klass shift: 0, Narrow klass range: 0x100000000

GC Precious Log:
 CPUs: 16 total, 16 available
 Memory: 15790M
 Large Page Support: Disabled
 NUMA Support: Disabled
 Compressed Oops: Enabled (Zero based)
 Heap Region Size: 2M
 Heap Min Capacity: 8M
 Heap Initial Capacity: 248M
 Heap Max Capacity: 3948M
 Pre-touch: Disabled
 Parallel Workers: 13
 Concurrent Workers: 3
 Concurrent Refinement Workers: 13
 Periodic GC: Disabled

Heap:
 garbage-first heap   total 253952K, used 43898K [0x0000000709400000, 0x0000000800000000)
  region size 2048K, 21 young (43008K), 2 survivors (4096K)
 Metaspace       used 19283K, committed 19648K, reserved 1114112K
  class space    used 2365K, committed 2560K, reserved 1048576K

Heap Regions: E=young(eden), S=young(survivor), O=old, HS=humongous(starts), HC=humongous(continues), CS=collection set, F=free, OA=open archive, CA=closed archive, TAMS=top-at-mark-start (previous, next)
|   0|0x0000000709400000, 0x0000000709600000, 0x0000000709600000|100%| O|  |TAMS 0x0000000709400000, 0x0000000709400000| Untracked 
|   1|0x0000000709600000, 0x0000000709800000, 0x0000000709800000|100%| O|  |TAMS 0x0000000709600000, 0x0000000709600000| Untracked 
|   2|0x0000000709800000, 0x0000000709881600, 0x0000000709a00000| 25%| O|  |TAMS 0x0000000709800000, 0x0000000709800000| Untracked 
|   3|0x0000000709a00000, 0x0000000709a00000, 0x0000000709c00000|  0%| F|  |TAMS 0x0000000709a00000, 0x0000000709a00000| Untracked 
|   4|0x0000000709c00000, 0x0000000709c00000, 0x0000000709e00000|  0%| F|  |TAMS 0x0000000709c00000, 0x0000000709c00000| Untracked 
|   5|0x0000000709e00000, 0x0000000709e00000, 0x000000070a000000|  0%| F|  |TAMS 0x0000000709e00000, 0x0000000709e00000| Untracked 
|   6|0x000000070a000000, 0x000000070a000000, 0x000000070a200000|  0%| F|  |TAMS 0x000000070a000000, 0x000000070a000000| Untracked 
|   7|0x000000070a200000, 0x000000070a200000, 0x000000070a400000|  0%| F|  |TAMS 0x000000070a200000, 0x000000070a200000| Untracked 
|   8|0x000000070a400000, 0x000000070a400000, 0x000000070a600000|  0%| F|  |TAMS 0x000000070a400000, 0x000000070a400000| Untracked 
|   9|0x000000070a600000, 0x000000070a600000, 0x000000070a800000|  0%| F|  |TAMS 0x000000070a600000, 0x000000070a600000| Untracked 
|  10|0x000000070a800000, 0x000000070a800000, 0x000000070aa00000|  0%| F|  |TAMS 0x000000070a800000, 0x000000070a800000| Untracked 
|  11|0x000000070aa00000, 0x000000070aa00000, 0x000000070ac00000|  0%| F|  |TAMS 0x000000070aa00000, 0x000000070aa00000| Untracked 
|  12|0x000000070ac00000, 0x000000070ac00000, 0x000000070ae00000|  0%| F|  |TAMS 0x000000070ac00000, 0x000000070ac00000| Untracked 
|  13|0x000000070ae00000, 0x000000070ae00000, 0x000000070b000000|  0%| F|  |TAMS 0x000000070ae00000, 0x000000070ae00000| Untracked 
|  14|0x000000070b000000, 0x000000070b000000, 0x000000070b200000|  0%| F|  |TAMS 0x000000070b000000, 0x000000070b000000| Untracked 
|  15|0x000000070b200000, 0x000000070b200000, 0x000000070b400000|  0%| F|  |TAMS 0x000000070b200000, 0x000000070b200000| Untracked 
|  16|0x000000070b400000, 0x000000070b400000, 0x000000070b600000|  0%| F|  |TAMS 0x000000070b400000, 0x000000070b400000| Untracked 
|  17|0x000000070b600000, 0x000000070b600000, 0x000000070b800000|  0%| F|  |TAMS 0x000000070b600000, 0x000000070b600000| Untracked 
|  18|0x000000070b800000, 0x000000070b800000, 0x000000070ba00000|  0%| F|  |TAMS 0x000000070b800000, 0x000000070b800000| Untracked 
|  19|0x000000070ba00000, 0x000000070ba00000, 0x000000070bc00000|  0%| F|  |TAMS 0x000000070ba00000, 0x000000070ba00000| Untracked 
|  20|0x000000070bc00000, 0x000000070bc00000, 0x000000070be00000|  0%| F|  |TAMS 0x000000070bc00000, 0x000000070bc00000| Untracked 
|  21|0x000000070be00000, 0x000000070be00000, 0x000000070c000000|  0%| F|  |TAMS 0x000000070be00000, 0x000000070be00000| Untracked 
|  22|0x000000070c000000, 0x000000070c000000, 0x000000070c200000|  0%| F|  |TAMS 0x000000070c000000, 0x000000070c000000| Untracked 
|  23|0x000000070c200000, 0x000000070c200000, 0x000000070c400000|  0%| F|  |TAMS 0x000000070c200000, 0x000000070c200000| Untracked 
|  24|0x000000070c400000, 0x000000070c400000, 0x000000070c600000|  0%| F|  |TAMS 0x000000070c400000, 0x000000070c400000| Untracked 
|  25|0x000000070c600000, 0x000000070c600000, 0x000000070c800000|  0%| F|  |TAMS 0x000000070c600000, 0x000000070c600000| Untracked 
|  26|0x000000070c800000, 0x000000070c800000, 0x000000070ca00000|  0%| F|  |TAMS 0x000000070c800000, 0x000000070c800000| Untracked 
|  27|0x000000070ca00000, 0x000000070ca00000, 0x000000070cc00000|  0%| F|  |TAMS 0x000000070ca00000, 0x000000070ca00000| Untracked 
|  28|0x000000070cc00000, 0x000000070cc00000, 0x000000070ce00000|  0%| F|  |TAMS 0x000000070cc00000, 0x000000070cc00000| Untracked 
|  29|0x000000070ce00000, 0x000000070ce00000, 0x000000070d000000|  0%| F|  |TAMS 0x000000070ce00000, 0x000000070ce00000| Untracked 
|  30|0x000000070d000000, 0x000000070d000000, 0x000000070d200000|  0%| F|  |TAMS 0x000000070d000000, 0x000000070d000000| Untracked 
|  31|0x000000070d200000, 0x000000070d200000, 0x000000070d400000|  0%| F|  |TAMS 0x000000070d200000, 0x000000070d200000| Untracked 
|  32|0x000000070d400000, 0x000000070d400000, 0x000000070d600000|  0%| F|  |TAMS 0x000000070d400000, 0x000000070d400000| Untracked 
|  33|0x000000070d600000, 0x000000070d600000, 0x000000070d800000|  0%| F|  |TAMS 0x000000070d600000, 0x000000070d600000| Untracked 
|  34|0x000000070d800000, 0x000000070d800000, 0x000000070da00000|  0%| F|  |TAMS 0x000000070d800000, 0x000000070d800000| Untracked 
|  35|0x000000070da00000, 0x000000070da00000, 0x000000070dc00000|  0%| F|  |TAMS 0x000000070da00000, 0x000000070da00000| Untracked 
|  36|0x000000070dc00000, 0x000000070dc00000, 0x000000070de00000|  0%| F|  |TAMS 0x000000070dc00000, 0x000000070dc00000| Untracked 
|  37|0x000000070de00000, 0x000000070de00000, 0x000000070e000000|  0%| F|  |TAMS 0x000000070de00000, 0x000000070de00000| Untracked 
|  38|0x000000070e000000, 0x000000070e000000, 0x000000070e200000|  0%| F|  |TAMS 0x000000070e000000, 0x000000070e000000| Untracked 
|  39|0x000000070e200000, 0x000000070e200000, 0x000000070e400000|  0%| F|  |TAMS 0x000000070e200000, 0x000000070e200000| Untracked 
|  40|0x000000070e400000, 0x000000070e400000, 0x000000070e600000|  0%| F|  |TAMS 0x000000070e400000, 0x000000070e400000| Untracked 
|  41|0x000000070e600000, 0x000000070e600000, 0x000000070e800000|  0%| F|  |TAMS 0x000000070e600000, 0x000000070e600000| Untracked 
|  42|0x000000070e800000, 0x000000070e800000, 0x000000070ea00000|  0%| F|  |TAMS 0x000000070e800000, 0x000000070e800000| Untracked 
|  43|0x000000070ea00000, 0x000000070ea00000, 0x000000070ec00000|  0%| F|  |TAMS 0x000000070ea00000, 0x000000070ea00000| Untracked 
|  44|0x000000070ec00000, 0x000000070ec00000, 0x000000070ee00000|  0%| F|  |TAMS 0x000000070ec00000, 0x000000070ec00000| Untracked 
|  45|0x000000070ee00000, 0x000000070ee00000, 0x000000070f000000|  0%| F|  |TAMS 0x000000070ee00000, 0x000000070ee00000| Untracked 
|  46|0x000000070f000000, 0x000000070f000000, 0x000000070f200000|  0%| F|  |TAMS 0x000000070f000000, 0x000000070f000000| Untracked 
|  47|0x000000070f200000, 0x000000070f200000, 0x000000070f400000|  0%| F|  |TAMS 0x000000070f200000, 0x000000070f200000| Untracked 
|  48|0x000000070f400000, 0x000000070f400000, 0x000000070f600000|  0%| F|  |TAMS 0x000000070f400000, 0x000000070f400000| Untracked 
|  49|0x000000070f600000, 0x000000070f600000, 0x000000070f800000|  0%| F|  |TAMS 0x000000070f600000, 0x000000070f600000| Untracked 
|  50|0x000000070f800000, 0x000000070f800000, 0x000000070fa00000|  0%| F|  |TAMS 0x000000070f800000, 0x000000070f800000| Untracked 
|  51|0x000000070fa00000, 0x000000070fa00000, 0x000000070fc00000|  0%| F|  |TAMS 0x000000070fa00000, 0x000000070fa00000| Untracked 
|  52|0x000000070fc00000, 0x000000070fc00000, 0x000000070fe00000|  0%| F|  |TAMS 0x000000070fc00000, 0x000000070fc00000| Untracked 
|  53|0x000000070fe00000, 0x000000070fe00000, 0x0000000710000000|  0%| F|  |TAMS 0x000000070fe00000, 0x000000070fe00000| Untracked 
|  54|0x0000000710000000, 0x0000000710000000, 0x0000000710200000|  0%| F|  |TAMS 0x0000000710000000, 0x0000000710000000| Untracked 
|  55|0x0000000710200000, 0x0000000710200000, 0x0000000710400000|  0%| F|  |TAMS 0x0000000710200000, 0x0000000710200000| Untracked 
|  56|0x0000000710400000, 0x0000000710400000, 0x0000000710600000|  0%| F|  |TAMS 0x0000000710400000, 0x0000000710400000| Untracked 
|  57|0x0000000710600000, 0x0000000710600000, 0x0000000710800000|  0%| F|  |TAMS 0x0000000710600000, 0x0000000710600000| Untracked 
|  58|0x0000000710800000, 0x0000000710800000, 0x0000000710a00000|  0%| F|  |TAMS 0x0000000710800000, 0x0000000710800000| Untracked 
|  59|0x0000000710a00000, 0x0000000710a00000, 0x0000000710c00000|  0%| F|  |TAMS 0x0000000710a00000, 0x0000000710a00000| Untracked 
|  60|0x0000000710c00000, 0x0000000710c00000, 0x0000000710e00000|  0%| F|  |TAMS 0x0000000710c00000, 0x0000000710c00000| Untracked 
|  61|0x0000000710e00000, 0x0000000710e00000, 0x0000000711000000|  0%| F|  |TAMS 0x0000000710e00000, 0x0000000710e00000| Untracked 
|  62|0x0000000711000000, 0x0000000711000000, 0x0000000711200000|  0%| F|  |TAMS 0x0000000711000000, 0x0000000711000000| Untracked 
|  63|0x0000000711200000, 0x0000000711200000, 0x0000000711400000|  0%| F|  |TAMS 0x0000000711200000, 0x0000000711200000| Untracked 
|  64|0x0000000711400000, 0x0000000711400000, 0x0000000711600000|  0%| F|  |TAMS 0x0000000711400000, 0x0000000711400000| Untracked 
|  65|0x0000000711600000, 0x0000000711600000, 0x0000000711800000|  0%| F|  |TAMS 0x0000000711600000, 0x0000000711600000| Untracked 
|  66|0x0000000711800000, 0x0000000711800000, 0x0000000711a00000|  0%| F|  |TAMS 0x0000000711800000, 0x0000000711800000| Untracked 
|  67|0x0000000711a00000, 0x0000000711a00000, 0x0000000711c00000|  0%| F|  |TAMS 0x0000000711a00000, 0x0000000711a00000| Untracked 
|  68|0x0000000711c00000, 0x0000000711c00000, 0x0000000711e00000|  0%| F|  |TAMS 0x0000000711c00000, 0x0000000711c00000| Untracked 
|  69|0x0000000711e00000, 0x0000000711e00000, 0x0000000712000000|  0%| F|  |TAMS 0x0000000711e00000, 0x0000000711e00000| Untracked 
|  70|0x0000000712000000, 0x0000000712000000, 0x0000000712200000|  0%| F|  |TAMS 0x0000000712000000, 0x0000000712000000| Untracked 
|  71|0x0000000712200000, 0x0000000712200000, 0x0000000712400000|  0%| F|  |TAMS 0x0000000712200000, 0x0000000712200000| Untracked 
|  72|0x0000000712400000, 0x0000000712400000, 0x0000000712600000|  0%| F|  |TAMS 0x0000000712400000, 0x0000000712400000| Untracked 
|  73|0x0000000712600000, 0x0000000712600000, 0x0000000712800000|  0%| F|  |TAMS 0x0000000712600000, 0x0000000712600000| Untracked 
|  74|0x0000000712800000, 0x0000000712800000, 0x0000000712a00000|  0%| F|  |TAMS 0x0000000712800000, 0x0000000712800000| Untracked 
|  75|0x0000000712a00000, 0x0000000712a00000, 0x0000000712c00000|  0%| F|  |TAMS 0x0000000712a00000, 0x0000000712a00000| Untracked 
|  76|0x0000000712c00000, 0x0000000712c00000, 0x0000000712e00000|  0%| F|  |TAMS 0x0000000712c00000, 0x0000000712c00000| Untracked 
|  77|0x0000000712e00000, 0x0000000712e00000, 0x0000000713000000|  0%| F|  |TAMS 0x0000000712e00000, 0x0000000712e00000| Untracked 
|  78|0x0000000713000000, 0x0000000713000000, 0x0000000713200000|  0%| F|  |TAMS 0x0000000713000000, 0x0000000713000000| Untracked 
|  79|0x0000000713200000, 0x0000000713200000, 0x0000000713400000|  0%| F|  |TAMS 0x0000000713200000, 0x0000000713200000| Untracked 
|  80|0x0000000713400000, 0x0000000713400000, 0x0000000713600000|  0%| F|  |TAMS 0x0000000713400000, 0x0000000713400000| Untracked 
|  81|0x0000000713600000, 0x0000000713600000, 0x0000000713800000|  0%| F|  |TAMS 0x0000000713600000, 0x0000000713600000| Untracked 
|  82|0x0000000713800000, 0x0000000713800000, 0x0000000713a00000|  0%| F|  |TAMS 0x0000000713800000, 0x0000000713800000| Untracked 
|  83|0x0000000713a00000, 0x0000000713a00000, 0x0000000713c00000|  0%| F|  |TAMS 0x0000000713a00000, 0x0000000713a00000| Untracked 
|  84|0x0000000713c00000, 0x0000000713c00000, 0x0000000713e00000|  0%| F|  |TAMS 0x0000000713c00000, 0x0000000713c00000| Untracked 
|  85|0x0000000713e00000, 0x0000000713e00000, 0x0000000714000000|  0%| F|  |TAMS 0x0000000713e00000, 0x0000000713e00000| Untracked 
|  86|0x0000000714000000, 0x0000000714000000, 0x0000000714200000|  0%| F|  |TAMS 0x0000000714000000, 0x0000000714000000| Untracked 
|  87|0x0000000714200000, 0x0000000714200000, 0x0000000714400000|  0%| F|  |TAMS 0x0000000714200000, 0x0000000714200000| Untracked 
|  88|0x0000000714400000, 0x0000000714400000, 0x0000000714600000|  0%| F|  |TAMS 0x0000000714400000, 0x0000000714400000| Untracked 
|  89|0x0000000714600000, 0x0000000714600000, 0x0000000714800000|  0%| F|  |TAMS 0x0000000714600000, 0x0000000714600000| Untracked 
|  90|0x0000000714800000, 0x0000000714800000, 0x0000000714a00000|  0%| F|  |TAMS 0x0000000714800000, 0x0000000714800000| Untracked 
|  91|0x0000000714a00000, 0x0000000714a00000, 0x0000000714c00000|  0%| F|  |TAMS 0x0000000714a00000, 0x0000000714a00000| Untracked 
|  92|0x0000000714c00000, 0x0000000714c00000, 0x0000000714e00000|  0%| F|  |TAMS 0x0000000714c00000, 0x0000000714c00000| Untracked 
|  93|0x0000000714e00000, 0x0000000714e00000, 0x0000000715000000|  0%| F|  |TAMS 0x0000000714e00000, 0x0000000714e00000| Untracked 
|  94|0x0000000715000000, 0x0000000715000000, 0x0000000715200000|  0%| F|  |TAMS 0x0000000715000000, 0x0000000715000000| Untracked 
|  95|0x0000000715200000, 0x0000000715200000, 0x0000000715400000|  0%| F|  |TAMS 0x0000000715200000, 0x0000000715200000| Untracked 
|  96|0x0000000715400000, 0x0000000715400000, 0x0000000715600000|  0%| F|  |TAMS 0x0000000715400000, 0x0000000715400000| Untracked 
|  97|0x0000000715600000, 0x0000000715600000, 0x0000000715800000|  0%| F|  |TAMS 0x0000000715600000, 0x0000000715600000| Untracked 
|  98|0x0000000715800000, 0x0000000715800000, 0x0000000715a00000|  0%| F|  |TAMS 0x0000000715800000, 0x0000000715800000| Untracked 
|  99|0x0000000715a00000, 0x0000000715a00000, 0x0000000715c00000|  0%| F|  |TAMS 0x0000000715a00000, 0x0000000715a00000| Untracked 
| 100|0x0000000715c00000, 0x0000000715c00000, 0x0000000715e00000|  0%| F|  |TAMS 0x0000000715c00000, 0x0000000715c00000| Untracked 
| 101|0x0000000715e00000, 0x0000000715e00000, 0x0000000716000000|  0%| F|  |TAMS 0x0000000715e00000, 0x0000000715e00000| Untracked 
| 102|0x0000000716000000, 0x0000000716000000, 0x0000000716200000|  0%| F|  |TAMS 0x0000000716000000, 0x0000000716000000| Untracked 
| 103|0x0000000716200000, 0x0000000716300800, 0x0000000716400000| 50%| E|  |TAMS 0x0000000716200000, 0x0000000716200000| Complete 
| 104|0x0000000716400000, 0x0000000716600000, 0x0000000716600000|100%| E|CS|TAMS 0x0000000716400000, 0x0000000716400000| Complete 
| 105|0x0000000716600000, 0x000000071665d4a0, 0x0000000716800000| 18%| S|CS|TAMS 0x0000000716600000, 0x0000000716600000| Complete 
| 106|0x0000000716800000, 0x0000000716a00000, 0x0000000716a00000|100%| S|CS|TAMS 0x0000000716800000, 0x0000000716800000| Complete 
| 107|0x0000000716a00000, 0x0000000716c00000, 0x0000000716c00000|100%| E|CS|TAMS 0x0000000716a00000, 0x0000000716a00000| Complete 
| 108|0x0000000716c00000, 0x0000000716e00000, 0x0000000716e00000|100%| E|CS|TAMS 0x0000000716c00000, 0x0000000716c00000| Complete 
| 109|0x0000000716e00000, 0x0000000717000000, 0x0000000717000000|100%| E|CS|TAMS 0x0000000716e00000, 0x0000000716e00000| Complete 
| 110|0x0000000717000000, 0x0000000717200000, 0x0000000717200000|100%| E|CS|TAMS 0x0000000717000000, 0x0000000717000000| Complete 
| 111|0x0000000717200000, 0x0000000717400000, 0x0000000717400000|100%| E|CS|TAMS 0x0000000717200000, 0x0000000717200000| Complete 
| 112|0x0000000717400000, 0x0000000717600000, 0x0000000717600000|100%| E|CS|TAMS 0x0000000717400000, 0x0000000717400000| Complete 
| 113|0x0000000717600000, 0x0000000717800000, 0x0000000717800000|100%| E|CS|TAMS 0x0000000717600000, 0x0000000717600000| Complete 
| 114|0x0000000717800000, 0x0000000717a00000, 0x0000000717a00000|100%| E|CS|TAMS 0x0000000717800000, 0x0000000717800000| Complete 
| 115|0x0000000717a00000, 0x0000000717c00000, 0x0000000717c00000|100%| E|CS|TAMS 0x0000000717a00000, 0x0000000717a00000| Complete 
| 116|0x0000000717c00000, 0x0000000717e00000, 0x0000000717e00000|100%| E|CS|TAMS 0x0000000717c00000, 0x0000000717c00000| Complete 
| 117|0x0000000717e00000, 0x0000000718000000, 0x0000000718000000|100%| E|CS|TAMS 0x0000000717e00000, 0x0000000717e00000| Complete 
| 118|0x0000000718000000, 0x0000000718200000, 0x0000000718200000|100%| E|CS|TAMS 0x0000000718000000, 0x0000000718000000| Complete 
| 119|0x0000000718200000, 0x0000000718400000, 0x0000000718400000|100%| E|CS|TAMS 0x0000000718200000, 0x0000000718200000| Complete 
| 120|0x0000000718400000, 0x0000000718600000, 0x0000000718600000|100%| E|CS|TAMS 0x0000000718400000, 0x0000000718400000| Complete 
| 121|0x0000000718600000, 0x0000000718800000, 0x0000000718800000|100%| E|CS|TAMS 0x0000000718600000, 0x0000000718600000| Complete 
| 122|0x0000000718800000, 0x0000000718a00000, 0x0000000718a00000|100%| E|CS|TAMS 0x0000000718800000, 0x0000000718800000| Complete 
| 123|0x0000000718a00000, 0x0000000718c00000, 0x0000000718c00000|100%| E|CS|TAMS 0x0000000718a00000, 0x0000000718a00000| Complete 

Card table byte_map: [0x0000020ec9740000,0x0000020ec9f00000] _byte_map_base: 0x0000020ec5ef6000

Marking Bits (Prev, Next): (CMBitMap*) 0x0000020eb1c5ee60, (CMBitMap*) 0x0000020eb1c5eea0
 Prev Bits: [0x0000020eca6c0000, 0x0000020ece470000)
 Next Bits: [0x0000020ece470000, 0x0000020ed2220000)

Polling page: 0x0000020eafa20000

Metaspace:

Usage:
  Non-class:     16.53 MB used.
      Class:      2.31 MB used.
       Both:     18.84 MB used.

Virtual space:
  Non-class space:       64.00 MB reserved,      16.69 MB ( 26%) committed,  1 nodes.
      Class space:        1.00 GB reserved,       2.50 MB ( <1%) committed,  1 nodes.
             Both:        1.06 GB reserved,      19.19 MB (  2%) committed. 

Chunk freelists:
   Non-Class:  14.40 MB
       Class:  13.55 MB
        Both:  27.96 MB

MaxMetaspaceSize: unlimited
CompressedClassSpaceSize: 1.00 GB
Initial GC threshold: 21.00 MB
Current GC threshold: 21.00 MB
CDS: on
MetaspaceReclaimPolicy: balanced
 - commit_granule_bytes: 65536.
 - commit_granule_words: 8192.
 - virtual_space_node_default_size: 8388608.
 - enlarge_chunks_in_place: 1.
 - new_chunks_are_fully_committed: 0.
 - uncommit_free_chunks: 1.
 - use_allocation_guard: 0.
 - handle_deallocations: 1.


Internal statistics:

num_allocs_failed_limit: 0.
num_arena_births: 250.
num_arena_deaths: 0.
num_vsnodes_births: 2.
num_vsnodes_deaths: 0.
num_space_committed: 307.
num_space_uncommitted: 0.
num_chunks_returned_to_freelist: 0.
num_chunks_taken_from_freelist: 895.
num_chunk_merges: 0.
num_chunk_splits: 624.
num_chunks_enlarged: 492.
num_inconsistent_stats: 0.

CodeHeap 'non-profiled nmethods': size=119168Kb used=1260Kb max_used=1260Kb free=117907Kb
 bounds [0x0000020ec1290000, 0x0000020ec1500000, 0x0000020ec86f0000]
CodeHeap 'profiled nmethods': size=119104Kb used=6288Kb max_used=6288Kb free=112815Kb
 bounds [0x0000020eb96f0000, 0x0000020eb9d20000, 0x0000020ec0b40000]
CodeHeap 'non-nmethods': size=7488Kb used=2894Kb max_used=2942Kb free=4593Kb
 bounds [0x0000020ec0b40000, 0x0000020ec0e30000, 0x0000020ec1290000]
 total_blobs=3526 nmethods=3020 adapters=415
 compilation: enabled
              stopped_count=0, restarted_count=0
 full_count=0

Compilation events (20 events):
Event: 2.002 Thread 0x0000020ed53297e0 3000       3       jdk.internal.reflect.Reflection::filter (163 bytes)
Event: 2.002 Thread 0x0000020ed5329d00 3001       3       org.springframework.beans.factory.support.DefaultListableBeanFactory::getBeanDefinition (57 bytes)
Event: 2.002 Thread 0x0000020f1b5c4040 nmethod 2999 0x0000020eb9d08490 code [0x0000020eb9d08640, 0x0000020eb9d08888]
Event: 2.002 Thread 0x0000020ed5329d00 nmethod 3001 0x0000020eb9d08990 code [0x0000020eb9d08ba0, 0x0000020eb9d09208]
Event: 2.002 Thread 0x0000020ed53297e0 nmethod 3000 0x0000020eb9d09410 code [0x0000020eb9d09680, 0x0000020eb9d0a448]
Event: 2.003 Thread 0x0000020ed5329d00 3002       3       java.lang.invoke.LambdaMetafactory::metafactory (71 bytes)
Event: 2.004 Thread 0x0000020ed521c080 3004       4       java.lang.invoke.MethodType::makeImpl (109 bytes)
Event: 2.004 Thread 0x0000020ed5329d00 nmethod 3002 0x0000020eb9d0a810 code [0x0000020eb9d0aaa0, 0x0000020eb9d0b5e8]
Event: 2.004 Thread 0x0000020ed53297e0 3005       3       java.util.Collections::unmodifiableSet (20 bytes)
Event: 2.004 Thread 0x0000020f1b5c4040 3006       3       java.util.Collections$UnmodifiableSet::<init> (6 bytes)
Event: 2.005 Thread 0x0000020ed5329d00 3008       3       org.springframework.core.AttributeAccessorSupport::getAttribute (17 bytes)
Event: 2.005 Thread 0x0000020ed5221a60 3007       3       org.springframework.beans.BeanMetadataAttributeAccessor::getAttribute (22 bytes)
Event: 2.005 Thread 0x0000020f1b5c4040 nmethod 3006 0x0000020eb9d0bb10 code [0x0000020eb9d0bcc0, 0x0000020eb9d0bfe8]
Event: 2.005 Thread 0x0000020ed53297e0 nmethod 3005 0x0000020eb9d0c110 code [0x0000020eb9d0c2e0, 0x0000020eb9d0c748]
Event: 2.005 Thread 0x0000020ed5221a60 nmethod 3007 0x0000020eb9d0c910 code [0x0000020eb9d0cb00, 0x0000020eb9d0d058]
Event: 2.005 Thread 0x0000020ed5329d00 nmethod 3008 0x0000020eb9d0d210 code [0x0000020eb9d0d3e0, 0x0000020eb9d0d738]
Event: 2.023 Thread 0x0000020ed53297e0 3009       3       java.lang.invoke.DelegatingMethodHandle::<init> (10 bytes)
Event: 2.023 Thread 0x0000020ed5221a60 3010       3       java.lang.invoke.DelegatingMethodHandle::chooseDelegatingForm (24 bytes)
Event: 2.023 Thread 0x0000020ed5221a60 nmethod 3010 0x0000020eb9d0d890 code [0x0000020eb9d0da40, 0x0000020eb9d0dd88]
Event: 2.023 Thread 0x0000020ed53297e0 nmethod 3009 0x0000020eb9d0de90 code [0x0000020eb9d0e060, 0x0000020eb9d0e438]

GC Heap History (4 events):
Event: 0.730 GC heap before
{Heap before GC invocations=0 (full 0):
 garbage-first heap   total 253952K, used 22528K [0x0000000709400000, 0x0000000800000000)
  region size 2048K, 11 young (22528K), 0 survivors (0K)
 Metaspace       used 6342K, committed 6528K, reserved 1114112K
  class space    used 750K, committed 832K, reserved 1048576K
}
Event: 0.734 GC heap after
{Heap after GC invocations=1 (full 0):
 garbage-first heap   total 253952K, used 4766K [0x0000000709400000, 0x0000000800000000)
  region size 2048K, 2 young (4096K), 2 survivors (4096K)
 Metaspace       used 6342K, committed 6528K, reserved 1114112K
  class space    used 750K, committed 832K, reserved 1048576K
}
Event: 1.226 GC heap before
{Heap before GC invocations=1 (full 0):
 garbage-first heap   total 253952K, used 33438K [0x0000000709400000, 0x0000000800000000)
  region size 2048K, 17 young (34816K), 2 survivors (4096K)
 Metaspace       used 13619K, committed 13824K, reserved 1114112K
  class space    used 1646K, committed 1728K, reserved 1048576K
}
Event: 1.232 GC heap after
{Heap after GC invocations=2 (full 0):
 garbage-first heap   total 253952K, used 7034K [0x0000000709400000, 0x0000000800000000)
  region size 2048K, 2 young (4096K), 2 survivors (4096K)
 Metaspace       used 13619K, committed 13824K, reserved 1114112K
  class space    used 1646K, committed 1728K, reserved 1048576K
}

Dll operation events (10 events):
Event: 0.008 Loaded shared library C:\Users\luchi\.jdks\corretto-17.0.9\bin\java.dll
Event: 0.029 Loaded shared library C:\Users\luchi\.jdks\corretto-17.0.9\bin\jsvml.dll
Event: 0.095 Loaded shared library C:\Users\luchi\.jdks\corretto-17.0.9\bin\zip.dll
Event: 0.098 Loaded shared library C:\Users\luchi\.jdks\corretto-17.0.9\bin\instrument.dll
Event: 0.105 Loaded shared library C:\Users\luchi\.jdks\corretto-17.0.9\bin\net.dll
Event: 0.108 Loaded shared library C:\Users\luchi\.jdks\corretto-17.0.9\bin\nio.dll
Event: 0.112 Loaded shared library C:\Users\luchi\.jdks\corretto-17.0.9\bin\zip.dll
Event: 0.167 Loaded shared library C:\Program Files\JetBrains\IntelliJ IDEA Community Edition 2023.1.1\bin\breakgen64.dll
Event: 0.209 Loaded shared library C:\Users\luchi\.jdks\corretto-17.0.9\bin\jimage.dll
Event: 1.353 Loaded shared library C:\Users\luchi\.jdks\corretto-17.0.9\bin\sunmscapi.dll

Deoptimization events (20 events):
Event: 1.721 Thread 0x0000020eb1bf4f40 Uncommon trap: trap_request=0xffffffde fr.pc=0x0000020ec129baac relative=0x00000000000001ac
Event: 1.721 Thread 0x0000020eb1bf4f40 Uncommon trap: reason=class_check action=maybe_recompile pc=0x0000020ec129baac method=java.lang.String.equals(Ljava/lang/Object;)Z @ 8 c2
Event: 1.721 Thread 0x0000020eb1bf4f40 DEOPT PACKING pc=0x0000020ec129baac sp=0x0000003d849fead0
Event: 1.721 Thread 0x0000020eb1bf4f40 DEOPT UNPACKING pc=0x0000020ec0b969a3 sp=0x0000003d849fea68 mode 2
Event: 1.722 Thread 0x0000020eb1bf4f40 Uncommon trap: trap_request=0xffffffde fr.pc=0x0000020ec13920a4 relative=0x0000000000000464
Event: 1.722 Thread 0x0000020eb1bf4f40 Uncommon trap: reason=class_check action=maybe_recompile pc=0x0000020ec13920a4 method=java.lang.String.equals(Ljava/lang/Object;)Z @ 8 c2
Event: 1.723 Thread 0x0000020eb1bf4f40 DEOPT PACKING pc=0x0000020ec13920a4 sp=0x0000003d849fe820
Event: 1.723 Thread 0x0000020eb1bf4f40 DEOPT UNPACKING pc=0x0000020ec0b969a3 sp=0x0000003d849fe6e8 mode 2
Event: 1.723 Thread 0x0000020eb1bf4f40 Uncommon trap: trap_request=0xffffff45 fr.pc=0x0000020ec139155c relative=0x00000000000001bc
Event: 1.723 Thread 0x0000020eb1bf4f40 Uncommon trap: reason=unstable_if action=reinterpret pc=0x0000020ec139155c method=org.springframework.core.annotation.MergedAnnotationsCollection.isMappingForType(Lorg/springframework/core/annotation/AnnotationTypeMapping;Ljava/lang/Object;)Z @ 13 c2
Event: 1.723 Thread 0x0000020eb1bf4f40 DEOPT PACKING pc=0x0000020ec139155c sp=0x0000003d849fe7a0
Event: 1.723 Thread 0x0000020eb1bf4f40 DEOPT UNPACKING pc=0x0000020ec0b969a3 sp=0x0000003d849fe740 mode 2
Event: 1.723 Thread 0x0000020eb1bf4f40 Uncommon trap: trap_request=0xffffffde fr.pc=0x0000020ec129baac relative=0x00000000000001ac
Event: 1.723 Thread 0x0000020eb1bf4f40 Uncommon trap: reason=class_check action=maybe_recompile pc=0x0000020ec129baac method=java.lang.String.equals(Ljava/lang/Object;)Z @ 8 c2
Event: 1.723 Thread 0x0000020eb1bf4f40 DEOPT PACKING pc=0x0000020ec129baac sp=0x0000003d849fe730
Event: 1.723 Thread 0x0000020eb1bf4f40 DEOPT UNPACKING pc=0x0000020ec0b969a3 sp=0x0000003d849fe6d8 mode 2
Event: 1.861 Thread 0x0000020eb1bf4f40 Uncommon trap: trap_request=0xffffff45 fr.pc=0x0000020ec130d2b4 relative=0x0000000000000114
Event: 1.861 Thread 0x0000020eb1bf4f40 Uncommon trap: reason=unstable_if action=reinterpret pc=0x0000020ec130d2b4 method=java.util.Arrays.equals([Ljava/lang/Object;[Ljava/lang/Object;)Z @ 44 c2
Event: 1.861 Thread 0x0000020eb1bf4f40 DEOPT PACKING pc=0x0000020ec130d2b4 sp=0x0000003d849fe120
Event: 1.861 Thread 0x0000020eb1bf4f40 DEOPT UNPACKING pc=0x0000020ec0b969a3 sp=0x0000003d849fe0c0 mode 2

Classes unloaded (0 events):
No events

Classes redefined (0 events):
No events

Internal exceptions (20 events):
Event: 0.871 Thread 0x0000020eb1bf4f40 Exception <a 'java/lang/NoSuchMethodError'{0x0000000718705ae8}: 'void java.lang.invoke.DirectMethodHandle$Holder.invokeStaticInit(java.lang.Object, java.lang.Object, java.lang.Object)'> (0x0000000718705ae8) 
thrown [s\src\hotspot\share\interpreter\linkResolver.cpp, line 759]
Event: 0.877 Thread 0x0000020eb1bf4f40 Exception <a 'java/lang/NoSuchMethodError'{0x0000000718721808}: 'java.lang.Object java.lang.invoke.DirectMethodHandle$Holder.invokeVirtual(java.lang.Object, java.lang.Object, java.lang.Object)'> (0x0000000718721808) 
thrown [s\src\hotspot\share\interpreter\linkResolver.cpp, line 759]
Event: 0.883 Thread 0x0000020eb1bf4f40 Exception <a 'java/lang/NoSuchMethodError'{0x0000000718746440}: 'java.lang.Object java.lang.invoke.DirectMethodHandle$Holder.invokeStatic(java.lang.Object, java.lang.Object, long, java.lang.Object)'> (0x0000000718746440) 
thrown [s\src\hotspot\share\interpreter\linkResolver.cpp, line 759]
Event: 0.883 Thread 0x0000020eb1bf4f40 Exception <a 'java/lang/NoSuchMethodError'{0x0000000718749ed8}: 'java.lang.Object java.lang.invoke.DirectMethodHandle$Holder.invokeStaticInit(java.lang.Object, java.lang.Object, long, java.lang.Object)'> (0x0000000718749ed8) 
thrown [s\src\hotspot\share\interpreter\linkResolver.cpp, line 759]
Event: 0.884 Thread 0x0000020eb1bf4f40 Exception <a 'java/lang/NoSuchMethodError'{0x0000000718750618}: 'java.lang.Object java.lang.invoke.DirectMethodHandle$Holder.newInvokeSpecial(java.lang.Object, java.lang.Object, long)'> (0x0000000718750618) 
thrown [s\src\hotspot\share\interpreter\linkResolver.cpp, line 759]
Event: 0.885 Thread 0x0000020eb1bf4f40 Exception <a 'java/lang/NoSuchMethodError'{0x0000000718754188}: 'java.lang.Object java.lang.invoke.Invokers$Holder.linkToTargetMethod(java.lang.Object, long, java.lang.Object)'> (0x0000000718754188) 
thrown [s\src\hotspot\share\interpreter\linkResolver.cpp, line 759]
Event: 0.902 Thread 0x0000020eb1bf4f40 Exception <a 'java/lang/NoSuchMethodError'{0x00000007187b0b78}: 'void java.lang.invoke.DirectMethodHandle$Holder.invokeVirtual(java.lang.Object, java.lang.Object, java.lang.Object, java.lang.Object)'> (0x00000007187b0b78) 
thrown [s\src\hotspot\share\interpreter\linkResolver.cpp, line 759]
Event: 0.946 Thread 0x0000020eb1bf4f40 Exception <a 'java/lang/NoSuchMethodError'{0x0000000718515ee8}: 'void java.lang.invoke.DirectMethodHandle$Holder.invokeSpecial(java.lang.Object, java.lang.Object, java.lang.Object)'> (0x0000000718515ee8) 
thrown [s\src\hotspot\share\interpreter\linkResolver.cpp, line 759]
Event: 0.954 Thread 0x0000020f1b365ef0 Exception <a 'java/lang/NoClassDefFoundError'{0x00000007185ce140}: jakarta/validation/Validation> (0x00000007185ce140) 
thrown [s\src\hotspot\share\classfile\systemDictionary.cpp, line 245]
Event: 0.956 Thread 0x0000020eb1bf4f40 Exception <a 'java/lang/IncompatibleClassChangeError'{0x0000000718548648}: Found class java.lang.Object, but interface was expected> (0x0000000718548648) 
thrown [s\src\hotspot\share\interpreter\linkResolver.cpp, line 826]
Event: 1.277 Thread 0x0000020f1b365ef0 Exception <a 'java/lang/NoSuchMethodError'{0x0000000718654788}: 'long java.lang.invoke.DirectMethodHandle$Holder.invokeSpecial(java.lang.Object, java.lang.Object)'> (0x0000000718654788) 
thrown [s\src\hotspot\share\interpreter\linkResolver.cpp, line 759]
Event: 1.279 Thread 0x0000020f1b365ef0 Exception <a 'java/lang/NoSuchMethodError'{0x000000071865f708}: 'long java.lang.invoke.DirectMethodHandle$Holder.invokeStatic(java.lang.Object, java.lang.Object)'> (0x000000071865f708) 
thrown [s\src\hotspot\share\interpreter\linkResolver.cpp, line 759]
Event: 1.279 Thread 0x0000020f1b365ef0 Exception <a 'java/lang/NoSuchMethodError'{0x0000000718662a60}: 'long java.lang.invoke.DirectMethodHandle$Holder.invokeStaticInit(java.lang.Object, java.lang.Object)'> (0x0000000718662a60) 
thrown [s\src\hotspot\share\interpreter\linkResolver.cpp, line 759]
Event: 1.283 Thread 0x0000020f1b365ef0 Exception <a 'java/lang/NoSuchMethodError'{0x0000000718670360}: 'long java.lang.invoke.DirectMethodHandle$Holder.invokeInterface(java.lang.Object, java.lang.Object)'> (0x0000000718670360) 
thrown [s\src\hotspot\share\interpreter\linkResolver.cpp, line 759]
Event: 1.284 Thread 0x0000020f1b365ef0 Exception <a 'java/lang/IncompatibleClassChangeError'{0x0000000718673648}: Found class java.lang.Object, but interface was expected> (0x0000000718673648) 
thrown [s\src\hotspot\share\interpreter\linkResolver.cpp, line 826]
Event: 1.292 Thread 0x0000020f1b365ef0 Exception <a 'java/lang/NoSuchMethodError'{0x000000071868c148}: 'java.lang.Object java.lang.invoke.DirectMethodHandle$Holder.invokeVirtual(java.lang.Object, java.lang.Object, java.lang.Object, java.lang.Object)'> (0x000000071868c148) 
thrown [s\src\hotspot\share\interpreter\linkResolver.cpp, line 759]
Event: 1.304 Thread 0x0000020eb1bf4f40 Exception <a 'sun/nio/fs/WindowsException'{0x000000071850d9c0}> (0x000000071850d9c0) 
thrown [s\src\hotspot\share\prims\jni.cpp, line 516]
Event: 1.305 Thread 0x0000020eb1bf4f40 Exception <a 'java/lang/NoSuchMethodError'{0x000000071850f4b8}: 'int java.lang.invoke.DirectMethodHandle$Holder.invokeSpecial(java.lang.Object, java.lang.Object, java.lang.Object, java.lang.Object, java.lang.Object)'> (0x000000071850f4b8) 
thrown [s\src\hotspot\share\interpreter\linkResolver.cpp, line 759]
Event: 1.307 Thread 0x0000020eb1bf4f40 Exception <a 'java/lang/NoSuchMethodError'{0x0000000718518488}: 'void java.lang.invoke.DirectMethodHandle$Holder.invokeVirtual(java.lang.Object, java.lang.Object)'> (0x0000000718518488) 
thrown [s\src\hotspot\share\interpreter\linkResolver.cpp, line 759]
Event: 1.452 Thread 0x0000020eb1bf4f40 Exception <a 'java/lang/IncompatibleClassChangeError'{0x0000000717c485e0}: Found class java.lang.Object, but interface was expected> (0x0000000717c485e0) 
thrown [s\src\hotspot\share\interpreter\linkResolver.cpp, line 826]

VM Operations (20 events):
Event: 0.943 Executing VM operation: HandshakeAllThreads
Event: 0.943 Executing VM operation: HandshakeAllThreads done
Event: 1.018 Executing VM operation: ICBufferFull
Event: 1.018 Executing VM operation: ICBufferFull done
Event: 1.070 Executing VM operation: HandshakeAllThreads
Event: 1.070 Executing VM operation: HandshakeAllThreads done
Event: 1.206 Executing VM operation: HandshakeAllThreads
Event: 1.206 Executing VM operation: HandshakeAllThreads done
Event: 1.226 Executing VM operation: G1CollectForAllocation
Event: 1.232 Executing VM operation: G1CollectForAllocation done
Event: 1.273 Executing VM operation: HandshakeAllThreads
Event: 1.273 Executing VM operation: HandshakeAllThreads done
Event: 1.339 Executing VM operation: HandshakeAllThreads
Event: 1.339 Executing VM operation: HandshakeAllThreads done
Event: 1.366 Executing VM operation: HandshakeAllThreads
Event: 1.366 Executing VM operation: HandshakeAllThreads done
Event: 1.597 Executing VM operation: ICBufferFull
Event: 1.597 Executing VM operation: ICBufferFull done
Event: 1.883 Executing VM operation: ICBufferFull
Event: 1.883 Executing VM operation: ICBufferFull done

Events (20 events):
Event: 1.373 loading class sun/security/ssl/SunJSSE done
Event: 1.374 loading class com/sun/crypto/provider/SunJCE
Event: 1.375 loading class com/sun/crypto/provider/SunJCE done
Event: 1.385 loading class sun/security/provider/certpath/ldap/JdkLDAP
Event: 1.386 loading class sun/security/provider/certpath/ldap/JdkLDAP done
Event: 1.387 loading class sun/security/provider/certpath/ldap/JdkLDAP$ProviderService
Event: 1.387 loading class javax/naming/ldap/LdapContext
Event: 1.387 loading class javax/naming/directory/DirContext
Event: 1.387 loading class sun/security/provider/certpath/ldap/JdkLDAP$ProviderService done
Event: 1.387 loading class javax/naming/directory/DirContext done
Event: 1.387 loading class com/sun/security/sasl/Provider
Event: 1.388 loading class com/sun/security/sasl/Provider done
Event: 1.388 loading class javax/naming/ldap/LdapContext done
Event: 1.388 loading class com/sun/security/sasl/Provider$1
Event: 1.388 loading class com/sun/security/sasl/Provider$1 done
Event: 1.389 loading class com/sun/security/sasl/Provider$ProviderService
Event: 1.389 loading class com/sun/security/sasl/Provider$ProviderService done
Event: 1.392 Thread 0x0000020f1b365ef0 Thread exited: 0x0000020f1b365ef0
Event: 1.393 Thread 0x0000020f1c354520 Thread added: 0x0000020f1c354520
Event: 1.404 Thread 0x0000020f1c360a70 Thread exited: 0x0000020f1c360a70


Dynamic libraries:
0x00007ff6c5420000 - 0x00007ff6c542e000 	C:\Users\luchi\.jdks\corretto-17.0.9\bin\java.exe
0x00007fff2abf0000 - 0x00007fff2ae07000 	C:\WINDOWS\SYSTEM32\ntdll.dll
0x00007fff29f70000 - 0x00007fff2a034000 	C:\WINDOWS\System32\KERNEL32.DLL
0x00007fff27f10000 - 0x00007fff282b7000 	C:\WINDOWS\System32\KERNELBASE.dll
0x00007fff28570000 - 0x00007fff28681000 	C:\WINDOWS\System32\ucrtbase.dll
0x00007fff15890000 - 0x00007fff158ab000 	C:\Users\luchi\.jdks\corretto-17.0.9\bin\VCRUNTIME140.dll
0x00007fff158b0000 - 0x00007fff158c7000 	C:\Users\luchi\.jdks\corretto-17.0.9\bin\jli.dll
0x00007fff298e0000 - 0x00007fff29a8e000 	C:\WINDOWS\System32\USER32.dll
0x00007fff28540000 - 0x00007fff28566000 	C:\WINDOWS\System32\win32u.dll
0x00007fff29470000 - 0x00007fff29499000 	C:\WINDOWS\System32\GDI32.dll
0x00007fff149a0000 - 0x00007fff14c33000 	C:\WINDOWS\WinSxS\amd64_microsoft.windows.common-controls_6595b64144ccf1df_6.0.22621.3527_none_270e469b73872a76\COMCTL32.dll
0x00007fff28800000 - 0x00007fff28919000 	C:\WINDOWS\System32\gdi32full.dll
0x00007fff2aa50000 - 0x00007fff2aaf7000 	C:\WINDOWS\System32\msvcrt.dll
0x00007fff28330000 - 0x00007fff283ca000 	C:\WINDOWS\System32\msvcp_win.dll
0x00007fff294e0000 - 0x00007fff29511000 	C:\WINDOWS\System32\IMM32.DLL
0x00007fff15da0000 - 0x00007fff15dac000 	C:\Users\luchi\.jdks\corretto-17.0.9\bin\vcruntime140_1.dll
0x00007ffee5290000 - 0x00007ffee531d000 	C:\Users\luchi\.jdks\corretto-17.0.9\bin\msvcp140.dll
0x00007ffe80f40000 - 0x00007ffe81ba1000 	C:\Users\luchi\.jdks\corretto-17.0.9\bin\server\jvm.dll
0x00007fff2a4e0000 - 0x00007fff2a592000 	C:\WINDOWS\System32\ADVAPI32.dll
0x00007fff28920000 - 0x00007fff289c8000 	C:\WINDOWS\System32\sechost.dll
0x00007fff283d0000 - 0x00007fff283f8000 	C:\WINDOWS\System32\bcrypt.dll
0x00007fff29740000 - 0x00007fff29855000 	C:\WINDOWS\System32\RPCRT4.dll
0x00007fff27800000 - 0x00007fff2784d000 	C:\WINDOWS\SYSTEM32\POWRPROF.dll
0x00007fff0ba80000 - 0x00007fff0ba89000 	C:\WINDOWS\SYSTEM32\WSOCK32.dll
0x00007fff20690000 - 0x00007fff206c4000 	C:\WINDOWS\SYSTEM32\WINMM.dll
0x00007fff20000000 - 0x00007fff2000a000 	C:\WINDOWS\SYSTEM32\VERSION.dll
0x00007fff2a5a0000 - 0x00007fff2a611000 	C:\WINDOWS\System32\WS2_32.dll
0x00007fff27780000 - 0x00007fff27793000 	C:\WINDOWS\SYSTEM32\UMPDC.dll
0x00007fff26f00000 - 0x00007fff26f18000 	C:\WINDOWS\SYSTEM32\kernel.appcore.dll
0x00007fff14670000 - 0x00007fff1467a000 	C:\Users\luchi\.jdks\corretto-17.0.9\bin\jimage.dll
0x00007fff1c780000 - 0x00007fff1c9b2000 	C:\WINDOWS\SYSTEM32\DBGHELP.DLL
0x00007fff2a140000 - 0x00007fff2a4c8000 	C:\WINDOWS\System32\combase.dll
0x00007fff289d0000 - 0x00007fff28aa7000 	C:\WINDOWS\System32\OLEAUT32.dll
0x00007fff1b7f0000 - 0x00007fff1b822000 	C:\WINDOWS\SYSTEM32\dbgcore.DLL
0x00007fff28400000 - 0x00007fff28479000 	C:\WINDOWS\System32\bcryptPrimitives.dll
0x00007fff23520000 - 0x00007fff2352e000 	C:\Users\luchi\.jdks\corretto-17.0.9\bin\instrument.dll
0x00007fff05fc0000 - 0x00007fff05fe5000 	C:\Users\luchi\.jdks\corretto-17.0.9\bin\java.dll
0x00007ffedfbc0000 - 0x00007ffedfc97000 	C:\Users\luchi\.jdks\corretto-17.0.9\bin\jsvml.dll
0x00007fff28ab0000 - 0x00007fff2930c000 	C:\WINDOWS\System32\SHELL32.dll
0x00007fff25e00000 - 0x00007fff266f6000 	C:\WINDOWS\SYSTEM32\windows.storage.dll
0x00007fff25cc0000 - 0x00007fff25dfe000 	C:\WINDOWS\SYSTEM32\wintypes.dll
0x00007fff2a040000 - 0x00007fff2a135000 	C:\WINDOWS\System32\SHCORE.dll
0x00007fff29520000 - 0x00007fff2957e000 	C:\WINDOWS\System32\shlwapi.dll
0x00007fff27e40000 - 0x00007fff27e61000 	C:\WINDOWS\SYSTEM32\profapi.dll
0x00007fff05e50000 - 0x00007fff05e68000 	C:\Users\luchi\.jdks\corretto-17.0.9\bin\zip.dll
0x00007fff11bf0000 - 0x00007fff11c09000 	C:\Users\luchi\.jdks\corretto-17.0.9\bin\net.dll
0x00007fff21eb0000 - 0x00007fff21fe6000 	C:\WINDOWS\SYSTEM32\WINHTTP.dll
0x00007fff273a0000 - 0x00007fff27409000 	C:\WINDOWS\system32\mswsock.dll
0x00007fff093d0000 - 0x00007fff093e6000 	C:\Users\luchi\.jdks\corretto-17.0.9\bin\nio.dll
0x00007fff22080000 - 0x00007fff2209a000 	C:\Program Files\JetBrains\IntelliJ IDEA Community Edition 2023.1.1\bin\breakgen64.dll
0x00007fff12180000 - 0x00007fff1218e000 	C:\Users\luchi\.jdks\corretto-17.0.9\bin\sunmscapi.dll
0x00007fff28690000 - 0x00007fff287f8000 	C:\WINDOWS\System32\CRYPT32.dll
0x00007fff27890000 - 0x00007fff278be000 	C:\WINDOWS\SYSTEM32\ncrypt.dll
0x00007fff27850000 - 0x00007fff27887000 	C:\WINDOWS\SYSTEM32\NTASN1.dll

dbghelp: loaded successfully - version: 4.0.5 - missing functions: none
symbol engine: initialized successfully - sym options: 0x614 - pdb path: .;C:\Users\luchi\.jdks\corretto-17.0.9\bin;C:\WINDOWS\SYSTEM32;C:\WINDOWS\WinSxS\amd64_microsoft.windows.common-controls_6595b64144ccf1df_6.0.22621.3527_none_270e469b73872a76;C:\Users\luchi\.jdks\corretto-17.0.9\bin\server;C:\Program Files\JetBrains\IntelliJ IDEA Community Edition 2023.1.1\bin

VM Arguments:
jvm_args: -javaagent:C:\Program Files\JetBrains\IntelliJ IDEA Community Edition 2023.1.1\lib\idea_rt.jar=49905:C:\Program Files\JetBrains\IntelliJ IDEA Community Edition 2023.1.1\bin -Dfile.encoding=UTF-8 
java_command: Backend_I.Clinica_Odontologica_PI.ClinicaOdontologicaPiApplication
java_class_path (initial): C:\DIGITAL_HOUSE\BIMESTRE 5\BACKEND I\Clinica-Odontologica-PI\Clinica-Odontologica-PI\target\classes;C:\Users\luchi\.m2\repository\org\springframework\boot\spring-boot-starter-thymeleaf\3.3.0\spring-boot-starter-thymeleaf-3.3.0.jar;C:\Users\luchi\.m2\repository\org\springframework\boot\spring-boot-starter\3.3.0\spring-boot-starter-3.3.0.jar;C:\Users\luchi\.m2\repository\org\springframework\boot\spring-boot\3.3.0\spring-boot-3.3.0.jar;C:\Users\luchi\.m2\repository\org\springframework\boot\spring-boot-autoconfigure\3.3.0\spring-boot-autoconfigure-3.3.0.jar;C:\Users\luchi\.m2\repository\org\springframework\boot\spring-boot-starter-logging\3.3.0\spring-boot-starter-logging-3.3.0.jar;C:\Users\luchi\.m2\repository\ch\qos\logback\logback-classic\1.5.6\logback-classic-1.5.6.jar;C:\Users\luchi\.m2\repository\ch\qos\logback\logback-core\1.5.6\logback-core-1.5.6.jar;C:\Users\luchi\.m2\repository\org\apache\logging\log4j\log4j-to-slf4j\2.23.1\log4j-to-slf4j-2.23.1.jar;C:\Users\luchi\.m2\repository\org\apache\logging\log4j\log4j-api\2.23.1\log4j-api-2.23.1.jar;C:\Users\luchi\.m2\repository\org\slf4j\jul-to-slf4j\2.0.13\jul-to-slf4j-2.0.13.jar;C:\Users\luchi\.m2\repository\jakarta\annotation\jakarta.annotation-api\2.1.1\jakarta.annotation-api-2.1.1.jar;C:\Users\luchi\.m2\repository\org\yaml\snakeyaml\2.2\snakeyaml-2.2.jar;C:\Users\luchi\.m2\repository\org\thymeleaf\thymeleaf-spring6\3.1.2.RELEASE\thymeleaf-spring6-3.1.2.RELEASE.jar;C:\Users\luchi\.m2\repository\org\thymeleaf\thymeleaf\3.1.2.RELEASE\thymeleaf-3.1.2.RELEASE.jar;C:\Users\luchi\.m2\repository\org\attoparser\attoparser\2.0.7.RELEASE\attoparser-2.0.7.RELEASE.jar;C:\Users\luchi\.m2\repository\org\unbescape\unbescape\1.1.6.RELEASE\unbescape-1.1.6.RELEASE.jar;C:\Users\luchi\.m2\repository\org\slf4j\slf4j-api\2.0.13\slf4j-api-2.0.13.jar;C:\Users\luchi\.m2\repository\org\springframework\boot\spring-boot-starter-web\3.3.0\spring-boot-starter-web-3.3.0.jar;C:\Users\luchi\.m2\repository\org\springf
Launcher Type: SUN_STANDARD

[Global flags]
     intx CICompilerCount                          = 12                                        {product} {ergonomic}
     uint ConcGCThreads                            = 3                                         {product} {ergonomic}
     uint G1ConcRefinementThreads                  = 13                                        {product} {ergonomic}
   size_t G1HeapRegionSize                         = 2097152                                   {product} {ergonomic}
    uintx GCDrainStackTargetSize                   = 64                                        {product} {ergonomic}
   size_t InitialHeapSize                          = 260046848                                 {product} {ergonomic}
   size_t MarkStackSize                            = 4194304                                   {product} {ergonomic}
   size_t MaxHeapSize                              = 4139778048                                {product} {ergonomic}
   size_t MaxNewSize                               = 2483027968                                {product} {ergonomic}
   size_t MinHeapDeltaBytes                        = 2097152                                   {product} {ergonomic}
   size_t MinHeapSize                              = 8388608                                   {product} {ergonomic}
    uintx NonNMethodCodeHeapSize                   = 7602480                                {pd product} {ergonomic}
    uintx NonProfiledCodeHeapSize                  = 122027880                              {pd product} {ergonomic}
    uintx ProfiledCodeHeapSize                     = 122027880                              {pd product} {ergonomic}
    uintx ReservedCodeCacheSize                    = 251658240                              {pd product} {ergonomic}
     bool SegmentedCodeCache                       = true                                      {product} {ergonomic}
   size_t SoftMaxHeapSize                          = 4139778048                             {manageable} {ergonomic}
     bool UseCompressedClassPointers               = true                           {product lp64_product} {ergonomic}
     bool UseCompressedOops                        = true                           {product lp64_product} {ergonomic}
     bool UseG1GC                                  = true                                      {product} {ergonomic}
     bool UseLargePagesIndividualAllocation        = false                                  {pd product} {ergonomic}

Logging:
Log output configuration:
 #0: stdout all=warning uptime,level,tags
 #1: stderr all=off uptime,level,tags

Environment Variables:
JAVA_HOME=C:\Program Files\Java\jdk-11.0.12
PATH=C:\Program Files\Common Files\Oracle\Java\javapath;C:\Program Files\Microsoft\jdk-11.0.20.8-hotspot\bin;C:\Program Files\Eclipse Adoptium\jdk-11.0.19.7-hotspot\bin;C:\Program Files\Eclipse Adoptium\jdk-8.0.372.7-hotspot\bin;C:\Program Files\Common Files\Siemens\Automation\Simatic OAM\bin;C:\Windows\system32;C:\Windows;C:\Windows\System32\Wbem;C:\Windows\System32\WindowsPowerShell\v1.0\;C:\Windows\System32\OpenSSH\;C:\Program Files (x86)\NVIDIA Corporation\PhysX\Common;C:\Program Files\NVIDIA Corporation\NVIDIA NvDLISR;C:\Program Files\Git\cmd;C:\Program Files\Java\jdk1.8.0_291\bin;C:\WINDOWS\system32;C:\Program Files (x86)\Microsoft SQL Server\160\DTS\Binn\;C:\Program Files\Azure Data Studio\bin;C:\Program Files\Microsoft SQL Server\Client SDK\ODBC\170\Tools\Binn\;C:\Program Files (x86)\Microsoft SQL Server\150\Tools\Binn\;C:\Program Files\Microsoft SQL Server\150\Tools\Binn\;C:\Program Files\Microsoft SQL Server\150\DTS\Binn\;C:\WINDOWS;C:\WINDOWS\System32\Wbem;C:\WINDOWS\System32\WindowsPowerShell\v1.0\;C:\WINDOWS\System32\OpenSSH\;C:\ProgramData\chocolatey\bin;C:\Users\luchi\AppData\Roaming\nvm;C:\Program Files\nodejs;C:\Program Files\Java\jdk-11.0.12\bin;;C:\Program Files\Docker\Docker\resources\bin;C:\Program Files\dotnet\;C:\Users\luchi\.pyenv\pyenv-win\bin;C:\Users\luchi\.pyenv\pyenv-win\shims;C:\Users\luchi\AppData\Local\Programs\Python\Python311\Scripts\;C:\Users\luchi\AppData\Local\Programs\Python\Python311\;C:\Users\luchi\AppData\Local\Microsoft\WindowsApps;C:\Users\luchi\AppData\Local\Programs\Microsoft VS Code\bin;C:\Users\luchi\AppData\Local\GitHubDesktop\bin;C:\Tools\Gradle\gradle-5.1-bin\gradle-5.1\bin;C:\Users\luchi\AppData\Roaming\npm;C:\Users\luchi\AppData\Local\Programs\oh-my-posh\bin;C:\Users\luchi\.dotnet\tools
USERNAME=luchi
OS=Windows_NT
PROCESSOR_IDENTIFIER=AMD64 Family 23 Model 96 Stepping 1, AuthenticAMD
TMP=C:\Users\luchi\AppData\Local\Temp
TEMP=C:\Users\luchi\AppData\Local\Temp



Periodic native trim disabled


---------------  S Y S T E M  ---------------

OS:
 Windows 11 , 64 bit Build 22621 (10.0.22621.3527)
OS uptime: 0 days 6:58 hours
Hyper-V role detected

CPU: total 16 (initial active 16) (16 cores per cpu, 2 threads per core) family 23 model 96 stepping 1 microcode 0x0, cx8, cmov, fxsr, ht, mmx, 3dnowpref, sse, sse2, sse3, ssse3, sse4a, sse4.1, sse4.2, popcnt, lzcnt, tsc, tscinvbit, avx, avx2, aes, clmul, bmi1, bmi2, adx, sha, fma, vzeroupper, clflush, clflushopt, hv
Processor Information for all 16 processors :
  Max Mhz: 2901, Current Mhz: 2901, Mhz Limit: 2901

Memory: 4k page, system-wide physical 15790M (5176M free)
TotalPageFile size 19886M (AvailPageFile size 5M)
current process WorkingSet (physical memory assigned to process): 144M, peak: 144M
current process commit charge ("private bytes"): 408M, peak: 408M

vm_info: OpenJDK 64-Bit Server VM (17.0.9+8-LTS) for windows-amd64 JRE (17.0.9+8-LTS), built on Oct 12 2023 16:15:33 by "Administrator" with MS VC++ 16.10 / 16.11 (VS2019)

END.
