#
# There is insufficient memory for the Java Runtime Environment to continue.
# Native memory allocation (malloc) failed to allocate 1506576 bytes for Chunk::new
# Possible reasons:
#   The system is out of physical RAM or swap space
#   The process is running with CompressedOops enabled, and the Java Heap may be blocking the growth of the native heap
# Possible solutions:
#   Reduce memory load on the system
#   Increase physical memory or swap space
#   Check if swap backing store is full
#   Decrease Java heap size (-Xmx/-Xms)
#   Decrease number of Java threads
#   Decrease Java thread stack sizes (-Xss)
#   Set larger code cache with -XX:ReservedCodeCacheSize=
#   JVM is running with Zero Based Compressed Oops mode in which the Java heap is
#     placed in the first 32GB address space. The Java Heap base address is the
#     maximum limit for the native heap growth. Please use -XX:HeapBaseMinAddress
#     to set the Java Heap base and to place the Java Heap above 32GB virtual address.
# This output file may be truncated or incomplete.
#
#  Out of Memory Error (arena.cpp:191), pid=23236, tid=5744
#
# JRE version: OpenJDK Runtime Environment Corretto-17.0.9.8.1 (17.0.9+8) (build 17.0.9+8-LTS)
# Java VM: OpenJDK 64-Bit Server VM Corretto-17.0.9.8.1 (17.0.9+8-LTS, mixed mode, sharing, tiered, compressed oops, compressed class ptrs, g1 gc, windows-amd64)
# No core dump will be written. Minidumps are not enabled by default on client versions of Windows
#

---------------  S U M M A R Y ------------

Command Line: -javaagent:C:\Program Files\JetBrains\IntelliJ IDEA Community Edition 2023.1.1\lib\idea_rt.jar=50088:C:\Program Files\JetBrains\IntelliJ IDEA Community Edition 2023.1.1\bin -Dfile.encoding=UTF-8 Backend_I.Clinica_Odontologica_PI.ClinicaOdontologicaPiApplication

Host: AMD Ryzen 7 4800H with Radeon Graphics         , 16 cores, 15G,  Windows 11 , 64 bit Build 22621 (10.0.22621.3527)
Time: Tue May 28 22:21:37 2024 Hora est. Pacífico, Sudamérica elapsed time: 2.619352 seconds (0d 0h 0m 2s)

---------------  T H R E A D  ---------------

Current thread (0x00000246fcb49260):  JavaThread "C2 CompilerThread3" daemon [_thread_in_native, id=5744, stack(0x0000009831d00000,0x0000009831e00000)]


Current CompileTask:
C2:   2619 2915   !   4       jdk.internal.loader.BuiltinClassLoader::loadClassOrNull (143 bytes)

Stack: [0x0000009831d00000,0x0000009831e00000]
Native frames: (J=compiled Java code, j=interpreted, Vv=VM code, C=native code)
V  [jvm.dll+0x67cb49]
V  [jvm.dll+0x8344da]
V  [jvm.dll+0x835f9e]
V  [jvm.dll+0x836603]
V  [jvm.dll+0x247b5f]
V  [jvm.dll+0xac43c]
V  [jvm.dll+0xaca8c]
V  [jvm.dll+0x366c32]
V  [jvm.dll+0x1bd426]
V  [jvm.dll+0x21a359]
V  [jvm.dll+0x219621]
V  [jvm.dll+0x1a56cd]
V  [jvm.dll+0x2293ee]
V  [jvm.dll+0x2275bc]
V  [jvm.dll+0x7e95a7]
V  [jvm.dll+0x7e396a]
V  [jvm.dll+0x67ba35]
C  [ucrtbase.dll+0x29333]
C  [KERNEL32.DLL+0x1257d]
C  [ntdll.dll+0x5aa48]


---------------  P R O C E S S  ---------------

Threads class SMR info:
_java_thread_list=0x00000246fd2c3520, length=20, elements={
0x0000024693135830, 0x00000246b62c7d70, 0x00000246b62c89f0, 0x00000246b62de8b0,
0x00000246b62df270, 0x00000246b62dfc30, 0x00000246b62e05f0, 0x00000246b62f4420,
0x00000246b62f4de0, 0x00000246b62f7ee0, 0x00000246b67d0810, 0x00000246b68b7000,
0x00000246b68b8350, 0x00000246b68b8b60, 0x00000246b690b220, 0x00000246b69633b0,
0x00000246b6963890, 0x00000246fcb49d00, 0x00000246fcb49260, 0x00000246fcb48d10
}

Java Threads: ( => current thread )
  0x0000024693135830 JavaThread "main" [_thread_in_Java, id=7424, stack(0x000000982f800000,0x000000982f900000)]
  0x00000246b62c7d70 JavaThread "Reference Handler" daemon [_thread_blocked, id=9276, stack(0x000000982ff00000,0x0000009830000000)]
  0x00000246b62c89f0 JavaThread "Finalizer" daemon [_thread_blocked, id=27964, stack(0x0000009830000000,0x0000009830100000)]
  0x00000246b62de8b0 JavaThread "Signal Dispatcher" daemon [_thread_blocked, id=25008, stack(0x0000009830100000,0x0000009830200000)]
  0x00000246b62df270 JavaThread "Attach Listener" daemon [_thread_blocked, id=21044, stack(0x0000009830200000,0x0000009830300000)]
  0x00000246b62dfc30 JavaThread "Service Thread" daemon [_thread_blocked, id=2992, stack(0x0000009830300000,0x0000009830400000)]
  0x00000246b62e05f0 JavaThread "Monitor Deflation Thread" daemon [_thread_blocked, id=13284, stack(0x0000009830400000,0x0000009830500000)]
  0x00000246b62f4420 JavaThread "C2 CompilerThread0" daemon [_thread_blocked, id=31764, stack(0x0000009830500000,0x0000009830600000)]
  0x00000246b62f4de0 JavaThread "C1 CompilerThread0" daemon [_thread_blocked, id=4576, stack(0x0000009830600000,0x0000009830700000)]
  0x00000246b62f7ee0 JavaThread "Sweeper thread" daemon [_thread_blocked, id=9936, stack(0x0000009830700000,0x0000009830800000)]
  0x00000246b67d0810 JavaThread "Common-Cleaner" daemon [_thread_blocked, id=29192, stack(0x0000009830800000,0x0000009830900000)]
  0x00000246b68b7000 JavaThread "C1 CompilerThread1" daemon [_thread_blocked, id=7256, stack(0x0000009830900000,0x0000009830a00000)]
  0x00000246b68b8350 JavaThread "C1 CompilerThread2" daemon [_thread_blocked, id=32484, stack(0x0000009830a00000,0x0000009830b00000)]
  0x00000246b68b8b60 JavaThread "C1 CompilerThread3" daemon [_thread_blocked, id=21252, stack(0x0000009830b00000,0x0000009830c00000)]
  0x00000246b690b220 JavaThread "C2 CompilerThread1" daemon [_thread_blocked, id=23752, stack(0x0000009830c00000,0x0000009830d00000)]
  0x00000246b69633b0 JavaThread "Monitor Ctrl-Break" daemon [_thread_in_native, id=31696, stack(0x0000009830d00000,0x0000009830e00000)]
  0x00000246b6963890 JavaThread "Notification Thread" daemon [_thread_blocked, id=4900, stack(0x0000009830e00000,0x0000009830f00000)]
  0x00000246fcb49d00 JavaThread "C2 CompilerThread2" daemon [_thread_in_native, id=10668, stack(0x0000009831b00000,0x0000009831c00000)]
=>0x00000246fcb49260 JavaThread "C2 CompilerThread3" daemon [_thread_in_native, id=5744, stack(0x0000009831d00000,0x0000009831e00000)]
  0x00000246fcb48d10 JavaThread "C2 CompilerThread4" daemon [_thread_blocked, id=31804, stack(0x0000009831e00000,0x0000009831f00000)]

Other Threads:
  0x00000246b62c3260 VMThread "VM Thread" [stack: 0x000000982fe00000,0x000000982ff00000] [id=20696]
  0x00000246b6a2b110 WatcherThread [stack: 0x0000009830f00000,0x0000009831000000] [id=23328]
  0x000002469319f130 GCTaskThread "GC Thread#0" [stack: 0x000000982f900000,0x000000982fa00000] [id=14016]
  0x00000246fc960d70 GCTaskThread "GC Thread#1" [stack: 0x0000009831000000,0x0000009831100000] [id=30364]
  0x00000246fc81a400 GCTaskThread "GC Thread#2" [stack: 0x0000009831100000,0x0000009831200000] [id=32712]
  0x00000246fc7a9030 GCTaskThread "GC Thread#3" [stack: 0x0000009831200000,0x0000009831300000] [id=26260]
  0x00000246fc7a92f0 GCTaskThread "GC Thread#4" [stack: 0x0000009831300000,0x0000009831400000] [id=3704]
  0x00000246fc981c00 GCTaskThread "GC Thread#5" [stack: 0x0000009831400000,0x0000009831500000] [id=20152]
  0x00000246fcff7170 GCTaskThread "GC Thread#6" [stack: 0x0000009831600000,0x0000009831700000] [id=29948]
  0x00000246fcf97020 GCTaskThread "GC Thread#7" [stack: 0x0000009831700000,0x0000009831800000] [id=14684]
  0x00000246fcff1a10 GCTaskThread "GC Thread#8" [stack: 0x0000009831800000,0x0000009831900000] [id=13432]
  0x00000246fd1f6ce0 GCTaskThread "GC Thread#9" [stack: 0x0000009831900000,0x0000009831a00000] [id=23876]
  0x00000246fcd013c0 GCTaskThread "GC Thread#10" [stack: 0x0000009831a00000,0x0000009831b00000] [id=12924]
  0x00000246931af640 ConcurrentGCThread "G1 Main Marker" [stack: 0x000000982fa00000,0x000000982fb00000] [id=12232]
  0x00000246931b0f70 ConcurrentGCThread "G1 Conc#0" [stack: 0x000000982fb00000,0x000000982fc00000] [id=24320]
  0x00000246b61fe0c0 ConcurrentGCThread "G1 Refine#0" [stack: 0x000000982fc00000,0x000000982fd00000] [id=24356]
  0x00000246b61fe900 ConcurrentGCThread "G1 Service" [stack: 0x000000982fd00000,0x000000982fe00000] [id=4044]

Threads with active compile tasks:
C2 CompilerThread2     2630 3000       4       java.lang.invoke.MethodType::makeImpl (109 bytes)
C2 CompilerThread3     2630 2915   !   4       jdk.internal.loader.BuiltinClassLoader::loadClassOrNull (143 bytes)

VM state: not at safepoint (normal execution)

VM Mutex/Monitor currently owned by a thread: None

Heap address: 0x0000000709400000, size: 3948 MB, Compressed Oops mode: Zero based, Oop shift amount: 3

CDS archive(s) mapped at: [0x00000246b7000000-0x00000246b7ba0000-0x00000246b7ba0000), size 12189696, SharedBaseAddress: 0x00000246b7000000, ArchiveRelocationMode: 1.
Compressed class space mapped at: 0x00000246b8000000-0x00000246f8000000, reserved size: 1073741824
Narrow klass base: 0x00000246b7000000, Narrow klass shift: 0, Narrow klass range: 0x100000000

GC Precious Log:
 CPUs: 16 total, 16 available
 Memory: 15790M
 Large Page Support: Disabled
 NUMA Support: Disabled
 Compressed Oops: Enabled (Zero based)
 Heap Region Size: 2M
 Heap Min Capacity: 8M
 Heap Initial Capacity: 248M
 Heap Max Capacity: 3948M
 Pre-touch: Disabled
 Parallel Workers: 13
 Concurrent Workers: 3
 Concurrent Refinement Workers: 13
 Periodic GC: Disabled

Heap:
 garbage-first heap   total 253952K, used 47966K [0x0000000709400000, 0x0000000800000000)
  region size 2048K, 23 young (47104K), 2 survivors (4096K)
 Metaspace       used 20266K, committed 20608K, reserved 1114112K
  class space    used 2497K, committed 2688K, reserved 1048576K

Heap Regions: E=young(eden), S=young(survivor), O=old, HS=humongous(starts), HC=humongous(continues), CS=collection set, F=free, OA=open archive, CA=closed archive, TAMS=top-at-mark-start (previous, next)
|   0|0x0000000709400000, 0x0000000709600000, 0x0000000709600000|100%| O|  |TAMS 0x0000000709400000, 0x0000000709400000| Untracked 
|   1|0x0000000709600000, 0x0000000709800000, 0x0000000709800000|100%| O|  |TAMS 0x0000000709600000, 0x0000000709600000| Untracked 
|   2|0x0000000709800000, 0x000000070986ec00, 0x0000000709a00000| 21%| O|  |TAMS 0x0000000709800000, 0x0000000709800000| Untracked 
|   3|0x0000000709a00000, 0x0000000709a00000, 0x0000000709c00000|  0%| F|  |TAMS 0x0000000709a00000, 0x0000000709a00000| Untracked 
|   4|0x0000000709c00000, 0x0000000709c00000, 0x0000000709e00000|  0%| F|  |TAMS 0x0000000709c00000, 0x0000000709c00000| Untracked 
|   5|0x0000000709e00000, 0x0000000709e00000, 0x000000070a000000|  0%| F|  |TAMS 0x0000000709e00000, 0x0000000709e00000| Untracked 
|   6|0x000000070a000000, 0x000000070a000000, 0x000000070a200000|  0%| F|  |TAMS 0x000000070a000000, 0x000000070a000000| Untracked 
|   7|0x000000070a200000, 0x000000070a200000, 0x000000070a400000|  0%| F|  |TAMS 0x000000070a200000, 0x000000070a200000| Untracked 
|   8|0x000000070a400000, 0x000000070a400000, 0x000000070a600000|  0%| F|  |TAMS 0x000000070a400000, 0x000000070a400000| Untracked 
|   9|0x000000070a600000, 0x000000070a600000, 0x000000070a800000|  0%| F|  |TAMS 0x000000070a600000, 0x000000070a600000| Untracked 
|  10|0x000000070a800000, 0x000000070a800000, 0x000000070aa00000|  0%| F|  |TAMS 0x000000070a800000, 0x000000070a800000| Untracked 
|  11|0x000000070aa00000, 0x000000070aa00000, 0x000000070ac00000|  0%| F|  |TAMS 0x000000070aa00000, 0x000000070aa00000| Untracked 
|  12|0x000000070ac00000, 0x000000070ac00000, 0x000000070ae00000|  0%| F|  |TAMS 0x000000070ac00000, 0x000000070ac00000| Untracked 
|  13|0x000000070ae00000, 0x000000070ae00000, 0x000000070b000000|  0%| F|  |TAMS 0x000000070ae00000, 0x000000070ae00000| Untracked 
|  14|0x000000070b000000, 0x000000070b000000, 0x000000070b200000|  0%| F|  |TAMS 0x000000070b000000, 0x000000070b000000| Untracked 
|  15|0x000000070b200000, 0x000000070b200000, 0x000000070b400000|  0%| F|  |TAMS 0x000000070b200000, 0x000000070b200000| Untracked 
|  16|0x000000070b400000, 0x000000070b400000, 0x000000070b600000|  0%| F|  |TAMS 0x000000070b400000, 0x000000070b400000| Untracked 
|  17|0x000000070b600000, 0x000000070b600000, 0x000000070b800000|  0%| F|  |TAMS 0x000000070b600000, 0x000000070b600000| Untracked 
|  18|0x000000070b800000, 0x000000070b800000, 0x000000070ba00000|  0%| F|  |TAMS 0x000000070b800000, 0x000000070b800000| Untracked 
|  19|0x000000070ba00000, 0x000000070ba00000, 0x000000070bc00000|  0%| F|  |TAMS 0x000000070ba00000, 0x000000070ba00000| Untracked 
|  20|0x000000070bc00000, 0x000000070bc00000, 0x000000070be00000|  0%| F|  |TAMS 0x000000070bc00000, 0x000000070bc00000| Untracked 
|  21|0x000000070be00000, 0x000000070be00000, 0x000000070c000000|  0%| F|  |TAMS 0x000000070be00000, 0x000000070be00000| Untracked 
|  22|0x000000070c000000, 0x000000070c000000, 0x000000070c200000|  0%| F|  |TAMS 0x000000070c000000, 0x000000070c000000| Untracked 
|  23|0x000000070c200000, 0x000000070c200000, 0x000000070c400000|  0%| F|  |TAMS 0x000000070c200000, 0x000000070c200000| Untracked 
|  24|0x000000070c400000, 0x000000070c400000, 0x000000070c600000|  0%| F|  |TAMS 0x000000070c400000, 0x000000070c400000| Untracked 
|  25|0x000000070c600000, 0x000000070c600000, 0x000000070c800000|  0%| F|  |TAMS 0x000000070c600000, 0x000000070c600000| Untracked 
|  26|0x000000070c800000, 0x000000070c800000, 0x000000070ca00000|  0%| F|  |TAMS 0x000000070c800000, 0x000000070c800000| Untracked 
|  27|0x000000070ca00000, 0x000000070ca00000, 0x000000070cc00000|  0%| F|  |TAMS 0x000000070ca00000, 0x000000070ca00000| Untracked 
|  28|0x000000070cc00000, 0x000000070cc00000, 0x000000070ce00000|  0%| F|  |TAMS 0x000000070cc00000, 0x000000070cc00000| Untracked 
|  29|0x000000070ce00000, 0x000000070ce00000, 0x000000070d000000|  0%| F|  |TAMS 0x000000070ce00000, 0x000000070ce00000| Untracked 
|  30|0x000000070d000000, 0x000000070d000000, 0x000000070d200000|  0%| F|  |TAMS 0x000000070d000000, 0x000000070d000000| Untracked 
|  31|0x000000070d200000, 0x000000070d200000, 0x000000070d400000|  0%| F|  |TAMS 0x000000070d200000, 0x000000070d200000| Untracked 
|  32|0x000000070d400000, 0x000000070d400000, 0x000000070d600000|  0%| F|  |TAMS 0x000000070d400000, 0x000000070d400000| Untracked 
|  33|0x000000070d600000, 0x000000070d600000, 0x000000070d800000|  0%| F|  |TAMS 0x000000070d600000, 0x000000070d600000| Untracked 
|  34|0x000000070d800000, 0x000000070d800000, 0x000000070da00000|  0%| F|  |TAMS 0x000000070d800000, 0x000000070d800000| Untracked 
|  35|0x000000070da00000, 0x000000070da00000, 0x000000070dc00000|  0%| F|  |TAMS 0x000000070da00000, 0x000000070da00000| Untracked 
|  36|0x000000070dc00000, 0x000000070dc00000, 0x000000070de00000|  0%| F|  |TAMS 0x000000070dc00000, 0x000000070dc00000| Untracked 
|  37|0x000000070de00000, 0x000000070de00000, 0x000000070e000000|  0%| F|  |TAMS 0x000000070de00000, 0x000000070de00000| Untracked 
|  38|0x000000070e000000, 0x000000070e000000, 0x000000070e200000|  0%| F|  |TAMS 0x000000070e000000, 0x000000070e000000| Untracked 
|  39|0x000000070e200000, 0x000000070e200000, 0x000000070e400000|  0%| F|  |TAMS 0x000000070e200000, 0x000000070e200000| Untracked 
|  40|0x000000070e400000, 0x000000070e400000, 0x000000070e600000|  0%| F|  |TAMS 0x000000070e400000, 0x000000070e400000| Untracked 
|  41|0x000000070e600000, 0x000000070e600000, 0x000000070e800000|  0%| F|  |TAMS 0x000000070e600000, 0x000000070e600000| Untracked 
|  42|0x000000070e800000, 0x000000070e800000, 0x000000070ea00000|  0%| F|  |TAMS 0x000000070e800000, 0x000000070e800000| Untracked 
|  43|0x000000070ea00000, 0x000000070ea00000, 0x000000070ec00000|  0%| F|  |TAMS 0x000000070ea00000, 0x000000070ea00000| Untracked 
|  44|0x000000070ec00000, 0x000000070ec00000, 0x000000070ee00000|  0%| F|  |TAMS 0x000000070ec00000, 0x000000070ec00000| Untracked 
|  45|0x000000070ee00000, 0x000000070ee00000, 0x000000070f000000|  0%| F|  |TAMS 0x000000070ee00000, 0x000000070ee00000| Untracked 
|  46|0x000000070f000000, 0x000000070f000000, 0x000000070f200000|  0%| F|  |TAMS 0x000000070f000000, 0x000000070f000000| Untracked 
|  47|0x000000070f200000, 0x000000070f200000, 0x000000070f400000|  0%| F|  |TAMS 0x000000070f200000, 0x000000070f200000| Untracked 
|  48|0x000000070f400000, 0x000000070f400000, 0x000000070f600000|  0%| F|  |TAMS 0x000000070f400000, 0x000000070f400000| Untracked 
|  49|0x000000070f600000, 0x000000070f600000, 0x000000070f800000|  0%| F|  |TAMS 0x000000070f600000, 0x000000070f600000| Untracked 
|  50|0x000000070f800000, 0x000000070f800000, 0x000000070fa00000|  0%| F|  |TAMS 0x000000070f800000, 0x000000070f800000| Untracked 
|  51|0x000000070fa00000, 0x000000070fa00000, 0x000000070fc00000|  0%| F|  |TAMS 0x000000070fa00000, 0x000000070fa00000| Untracked 
|  52|0x000000070fc00000, 0x000000070fc00000, 0x000000070fe00000|  0%| F|  |TAMS 0x000000070fc00000, 0x000000070fc00000| Untracked 
|  53|0x000000070fe00000, 0x000000070fe00000, 0x0000000710000000|  0%| F|  |TAMS 0x000000070fe00000, 0x000000070fe00000| Untracked 
|  54|0x0000000710000000, 0x0000000710000000, 0x0000000710200000|  0%| F|  |TAMS 0x0000000710000000, 0x0000000710000000| Untracked 
|  55|0x0000000710200000, 0x0000000710200000, 0x0000000710400000|  0%| F|  |TAMS 0x0000000710200000, 0x0000000710200000| Untracked 
|  56|0x0000000710400000, 0x0000000710400000, 0x0000000710600000|  0%| F|  |TAMS 0x0000000710400000, 0x0000000710400000| Untracked 
|  57|0x0000000710600000, 0x0000000710600000, 0x0000000710800000|  0%| F|  |TAMS 0x0000000710600000, 0x0000000710600000| Untracked 
|  58|0x0000000710800000, 0x0000000710800000, 0x0000000710a00000|  0%| F|  |TAMS 0x0000000710800000, 0x0000000710800000| Untracked 
|  59|0x0000000710a00000, 0x0000000710a00000, 0x0000000710c00000|  0%| F|  |TAMS 0x0000000710a00000, 0x0000000710a00000| Untracked 
|  60|0x0000000710c00000, 0x0000000710c00000, 0x0000000710e00000|  0%| F|  |TAMS 0x0000000710c00000, 0x0000000710c00000| Untracked 
|  61|0x0000000710e00000, 0x0000000710e00000, 0x0000000711000000|  0%| F|  |TAMS 0x0000000710e00000, 0x0000000710e00000| Untracked 
|  62|0x0000000711000000, 0x0000000711000000, 0x0000000711200000|  0%| F|  |TAMS 0x0000000711000000, 0x0000000711000000| Untracked 
|  63|0x0000000711200000, 0x0000000711200000, 0x0000000711400000|  0%| F|  |TAMS 0x0000000711200000, 0x0000000711200000| Untracked 
|  64|0x0000000711400000, 0x0000000711400000, 0x0000000711600000|  0%| F|  |TAMS 0x0000000711400000, 0x0000000711400000| Untracked 
|  65|0x0000000711600000, 0x0000000711600000, 0x0000000711800000|  0%| F|  |TAMS 0x0000000711600000, 0x0000000711600000| Untracked 
|  66|0x0000000711800000, 0x0000000711800000, 0x0000000711a00000|  0%| F|  |TAMS 0x0000000711800000, 0x0000000711800000| Untracked 
|  67|0x0000000711a00000, 0x0000000711a00000, 0x0000000711c00000|  0%| F|  |TAMS 0x0000000711a00000, 0x0000000711a00000| Untracked 
|  68|0x0000000711c00000, 0x0000000711c00000, 0x0000000711e00000|  0%| F|  |TAMS 0x0000000711c00000, 0x0000000711c00000| Untracked 
|  69|0x0000000711e00000, 0x0000000711e00000, 0x0000000712000000|  0%| F|  |TAMS 0x0000000711e00000, 0x0000000711e00000| Untracked 
|  70|0x0000000712000000, 0x0000000712000000, 0x0000000712200000|  0%| F|  |TAMS 0x0000000712000000, 0x0000000712000000| Untracked 
|  71|0x0000000712200000, 0x0000000712200000, 0x0000000712400000|  0%| F|  |TAMS 0x0000000712200000, 0x0000000712200000| Untracked 
|  72|0x0000000712400000, 0x0000000712400000, 0x0000000712600000|  0%| F|  |TAMS 0x0000000712400000, 0x0000000712400000| Untracked 
|  73|0x0000000712600000, 0x0000000712600000, 0x0000000712800000|  0%| F|  |TAMS 0x0000000712600000, 0x0000000712600000| Untracked 
|  74|0x0000000712800000, 0x0000000712800000, 0x0000000712a00000|  0%| F|  |TAMS 0x0000000712800000, 0x0000000712800000| Untracked 
|  75|0x0000000712a00000, 0x0000000712a00000, 0x0000000712c00000|  0%| F|  |TAMS 0x0000000712a00000, 0x0000000712a00000| Untracked 
|  76|0x0000000712c00000, 0x0000000712c00000, 0x0000000712e00000|  0%| F|  |TAMS 0x0000000712c00000, 0x0000000712c00000| Untracked 
|  77|0x0000000712e00000, 0x0000000712e00000, 0x0000000713000000|  0%| F|  |TAMS 0x0000000712e00000, 0x0000000712e00000| Untracked 
|  78|0x0000000713000000, 0x0000000713000000, 0x0000000713200000|  0%| F|  |TAMS 0x0000000713000000, 0x0000000713000000| Untracked 
|  79|0x0000000713200000, 0x0000000713200000, 0x0000000713400000|  0%| F|  |TAMS 0x0000000713200000, 0x0000000713200000| Untracked 
|  80|0x0000000713400000, 0x0000000713400000, 0x0000000713600000|  0%| F|  |TAMS 0x0000000713400000, 0x0000000713400000| Untracked 
|  81|0x0000000713600000, 0x0000000713600000, 0x0000000713800000|  0%| F|  |TAMS 0x0000000713600000, 0x0000000713600000| Untracked 
|  82|0x0000000713800000, 0x0000000713800000, 0x0000000713a00000|  0%| F|  |TAMS 0x0000000713800000, 0x0000000713800000| Untracked 
|  83|0x0000000713a00000, 0x0000000713a00000, 0x0000000713c00000|  0%| F|  |TAMS 0x0000000713a00000, 0x0000000713a00000| Untracked 
|  84|0x0000000713c00000, 0x0000000713c00000, 0x0000000713e00000|  0%| F|  |TAMS 0x0000000713c00000, 0x0000000713c00000| Untracked 
|  85|0x0000000713e00000, 0x0000000713e00000, 0x0000000714000000|  0%| F|  |TAMS 0x0000000713e00000, 0x0000000713e00000| Untracked 
|  86|0x0000000714000000, 0x0000000714000000, 0x0000000714200000|  0%| F|  |TAMS 0x0000000714000000, 0x0000000714000000| Untracked 
|  87|0x0000000714200000, 0x0000000714200000, 0x0000000714400000|  0%| F|  |TAMS 0x0000000714200000, 0x0000000714200000| Untracked 
|  88|0x0000000714400000, 0x0000000714400000, 0x0000000714600000|  0%| F|  |TAMS 0x0000000714400000, 0x0000000714400000| Untracked 
|  89|0x0000000714600000, 0x0000000714600000, 0x0000000714800000|  0%| F|  |TAMS 0x0000000714600000, 0x0000000714600000| Untracked 
|  90|0x0000000714800000, 0x0000000714800000, 0x0000000714a00000|  0%| F|  |TAMS 0x0000000714800000, 0x0000000714800000| Untracked 
|  91|0x0000000714a00000, 0x0000000714a00000, 0x0000000714c00000|  0%| F|  |TAMS 0x0000000714a00000, 0x0000000714a00000| Untracked 
|  92|0x0000000714c00000, 0x0000000714c00000, 0x0000000714e00000|  0%| F|  |TAMS 0x0000000714c00000, 0x0000000714c00000| Untracked 
|  93|0x0000000714e00000, 0x0000000714e00000, 0x0000000715000000|  0%| F|  |TAMS 0x0000000714e00000, 0x0000000714e00000| Untracked 
|  94|0x0000000715000000, 0x0000000715000000, 0x0000000715200000|  0%| F|  |TAMS 0x0000000715000000, 0x0000000715000000| Untracked 
|  95|0x0000000715200000, 0x0000000715200000, 0x0000000715400000|  0%| F|  |TAMS 0x0000000715200000, 0x0000000715200000| Untracked 
|  96|0x0000000715400000, 0x0000000715400000, 0x0000000715600000|  0%| F|  |TAMS 0x0000000715400000, 0x0000000715400000| Untracked 
|  97|0x0000000715600000, 0x0000000715600000, 0x0000000715800000|  0%| F|  |TAMS 0x0000000715600000, 0x0000000715600000| Untracked 
|  98|0x0000000715800000, 0x0000000715800000, 0x0000000715a00000|  0%| F|  |TAMS 0x0000000715800000, 0x0000000715800000| Untracked 
|  99|0x0000000715a00000, 0x0000000715a00000, 0x0000000715c00000|  0%| F|  |TAMS 0x0000000715a00000, 0x0000000715a00000| Untracked 
| 100|0x0000000715c00000, 0x0000000715c00000, 0x0000000715e00000|  0%| F|  |TAMS 0x0000000715c00000, 0x0000000715c00000| Untracked 
| 101|0x0000000715e00000, 0x0000000715f00800, 0x0000000716000000| 50%| E|  |TAMS 0x0000000715e00000, 0x0000000715e00000| Complete 
| 102|0x0000000716000000, 0x0000000716200000, 0x0000000716200000|100%| E|CS|TAMS 0x0000000716000000, 0x0000000716000000| Complete 
| 103|0x0000000716200000, 0x0000000716400000, 0x0000000716400000|100%| E|CS|TAMS 0x0000000716200000, 0x0000000716200000| Complete 
| 104|0x0000000716400000, 0x0000000716600000, 0x0000000716600000|100%| E|CS|TAMS 0x0000000716400000, 0x0000000716400000| Complete 
| 105|0x0000000716600000, 0x0000000716668f00, 0x0000000716800000| 20%| S|CS|TAMS 0x0000000716600000, 0x0000000716600000| Complete 
| 106|0x0000000716800000, 0x0000000716a00000, 0x0000000716a00000|100%| S|CS|TAMS 0x0000000716800000, 0x0000000716800000| Complete 
| 107|0x0000000716a00000, 0x0000000716c00000, 0x0000000716c00000|100%| E|CS|TAMS 0x0000000716a00000, 0x0000000716a00000| Complete 
| 108|0x0000000716c00000, 0x0000000716e00000, 0x0000000716e00000|100%| E|CS|TAMS 0x0000000716c00000, 0x0000000716c00000| Complete 
| 109|0x0000000716e00000, 0x0000000717000000, 0x0000000717000000|100%| E|CS|TAMS 0x0000000716e00000, 0x0000000716e00000| Complete 
| 110|0x0000000717000000, 0x0000000717200000, 0x0000000717200000|100%| E|CS|TAMS 0x0000000717000000, 0x0000000717000000| Complete 
| 111|0x0000000717200000, 0x0000000717400000, 0x0000000717400000|100%| E|CS|TAMS 0x0000000717200000, 0x0000000717200000| Complete 
| 112|0x0000000717400000, 0x0000000717600000, 0x0000000717600000|100%| E|CS|TAMS 0x0000000717400000, 0x0000000717400000| Complete 
| 113|0x0000000717600000, 0x0000000717800000, 0x0000000717800000|100%| E|CS|TAMS 0x0000000717600000, 0x0000000717600000| Complete 
| 114|0x0000000717800000, 0x0000000717a00000, 0x0000000717a00000|100%| E|CS|TAMS 0x0000000717800000, 0x0000000717800000| Complete 
| 115|0x0000000717a00000, 0x0000000717c00000, 0x0000000717c00000|100%| E|CS|TAMS 0x0000000717a00000, 0x0000000717a00000| Complete 
| 116|0x0000000717c00000, 0x0000000717e00000, 0x0000000717e00000|100%| E|CS|TAMS 0x0000000717c00000, 0x0000000717c00000| Complete 
| 117|0x0000000717e00000, 0x0000000718000000, 0x0000000718000000|100%| E|CS|TAMS 0x0000000717e00000, 0x0000000717e00000| Complete 
| 118|0x0000000718000000, 0x0000000718200000, 0x0000000718200000|100%| E|CS|TAMS 0x0000000718000000, 0x0000000718000000| Complete 
| 119|0x0000000718200000, 0x0000000718400000, 0x0000000718400000|100%| E|CS|TAMS 0x0000000718200000, 0x0000000718200000| Complete 
| 120|0x0000000718400000, 0x0000000718600000, 0x0000000718600000|100%| E|CS|TAMS 0x0000000718400000, 0x0000000718400000| Complete 
| 121|0x0000000718600000, 0x0000000718800000, 0x0000000718800000|100%| E|CS|TAMS 0x0000000718600000, 0x0000000718600000| Complete 
| 122|0x0000000718800000, 0x0000000718a00000, 0x0000000718a00000|100%| E|CS|TAMS 0x0000000718800000, 0x0000000718800000| Complete 
| 123|0x0000000718a00000, 0x0000000718c00000, 0x0000000718c00000|100%| E|CS|TAMS 0x0000000718a00000, 0x0000000718a00000| Complete 

Card table byte_map: [0x00000246aac90000,0x00000246ab450000] _byte_map_base: 0x00000246a7446000

Marking Bits (Prev, Next): (CMBitMap*) 0x000002469319f650, (CMBitMap*) 0x000002469319f690
 Prev Bits: [0x00000246abc10000, 0x00000246af9c0000)
 Next Bits: [0x00000246af9c0000, 0x00000246b3770000)

Polling page: 0x0000024691090000

Metaspace:

Usage:
  Non-class:     17.36 MB used.
      Class:      2.44 MB used.
       Both:     19.80 MB used.

Virtual space:
  Non-class space:       64.00 MB reserved,      17.50 MB ( 27%) committed,  1 nodes.
      Class space:        1.00 GB reserved,       2.62 MB ( <1%) committed,  1 nodes.
             Both:        1.06 GB reserved,      20.12 MB (  2%) committed. 

Chunk freelists:
   Non-Class:  14.45 MB
       Class:  13.41 MB
        Both:  27.86 MB

MaxMetaspaceSize: unlimited
CompressedClassSpaceSize: 1.00 GB
Initial GC threshold: 21.00 MB
Current GC threshold: 21.00 MB
CDS: on
MetaspaceReclaimPolicy: balanced
 - commit_granule_bytes: 65536.
 - commit_granule_words: 8192.
 - virtual_space_node_default_size: 8388608.
 - enlarge_chunks_in_place: 1.
 - new_chunks_are_fully_committed: 0.
 - uncommit_free_chunks: 1.
 - use_allocation_guard: 0.
 - handle_deallocations: 1.


Internal statistics:

num_allocs_failed_limit: 0.
num_arena_births: 382.
num_arena_deaths: 0.
num_vsnodes_births: 2.
num_vsnodes_deaths: 0.
num_space_committed: 322.
num_space_uncommitted: 0.
num_chunks_returned_to_freelist: 0.
num_chunks_taken_from_freelist: 1096.
num_chunk_merges: 0.
num_chunk_splits: 741.
num_chunks_enlarged: 540.
num_inconsistent_stats: 0.

CodeHeap 'non-profiled nmethods': size=119168Kb used=1347Kb max_used=1347Kb free=117820Kb
 bounds [0x00000246a27d0000, 0x00000246a2a40000, 0x00000246a9c30000]
CodeHeap 'profiled nmethods': size=119104Kb used=6533Kb max_used=6533Kb free=112570Kb
 bounds [0x000002469ac30000, 0x000002469b2a0000, 0x00000246a2080000]
CodeHeap 'non-nmethods': size=7488Kb used=2898Kb max_used=2950Kb free=4589Kb
 bounds [0x00000246a2080000, 0x00000246a2370000, 0x00000246a27d0000]
 total_blobs=3634 nmethods=3122 adapters=421
 compilation: enabled
              stopped_count=0, restarted_count=0
 full_count=0

Compilation events (20 events):
Event: 2.596 Thread 0x00000246b62f4de0 3109       3       org.springframework.core.AttributeAccessorSupport::copyAttributesFrom (56 bytes)
Event: 2.596 Thread 0x00000246b68b8b60 3110       3       org.springframework.core.AttributeAccessorSupport::attributeNames (13 bytes)
Event: 2.596 Thread 0x00000246b68b7000 3111       3       org.springframework.beans.factory.support.RootBeanDefinition::setInstanceSupplier (38 bytes)
Event: 2.596 Thread 0x00000246b68b8350 3112       3       org.springframework.beans.factory.support.AbstractBeanDefinition::<init> (461 bytes)
Event: 2.596 Thread 0x00000246b68b8b60 nmethod 3110 0x000002469b277c10 code [0x000002469b277e00, 0x000002469b278448]
Event: 2.596 Thread 0x00000246b68b8b60 3113       3       org.springframework.beans.factory.support.RootBeanDefinition::setParentName (15 bytes)
Event: 2.596 Thread 0x00000246b68b8b60 nmethod 3113 0x000002469b278610 code [0x000002469b2787c0, 0x000002469b2789c8]
Event: 2.596 Thread 0x00000246b68b8b60 3115       3       org.springframework.beans.factory.support.AbstractBeanFactory::isFactoryBean (62 bytes)
Event: 2.597 Thread 0x00000246b62f4de0 nmethod 3109 0x000002469b278a90 code [0x000002469b278d20, 0x000002469b279d08]
Event: 2.597 Thread 0x00000246b62f4de0 3114       3       org.springframework.beans.factory.support.AbstractBeanDefinition::copyQualifiersFrom (21 bytes)
Event: 2.597 Thread 0x00000246b68b7000 nmethod 3111 0x000002469b27a290 code [0x000002469b27a4e0, 0x000002469b27b1e8]
Event: 2.597 Thread 0x00000246b68b8b60 nmethod 3115 0x000002469b27b510 code [0x000002469b27b700, 0x000002469b27bd78]
Event: 2.597 Thread 0x00000246b62f4de0 nmethod 3114 0x000002469b27bf10 code [0x000002469b27c0e0, 0x000002469b27c438]
Event: 2.597 Thread 0x00000246b68b7000 3116   !   3       org.springframework.beans.factory.support.AbstractBeanFactory::getMergedBeanDefinition (340 bytes)
Event: 2.597 Thread 0x00000246b68b8b60 3117       1       org.springframework.beans.factory.support.AbstractBeanDefinition::setBeanClass (6 bytes)
Event: 2.597 Thread 0x00000246b68b8b60 nmethod 3117 0x00000246a2920810 code [0x00000246a29209a0, 0x00000246a2920ab8]
Event: 2.601 Thread 0x00000246b68b7000 nmethod 3116 0x000002469b27c590 code [0x000002469b27ca00, 0x000002469b27f688]
Event: 2.606 Thread 0x00000246b68b8350 nmethod 3112 0x000002469b280a10 code [0x000002469b2812a0, 0x000002469b289d98]
Event: 2.616 Thread 0x00000246b68b7000 3118       1       java.beans.PropertyEditorSupport::setSource (6 bytes)
Event: 2.616 Thread 0x00000246b68b7000 nmethod 3118 0x00000246a2920b10 code [0x00000246a2920ca0, 0x00000246a2920db8]

GC Heap History (4 events):
Event: 0.960 GC heap before
{Heap before GC invocations=0 (full 0):
 garbage-first heap   total 253952K, used 22528K [0x0000000709400000, 0x0000000800000000)
  region size 2048K, 11 young (22528K), 0 survivors (0K)
 Metaspace       used 6283K, committed 6464K, reserved 1114112K
  class space    used 737K, committed 832K, reserved 1048576K
}
Event: 0.967 GC heap after
{Heap after GC invocations=1 (full 0):
 garbage-first heap   total 253952K, used 4595K [0x0000000709400000, 0x0000000800000000)
  region size 2048K, 2 young (4096K), 2 survivors (4096K)
 Metaspace       used 6283K, committed 6464K, reserved 1114112K
  class space    used 737K, committed 832K, reserved 1048576K
}
Event: 1.511 GC heap before
{Heap before GC invocations=1 (full 0):
 garbage-first heap   total 253952K, used 35315K [0x0000000709400000, 0x0000000800000000)
  region size 2048K, 17 young (34816K), 2 survivors (4096K)
 Metaspace       used 13326K, committed 13568K, reserved 1114112K
  class space    used 1603K, committed 1728K, reserved 1048576K
}
Event: 1.521 GC heap after
{Heap after GC invocations=2 (full 0):
 garbage-first heap   total 253952K, used 7006K [0x0000000709400000, 0x0000000800000000)
  region size 2048K, 2 young (4096K), 2 survivors (4096K)
 Metaspace       used 13326K, committed 13568K, reserved 1114112K
  class space    used 1603K, committed 1728K, reserved 1048576K
}

Dll operation events (10 events):
Event: 0.009 Loaded shared library C:\Users\luchi\.jdks\corretto-17.0.9\bin\java.dll
Event: 0.055 Loaded shared library C:\Users\luchi\.jdks\corretto-17.0.9\bin\jsvml.dll
Event: 0.145 Loaded shared library C:\Users\luchi\.jdks\corretto-17.0.9\bin\zip.dll
Event: 0.148 Loaded shared library C:\Users\luchi\.jdks\corretto-17.0.9\bin\instrument.dll
Event: 0.156 Loaded shared library C:\Users\luchi\.jdks\corretto-17.0.9\bin\net.dll
Event: 0.159 Loaded shared library C:\Users\luchi\.jdks\corretto-17.0.9\bin\nio.dll
Event: 0.161 Loaded shared library C:\Users\luchi\.jdks\corretto-17.0.9\bin\zip.dll
Event: 0.225 Loaded shared library C:\Program Files\JetBrains\IntelliJ IDEA Community Edition 2023.1.1\bin\breakgen64.dll
Event: 0.287 Loaded shared library C:\Users\luchi\.jdks\corretto-17.0.9\bin\jimage.dll
Event: 1.756 Loaded shared library C:\Users\luchi\.jdks\corretto-17.0.9\bin\sunmscapi.dll

Deoptimization events (20 events):
Event: 2.544 Thread 0x0000024693135830 Uncommon trap: trap_request=0xffffff45 fr.pc=0x00000246a2904fb4 relative=0x0000000000000454
Event: 2.544 Thread 0x0000024693135830 Uncommon trap: reason=unstable_if action=reinterpret pc=0x00000246a2904fb4 method=org.springframework.beans.factory.support.AbstractBeanFactory.getBeanPostProcessorCache()Lorg/springframework/beans/factory/support/AbstractBeanFactory$BeanPostProcessorCach
Event: 2.544 Thread 0x0000024693135830 DEOPT PACKING pc=0x00000246a2904fb4 sp=0x000000982f8fe8b0
Event: 2.544 Thread 0x0000024693135830 DEOPT UNPACKING pc=0x00000246a20d69a3 sp=0x000000982f8fe770 mode 2
Event: 2.545 Thread 0x0000024693135830 Uncommon trap: trap_request=0xffffff45 fr.pc=0x00000246a28ecb34 relative=0x00000000000005d4
Event: 2.545 Thread 0x0000024693135830 Uncommon trap: reason=unstable_if action=reinterpret pc=0x00000246a28ecb34 method=org.springframework.beans.factory.support.AbstractBeanFactory.getMergedLocalBeanDefinition(Ljava/lang/String;)Lorg/springframework/beans/factory/support/RootBeanDefinition; 
Event: 2.545 Thread 0x0000024693135830 DEOPT PACKING pc=0x00000246a28ecb34 sp=0x000000982f8fe8f0
Event: 2.545 Thread 0x0000024693135830 DEOPT UNPACKING pc=0x00000246a20d69a3 sp=0x000000982f8fe8a8 mode 2
Event: 2.556 Thread 0x0000024693135830 Uncommon trap: trap_request=0xffffff45 fr.pc=0x00000246a291a794 relative=0x0000000000002f94
Event: 2.556 Thread 0x0000024693135830 Uncommon trap: reason=unstable_if action=reinterpret pc=0x00000246a291a794 method=org.springframework.beans.factory.support.AbstractBeanFactory.hasInstantiationAwareBeanPostProcessors()Z @ 12 c2
Event: 2.556 Thread 0x0000024693135830 DEOPT PACKING pc=0x00000246a291a794 sp=0x000000982f8fea80
Event: 2.557 Thread 0x0000024693135830 DEOPT UNPACKING pc=0x00000246a20d69a3 sp=0x000000982f8fe938 mode 2
Event: 2.594 Thread 0x0000024693135830 Uncommon trap: trap_request=0xffffff45 fr.pc=0x00000246a290007c relative=0x000000000000069c
Event: 2.594 Thread 0x0000024693135830 Uncommon trap: reason=unstable_if action=reinterpret pc=0x00000246a290007c method=org.springframework.beans.factory.support.AbstractBeanFactory.hasInstantiationAwareBeanPostProcessors()Z @ 12 c2
Event: 2.594 Thread 0x0000024693135830 DEOPT PACKING pc=0x00000246a290007c sp=0x000000982f8fea10
Event: 2.594 Thread 0x0000024693135830 DEOPT UNPACKING pc=0x00000246a20d69a3 sp=0x000000982f8fe910 mode 2
Event: 2.600 Thread 0x0000024693135830 Uncommon trap: trap_request=0xffffff45 fr.pc=0x00000246a2904858 relative=0x00000000000001d8
Event: 2.600 Thread 0x0000024693135830 Uncommon trap: reason=unstable_if action=reinterpret pc=0x00000246a2904858 method=org.springframework.beans.factory.support.AbstractBeanFactory.getBeanPostProcessorCache()Lorg/springframework/beans/factory/support/AbstractBeanFactory$BeanPostProcessorCach
Event: 2.600 Thread 0x0000024693135830 DEOPT PACKING pc=0x00000246a2904858 sp=0x000000982f8fe8f0
Event: 2.601 Thread 0x0000024693135830 DEOPT UNPACKING pc=0x00000246a20d69a3 sp=0x000000982f8fe880 mode 2

Classes unloaded (0 events):
No events

Classes redefined (0 events):
No events

Internal exceptions (20 events):
Event: 2.444 Thread 0x0000024693135830 Exception <a 'java/lang/NoSuchMethodError'{0x000000071627df88}: 'java.lang.Object java.lang.invoke.DirectMethodHandle$Holder.invokeSpecial(java.lang.Object, java.lang.Object, java.lang.Object, java.lang.Object, java.lang.Object, java.lang.Object, java.lang.Object, java.lang.Object, java.lang.Object)'> (0x000000071627df88) 
thrown [s\src\hotspot\share\interpreter\linkResolver.cpp, line 759]
Event: 2.452 Thread 0x0000024693135830 Exception <a 'java/lang/NoSuchMethodError'{0x00000007162a36a8}: 'java.lang.Object java.lang.invoke.DirectMethodHandle$Holder.invokeSpecial(java.lang.Object, java.lang.Object, java.lang.Object, java.lang.Object, java.lang.Object, java.lang.Object, java.lang.Object, java.lang.Object, java.lang.Object, java.lang.Object, java.lang.Object, java.lang.Object, java.lang.Object, java.lang.Object)'> (0x00000007162a36a8) 
thrown [s\src\hotspot\share\interpreter\linkResolver.cpp, line 759]
Event: 2.453 Thread 0x0000024693135830 Exception <a 'java/lang/NoSuchMethodError'{0x00000007162a8378}: 'java.lang.Object java.lang.invoke.Invokers$Holder.invoker(java.lang.Object, java.lang.Object, java.lang.Object, java.lang.Object, java.lang.Object, java.lang.Object, java.lang.Object, java.lang.Object, java.lang.Object, java.lang.Object, java.lang.Object, java.lang.Object, java.lang.Object, java.lang.Object)'> (0x00000007162a8378) 
thrown [s\src\hotspot\share\interpreter\linkResolver.cpp, line 759]
Event: 2.454 Thread 0x0000024693135830 Exception <a 'java/lang/NoSuchMethodError'{0x00000007162ae068}: 'java.lang.Object java.lang.invoke.DirectMethodHandle$Holder.invokeSpecial(java.lang.Object, java.lang.Object, java.lang.Object, java.lang.Object, java.lang.Object, java.lang.Object, java.lang.Object, java.lang.Object, java.lang.Object, java.lang.Object, java.lang.Object, java.lang.Object, java.lang.Object, java.lang.Object, java.lang.Object)'> (0x00000007162ae068) 
thrown [s\src\hotspot\share\interpreter\linkResolver.cpp, line 759]
Event: 2.458 Thread 0x0000024693135830 Exception <a 'java/lang/NoSuchMethodError'{0x00000007162c1090}: 'int java.lang.invoke.DirectMethodHandle$Holder.invokeVirtual(java.lang.Object, java.lang.Object, java.lang.Object)'> (0x00000007162c1090) 
thrown [s\src\hotspot\share\interpreter\linkResolver.cpp, line 759]
Event: 2.459 Thread 0x0000024693135830 Exception <a 'java/lang/NoSuchMethodError'{0x00000007162c4948}: 'int java.lang.invoke.DirectMethodHandle$Holder.invokeVirtual(java.lang.Object, java.lang.Object)'> (0x00000007162c4948) 
thrown [s\src\hotspot\share\interpreter\linkResolver.cpp, line 759]
Event: 2.459 Thread 0x0000024693135830 Exception <a 'java/lang/NoSuchMethodError'{0x00000007162c8b48}: 'int java.lang.invoke.DirectMethodHandle$Holder.invokeStaticInit(java.lang.Object, int, int)'> (0x00000007162c8b48) 
thrown [s\src\hotspot\share\interpreter\linkResolver.cpp, line 759]
Event: 2.460 Thread 0x0000024693135830 Exception <a 'java/lang/NoSuchMethodError'{0x00000007162d0430}: 'int java.lang.invoke.DirectMethodHandle$Holder.invokeStaticInit(java.lang.Object, long, long)'> (0x00000007162d0430) 
thrown [s\src\hotspot\share\interpreter\linkResolver.cpp, line 759]
Event: 2.462 Thread 0x0000024693135830 Exception <a 'java/lang/NoSuchMethodError'{0x00000007162d7280}: 'int java.lang.invoke.DirectMethodHandle$Holder.invokeStaticInit(java.lang.Object, float, float)'> (0x00000007162d7280) 
thrown [s\src\hotspot\share\interpreter\linkResolver.cpp, line 759]
Event: 2.463 Thread 0x0000024693135830 Exception <a 'java/lang/NoSuchMethodError'{0x00000007162de0d8}: 'int java.lang.invoke.DirectMethodHandle$Holder.invokeStaticInit(java.lang.Object, double, double)'> (0x00000007162de0d8) 
thrown [s\src\hotspot\share\interpreter\linkResolver.cpp, line 759]
Event: 2.465 Thread 0x0000024693135830 Exception <a 'java/lang/NoSuchMethodError'{0x00000007162e26a8}: 'int java.lang.invoke.DirectMethodHandle$Holder.invokeStatic(java.lang.Object, long)'> (0x00000007162e26a8) 
thrown [s\src\hotspot\share\interpreter\linkResolver.cpp, line 759]
Event: 2.474 Thread 0x0000024693135830 Exception <a 'java/lang/NoSuchMethodError'{0x0000000716307648}: 'int java.lang.invoke.DirectMethodHandle$Holder.invokeSpecial(java.lang.Object, java.lang.Object, int)'> (0x0000000716307648) 
thrown [s\src\hotspot\share\interpreter\linkResolver.cpp, line 759]
Event: 2.475 Thread 0x0000024693135830 Exception <a 'java/lang/NoSuchMethodError'{0x000000071630efa8}: 'int java.lang.invoke.Invokers$Holder.linkToTargetMethod(java.lang.Object, java.lang.Object)'> (0x000000071630efa8) 
thrown [s\src\hotspot\share\interpreter\linkResolver.cpp, line 759]
Event: 2.496 Thread 0x0000024693135830 Exception <a 'java/lang/NoSuchMethodError'{0x00000007163bf760}: 'java.lang.Object java.lang.invoke.DirectMethodHandle$Holder.invokeSpecial(java.lang.Object, java.lang.Object, java.lang.Object, java.lang.Object, java.lang.Object, java.lang.Object, java.lang.Object, java.lang.Object, java.lang.Object, java.lang.Object)'> (0x00000007163bf760) 
thrown [s\src\hotspot\share\interpreter\linkResolver.cpp, line 759]
Event: 2.497 Thread 0x0000024693135830 Exception <a 'java/lang/NoSuchMethodError'{0x00000007163c3d48}: 'java.lang.Object java.lang.invoke.Invokers$Holder.invoke_MT(java.lang.Object, java.lang.Object, java.lang.Object, java.lang.Object, java.lang.Object, java.lang.Object, java.lang.Object, java.lang.Object, java.lang.Object, java.lang.Object)'> (0x00000007163c3d48) 
thrown [s\src\hotspot\share\interpreter\linkResolver.cpp, line 759]
Event: 2.509 Thread 0x0000024693135830 Exception <a 'java/lang/NoSuchMethodError'{0x0000000716003d58}: 'java.lang.Object java.lang.invoke.DirectMethodHandle$Holder.invokeSpecial(java.lang.Object, java.lang.Object, int, java.lang.Object, java.lang.Object)'> (0x0000000716003d58) 
thrown [s\src\hotspot\share\interpreter\linkResolver.cpp, line 759]
Event: 2.509 Thread 0x0000024693135830 Exception <a 'java/lang/NoSuchMethodError'{0x0000000716007a00}: 'java.lang.Object java.lang.invoke.DelegatingMethodHandle$Holder.delegate(java.lang.Object, int, java.lang.Object, java.lang.Object)'> (0x0000000716007a00) 
thrown [s\src\hotspot\share\interpreter\linkResolver.cpp, line 759]
Event: 2.512 Thread 0x0000024693135830 Exception <a 'java/lang/NoSuchMethodError'{0x0000000716018888}: 'int java.lang.invoke.Invokers$Holder.linkToTargetMethod(java.lang.Object, java.lang.Object, java.lang.Object)'> (0x0000000716018888) 
thrown [s\src\hotspot\share\interpreter\linkResolver.cpp, line 759]
Event: 2.571 Thread 0x0000024693135830 Exception <a 'java/lang/NoClassDefFoundError'{0x00000007161382b0}: org/flywaydb/core/Flyway> (0x00000007161382b0) 
thrown [s\src\hotspot\share\classfile\systemDictionary.cpp, line 245]
Event: 2.571 Thread 0x0000024693135830 Exception <a 'java/lang/NoClassDefFoundError'{0x00000007161399c8}: liquibase/integration/spring/SpringLiquibase> (0x00000007161399c8) 
thrown [s\src\hotspot\share\classfile\systemDictionary.cpp, line 245]

VM Operations (20 events):
Event: 1.370 Executing VM operation: HandshakeAllThreads
Event: 1.370 Executing VM operation: HandshakeAllThreads done
Event: 1.508 Executing VM operation: HandshakeAllThreads
Event: 1.508 Executing VM operation: HandshakeAllThreads done
Event: 1.511 Executing VM operation: G1CollectForAllocation
Event: 1.521 Executing VM operation: G1CollectForAllocation done
Event: 1.594 Executing VM operation: HandshakeAllThreads
Event: 1.595 Executing VM operation: HandshakeAllThreads done
Event: 1.695 Executing VM operation: HandshakeAllThreads
Event: 1.695 Executing VM operation: HandshakeAllThreads done
Event: 1.722 Executing VM operation: HandshakeAllThreads
Event: 1.722 Executing VM operation: HandshakeAllThreads done
Event: 1.929 Executing VM operation: ICBufferFull
Event: 1.930 Executing VM operation: ICBufferFull done
Event: 2.258 Executing VM operation: ICBufferFull
Event: 2.258 Executing VM operation: ICBufferFull done
Event: 2.438 Executing VM operation: HandshakeAllThreads
Event: 2.438 Executing VM operation: HandshakeAllThreads done
Event: 2.482 Executing VM operation: HandshakeAllThreads
Event: 2.482 Executing VM operation: HandshakeAllThreads done

Events (20 events):
Event: 2.508 loading class java/util/AbstractList$RandomAccessSubList
Event: 2.508 loading class java/util/AbstractList$SubList
Event: 2.508 loading class java/util/AbstractList$SubList done
Event: 2.508 loading class java/util/AbstractList$RandomAccessSubList done
Event: 2.508 loading class java/util/AbstractList$SubList$1
Event: 2.508 loading class java/util/AbstractList$SubList$1 done
Event: 2.510 loading class java/lang/invoke/MethodHandleImpl$CountingWrapper
Event: 2.510 loading class java/lang/invoke/MethodHandleImpl$CountingWrapper done
Event: 2.530 loading class java/util/DualPivotQuicksort
Event: 2.531 loading class java/util/DualPivotQuicksort done
Event: 2.533 loading class java/util/LinkedList$ListItr
Event: 2.533 loading class java/util/LinkedList$ListItr done
Event: 2.542 loading class jdk/internal/reflect/UnsafeFieldAccessorFactory
Event: 2.542 loading class jdk/internal/reflect/UnsafeFieldAccessorFactory done
Event: 2.542 loading class jdk/internal/reflect/UnsafeStaticObjectFieldAccessorImpl
Event: 2.542 loading class jdk/internal/reflect/UnsafeStaticObjectFieldAccessorImpl done
Event: 2.553 loading class java/net/SocketException
Event: 2.553 loading class java/net/SocketException done
Event: 2.613 loading class javax/naming/NameNotFoundException
Event: 2.613 loading class javax/naming/NameNotFoundException done


Dynamic libraries:
0x00007ff6c5420000 - 0x00007ff6c542e000 	C:\Users\luchi\.jdks\corretto-17.0.9\bin\java.exe
0x00007fff2abf0000 - 0x00007fff2ae07000 	C:\WINDOWS\SYSTEM32\ntdll.dll
0x00007fff29f70000 - 0x00007fff2a034000 	C:\WINDOWS\System32\KERNEL32.DLL
0x00007fff27f10000 - 0x00007fff282b7000 	C:\WINDOWS\System32\KERNELBASE.dll
0x00007fff28570000 - 0x00007fff28681000 	C:\WINDOWS\System32\ucrtbase.dll
0x00007fff1b8a0000 - 0x00007fff1b8bb000 	C:\Users\luchi\.jdks\corretto-17.0.9\bin\VCRUNTIME140.dll
0x00007fff1a3a0000 - 0x00007fff1a3b7000 	C:\Users\luchi\.jdks\corretto-17.0.9\bin\jli.dll
0x00007fff298e0000 - 0x00007fff29a8e000 	C:\WINDOWS\System32\USER32.dll
0x00007fff149a0000 - 0x00007fff14c33000 	C:\WINDOWS\WinSxS\amd64_microsoft.windows.common-controls_6595b64144ccf1df_6.0.22621.3527_none_270e469b73872a76\COMCTL32.dll
0x00007fff28540000 - 0x00007fff28566000 	C:\WINDOWS\System32\win32u.dll
0x00007fff2aa50000 - 0x00007fff2aaf7000 	C:\WINDOWS\System32\msvcrt.dll
0x00007fff29470000 - 0x00007fff29499000 	C:\WINDOWS\System32\GDI32.dll
0x00007fff28800000 - 0x00007fff28919000 	C:\WINDOWS\System32\gdi32full.dll
0x00007fff28330000 - 0x00007fff283ca000 	C:\WINDOWS\System32\msvcp_win.dll
0x00007fff294e0000 - 0x00007fff29511000 	C:\WINDOWS\System32\IMM32.DLL
0x00007fff1f810000 - 0x00007fff1f81c000 	C:\Users\luchi\.jdks\corretto-17.0.9\bin\vcruntime140_1.dll
0x00007fff14660000 - 0x00007fff146ed000 	C:\Users\luchi\.jdks\corretto-17.0.9\bin\msvcp140.dll
0x00007ffe88e70000 - 0x00007ffe89ad1000 	C:\Users\luchi\.jdks\corretto-17.0.9\bin\server\jvm.dll
0x00007fff2a4e0000 - 0x00007fff2a592000 	C:\WINDOWS\System32\ADVAPI32.dll
0x00007fff28920000 - 0x00007fff289c8000 	C:\WINDOWS\System32\sechost.dll
0x00007fff283d0000 - 0x00007fff283f8000 	C:\WINDOWS\System32\bcrypt.dll
0x00007fff29740000 - 0x00007fff29855000 	C:\WINDOWS\System32\RPCRT4.dll
0x00007fff20690000 - 0x00007fff206c4000 	C:\WINDOWS\SYSTEM32\WINMM.dll
0x00007fff0ba80000 - 0x00007fff0ba89000 	C:\WINDOWS\SYSTEM32\WSOCK32.dll
0x00007fff27800000 - 0x00007fff2784d000 	C:\WINDOWS\SYSTEM32\POWRPROF.dll
0x00007fff2a5a0000 - 0x00007fff2a611000 	C:\WINDOWS\System32\WS2_32.dll
0x00007fff20000000 - 0x00007fff2000a000 	C:\WINDOWS\SYSTEM32\VERSION.dll
0x00007fff27780000 - 0x00007fff27793000 	C:\WINDOWS\SYSTEM32\UMPDC.dll
0x00007fff26f00000 - 0x00007fff26f18000 	C:\WINDOWS\SYSTEM32\kernel.appcore.dll
0x00007fff1b890000 - 0x00007fff1b89a000 	C:\Users\luchi\.jdks\corretto-17.0.9\bin\jimage.dll
0x00007fff1c780000 - 0x00007fff1c9b2000 	C:\WINDOWS\SYSTEM32\DBGHELP.DLL
0x00007fff2a140000 - 0x00007fff2a4c8000 	C:\WINDOWS\System32\combase.dll
0x00007fff289d0000 - 0x00007fff28aa7000 	C:\WINDOWS\System32\OLEAUT32.dll
0x00007fff1b7f0000 - 0x00007fff1b822000 	C:\WINDOWS\SYSTEM32\dbgcore.DLL
0x00007fff28400000 - 0x00007fff28479000 	C:\WINDOWS\System32\bcryptPrimitives.dll
0x00007fff14610000 - 0x00007fff1461e000 	C:\Users\luchi\.jdks\corretto-17.0.9\bin\instrument.dll
0x00007fff160a0000 - 0x00007fff160c5000 	C:\Users\luchi\.jdks\corretto-17.0.9\bin\java.dll
0x00007ffee5ed0000 - 0x00007ffee5fa7000 	C:\Users\luchi\.jdks\corretto-17.0.9\bin\jsvml.dll
0x00007fff28ab0000 - 0x00007fff2930c000 	C:\WINDOWS\System32\SHELL32.dll
0x00007fff25e00000 - 0x00007fff266f6000 	C:\WINDOWS\SYSTEM32\windows.storage.dll
0x00007fff25cc0000 - 0x00007fff25dfe000 	C:\WINDOWS\SYSTEM32\wintypes.dll
0x00007fff2a040000 - 0x00007fff2a135000 	C:\WINDOWS\System32\SHCORE.dll
0x00007fff29520000 - 0x00007fff2957e000 	C:\WINDOWS\System32\shlwapi.dll
0x00007fff27e40000 - 0x00007fff27e61000 	C:\WINDOWS\SYSTEM32\profapi.dll
0x00007fff16080000 - 0x00007fff16098000 	C:\Users\luchi\.jdks\corretto-17.0.9\bin\zip.dll
0x00007fff1a160000 - 0x00007fff1a179000 	C:\Users\luchi\.jdks\corretto-17.0.9\bin\net.dll
0x00007fff21eb0000 - 0x00007fff21fe6000 	C:\WINDOWS\SYSTEM32\WINHTTP.dll
0x00007fff273a0000 - 0x00007fff27409000 	C:\WINDOWS\system32\mswsock.dll
0x00007fff16a50000 - 0x00007fff16a66000 	C:\Users\luchi\.jdks\corretto-17.0.9\bin\nio.dll
0x00007fff093d0000 - 0x00007fff093ea000 	C:\Program Files\JetBrains\IntelliJ IDEA Community Edition 2023.1.1\bin\breakgen64.dll
0x00007fff12180000 - 0x00007fff1218e000 	C:\Users\luchi\.jdks\corretto-17.0.9\bin\sunmscapi.dll
0x00007fff28690000 - 0x00007fff287f8000 	C:\WINDOWS\System32\CRYPT32.dll
0x00007fff27890000 - 0x00007fff278be000 	C:\WINDOWS\SYSTEM32\ncrypt.dll
0x00007fff27850000 - 0x00007fff27887000 	C:\WINDOWS\SYSTEM32\NTASN1.dll

dbghelp: loaded successfully - version: 4.0.5 - missing functions: none
symbol engine: initialized successfully - sym options: 0x614 - pdb path: .;C:\Users\luchi\.jdks\corretto-17.0.9\bin;C:\WINDOWS\SYSTEM32;C:\WINDOWS\WinSxS\amd64_microsoft.windows.common-controls_6595b64144ccf1df_6.0.22621.3527_none_270e469b73872a76;C:\Users\luchi\.jdks\corretto-17.0.9\bin\server;C:\Program Files\JetBrains\IntelliJ IDEA Community Edition 2023.1.1\bin

VM Arguments:
jvm_args: -javaagent:C:\Program Files\JetBrains\IntelliJ IDEA Community Edition 2023.1.1\lib\idea_rt.jar=50088:C:\Program Files\JetBrains\IntelliJ IDEA Community Edition 2023.1.1\bin -Dfile.encoding=UTF-8 
java_command: Backend_I.Clinica_Odontologica_PI.ClinicaOdontologicaPiApplication
java_class_path (initial): C:\DIGITAL_HOUSE\BIMESTRE 5\BACKEND I\Clinica-Odontologica-PI\Clinica-Odontologica-PI\target\classes;C:\Users\luchi\.m2\repository\org\springframework\boot\spring-boot-starter-thymeleaf\3.3.0\spring-boot-starter-thymeleaf-3.3.0.jar;C:\Users\luchi\.m2\repository\org\springframework\boot\spring-boot-starter\3.3.0\spring-boot-starter-3.3.0.jar;C:\Users\luchi\.m2\repository\org\springframework\boot\spring-boot\3.3.0\spring-boot-3.3.0.jar;C:\Users\luchi\.m2\repository\org\springframework\boot\spring-boot-autoconfigure\3.3.0\spring-boot-autoconfigure-3.3.0.jar;C:\Users\luchi\.m2\repository\org\springframework\boot\spring-boot-starter-logging\3.3.0\spring-boot-starter-logging-3.3.0.jar;C:\Users\luchi\.m2\repository\ch\qos\logback\logback-classic\1.5.6\logback-classic-1.5.6.jar;C:\Users\luchi\.m2\repository\ch\qos\logback\logback-core\1.5.6\logback-core-1.5.6.jar;C:\Users\luchi\.m2\repository\org\apache\logging\log4j\log4j-to-slf4j\2.23.1\log4j-to-slf4j-2.23.1.jar;C:\Users\luchi\.m2\repository\org\apache\logging\log4j\log4j-api\2.23.1\log4j-api-2.23.1.jar;C:\Users\luchi\.m2\repository\org\slf4j\jul-to-slf4j\2.0.13\jul-to-slf4j-2.0.13.jar;C:\Users\luchi\.m2\repository\jakarta\annotation\jakarta.annotation-api\2.1.1\jakarta.annotation-api-2.1.1.jar;C:\Users\luchi\.m2\repository\org\yaml\snakeyaml\2.2\snakeyaml-2.2.jar;C:\Users\luchi\.m2\repository\org\thymeleaf\thymeleaf-spring6\3.1.2.RELEASE\thymeleaf-spring6-3.1.2.RELEASE.jar;C:\Users\luchi\.m2\repository\org\thymeleaf\thymeleaf\3.1.2.RELEASE\thymeleaf-3.1.2.RELEASE.jar;C:\Users\luchi\.m2\repository\org\attoparser\attoparser\2.0.7.RELEASE\attoparser-2.0.7.RELEASE.jar;C:\Users\luchi\.m2\repository\org\unbescape\unbescape\1.1.6.RELEASE\unbescape-1.1.6.RELEASE.jar;C:\Users\luchi\.m2\repository\org\slf4j\slf4j-api\2.0.13\slf4j-api-2.0.13.jar;C:\Users\luchi\.m2\repository\org\springframework\boot\spring-boot-starter-web\3.3.0\spring-boot-starter-web-3.3.0.jar;C:\Users\luchi\.m2\repository\org\springf
Launcher Type: SUN_STANDARD

[Global flags]
     intx CICompilerCount                          = 12                                        {product} {ergonomic}
     uint ConcGCThreads                            = 3                                         {product} {ergonomic}
     uint G1ConcRefinementThreads                  = 13                                        {product} {ergonomic}
   size_t G1HeapRegionSize                         = 2097152                                   {product} {ergonomic}
    uintx GCDrainStackTargetSize                   = 64                                        {product} {ergonomic}
   size_t InitialHeapSize                          = 260046848                                 {product} {ergonomic}
   size_t MarkStackSize                            = 4194304                                   {product} {ergonomic}
   size_t MaxHeapSize                              = 4139778048                                {product} {ergonomic}
   size_t MaxNewSize                               = 2483027968                                {product} {ergonomic}
   size_t MinHeapDeltaBytes                        = 2097152                                   {product} {ergonomic}
   size_t MinHeapSize                              = 8388608                                   {product} {ergonomic}
    uintx NonNMethodCodeHeapSize                   = 7602480                                {pd product} {ergonomic}
    uintx NonProfiledCodeHeapSize                  = 122027880                              {pd product} {ergonomic}
    uintx ProfiledCodeHeapSize                     = 122027880                              {pd product} {ergonomic}
    uintx ReservedCodeCacheSize                    = 251658240                              {pd product} {ergonomic}
     bool SegmentedCodeCache                       = true                                      {product} {ergonomic}
   size_t SoftMaxHeapSize                          = 4139778048                             {manageable} {ergonomic}
     bool UseCompressedClassPointers               = true                           {product lp64_product} {ergonomic}
     bool UseCompressedOops                        = true                           {product lp64_product} {ergonomic}
     bool UseG1GC                                  = true                                      {product} {ergonomic}
     bool UseLargePagesIndividualAllocation        = false                                  {pd product} {ergonomic}

Logging:
Log output configuration:
 #0: stdout all=warning uptime,level,tags
 #1: stderr all=off uptime,level,tags

Environment Variables:
JAVA_HOME=C:\Program Files\Java\jdk-11.0.12
PATH=C:\Program Files\Common Files\Oracle\Java\javapath;C:\Program Files\Microsoft\jdk-11.0.20.8-hotspot\bin;C:\Program Files\Eclipse Adoptium\jdk-11.0.19.7-hotspot\bin;C:\Program Files\Eclipse Adoptium\jdk-8.0.372.7-hotspot\bin;C:\Program Files\Common Files\Siemens\Automation\Simatic OAM\bin;C:\Windows\system32;C:\Windows;C:\Windows\System32\Wbem;C:\Windows\System32\WindowsPowerShell\v1.0\;C:\Windows\System32\OpenSSH\;C:\Program Files (x86)\NVIDIA Corporation\PhysX\Common;C:\Program Files\NVIDIA Corporation\NVIDIA NvDLISR;C:\Program Files\Git\cmd;C:\Program Files\Java\jdk1.8.0_291\bin;C:\WINDOWS\system32;C:\Program Files (x86)\Microsoft SQL Server\160\DTS\Binn\;C:\Program Files\Azure Data Studio\bin;C:\Program Files\Microsoft SQL Server\Client SDK\ODBC\170\Tools\Binn\;C:\Program Files (x86)\Microsoft SQL Server\150\Tools\Binn\;C:\Program Files\Microsoft SQL Server\150\Tools\Binn\;C:\Program Files\Microsoft SQL Server\150\DTS\Binn\;C:\WINDOWS;C:\WINDOWS\System32\Wbem;C:\WINDOWS\System32\WindowsPowerShell\v1.0\;C:\WINDOWS\System32\OpenSSH\;C:\ProgramData\chocolatey\bin;C:\Users\luchi\AppData\Roaming\nvm;C:\Program Files\nodejs;C:\Program Files\Java\jdk-11.0.12\bin;;C:\Program Files\Docker\Docker\resources\bin;C:\Program Files\dotnet\;C:\Users\luchi\.pyenv\pyenv-win\bin;C:\Users\luchi\.pyenv\pyenv-win\shims;C:\Users\luchi\AppData\Local\Programs\Python\Python311\Scripts\;C:\Users\luchi\AppData\Local\Programs\Python\Python311\;C:\Users\luchi\AppData\Local\Microsoft\WindowsApps;C:\Users\luchi\AppData\Local\Programs\Microsoft VS Code\bin;C:\Users\luchi\AppData\Local\GitHubDesktop\bin;C:\Tools\Gradle\gradle-5.1-bin\gradle-5.1\bin;C:\Users\luchi\AppData\Roaming\npm;C:\Users\luchi\AppData\Local\Programs\oh-my-posh\bin;C:\Users\luchi\.dotnet\tools
USERNAME=luchi
OS=Windows_NT
PROCESSOR_IDENTIFIER=AMD64 Family 23 Model 96 Stepping 1, AuthenticAMD
TMP=C:\Users\luchi\AppData\Local\Temp
TEMP=C:\Users\luchi\AppData\Local\Temp



Periodic native trim disabled


---------------  S Y S T E M  ---------------

OS:
 Windows 11 , 64 bit Build 22621 (10.0.22621.3527)
OS uptime: 0 days 7:00 hours
Hyper-V role detected

CPU: total 16 (initial active 16) (16 cores per cpu, 2 threads per core) family 23 model 96 stepping 1 microcode 0x0, cx8, cmov, fxsr, ht, mmx, 3dnowpref, sse, sse2, sse3, ssse3, sse4a, sse4.1, sse4.2, popcnt, lzcnt, tsc, tscinvbit, avx, avx2, aes, clmul, bmi1, bmi2, adx, sha, fma, vzeroupper, clflush, clflushopt, hv
Processor Information for all 16 processors :
  Max Mhz: 2901, Current Mhz: 2901, Mhz Limit: 2901

Memory: 4k page, system-wide physical 15790M (5050M free)
TotalPageFile size 19886M (AvailPageFile size 5M)
current process WorkingSet (physical memory assigned to process): 160M, peak: 162M
current process commit charge ("private bytes"): 420M, peak: 423M

vm_info: OpenJDK 64-Bit Server VM (17.0.9+8-LTS) for windows-amd64 JRE (17.0.9+8-LTS), built on Oct 12 2023 16:15:33 by "Administrator" with MS VC++ 16.10 / 16.11 (VS2019)

END.
