[2024-05-29 20:57:32] [ INFO ] [PacienteDAOH2:116] iniciando las operaciones de busqueda:
[2024-05-29 20:57:32] [ ERROR] [PacienteDAOH2:133] Table "PACIENTES" not found (this database is empty); SQL statement:
SELECT * FROM PACIENTES [42104-224]
[2024-05-29 21:03:21] [ INFO ] [BD:33] tabla creada con exito
[2024-05-29 21:03:39] [ INFO ] [PacienteDAOH2:116] iniciando las operaciones de busqueda:
[2024-05-29 21:03:39] [ INFO ] [DomicilioDAOH2:44] iniciando la busqueda de un domicilio con id: 1
[2024-05-29 21:03:39] [ INFO ] [DomicilioDAOH2:44] iniciando la busqueda de un domicilio con id: 2
[2024-05-29 21:20:37] [ INFO ] [BD:33] tabla creada con exito
[2024-05-29 21:22:06] [ INFO ] [BD:33] tabla creada con exito
[2024-05-29 21:22:18] [ INFO ] [PacienteDAOH2:23] inciando las operaciones de guardado
[2024-05-29 21:22:18] [ INFO ] [DomicilioDAOH2:19] iniciando las operaciones de guardado
[2024-05-29 21:22:18] [ INFO ] [DomicilioDAOH2:33] domicilio guardado
[2024-05-29 21:22:18] [ ERROR] [PacienteDAOH2:44] La columna "EMAIL" no permite valores nulos (NULL)
NULL not allowed for column "EMAIL"; SQL statement:
INSERT INTO PACIENTES(NOMBRE, APELLIDO, CEDULA, FECHA_INGRESO, DOMICILIO_ID,ODONTOLOGO_ID) VALUES(?,?,?,?,?,?) [23502-224]
[2024-05-29 21:31:09] [ INFO ] [BD:33] tabla creada con exito
[2024-05-29 21:31:18] [ INFO ] [PacienteDAOH2:23] inciando las operaciones de guardado
[2024-05-29 21:31:18] [ INFO ] [DomicilioDAOH2:19] iniciando las operaciones de guardado
[2024-05-29 21:31:18] [ INFO ] [DomicilioDAOH2:33] domicilio guardado
[2024-05-29 21:31:18] [ ERROR] [PacienteDAOH2:44] Parametro "#7" no está fijado
Parameter "#7" is not set; SQL statement:
INSERT INTO PACIENTES(NOMBRE, APELLIDO, CEDULA, FECHA_INGRESO, DOMICILIO_ID,EMAIL,ODONTOLOGO_ID) VALUES(?,?,?,?,?,?,?) [90012-224]
[2024-05-29 21:32:34] [ INFO ] [BD:33] tabla creada con exito
[2024-05-29 21:32:52] [ INFO ] [PacienteDAOH2:23] inciando las operaciones de guardado
[2024-05-29 21:32:52] [ INFO ] [DomicilioDAOH2:19] iniciando las operaciones de guardado
[2024-05-29 21:32:52] [ INFO ] [DomicilioDAOH2:33] domicilio guardado
[2024-05-29 21:32:52] [ ERROR] [PacienteDAOH2:44] La columna "ODONTOLOGO_ID" no permite valores nulos (NULL)
NULL not allowed for column "ODONTOLOGO_ID"; SQL statement:
INSERT INTO PACIENTES(NOMBRE, APELLIDO, CEDULA, FECHA_INGRESO, DOMICILIO_ID,EMAIL) VALUES(?,?,?,?,?,?) [23502-224]
[2024-05-29 21:33:39] [ INFO ] [BD:33] tabla creada con exito
[2024-05-29 21:33:56] [ INFO ] [PacienteDAOH2:23] inciando las operaciones de guardado
[2024-05-29 21:33:56] [ INFO ] [DomicilioDAOH2:19] iniciando las operaciones de guardado
[2024-05-29 21:33:56] [ INFO ] [DomicilioDAOH2:33] domicilio guardado
[2024-05-29 21:33:56] [ INFO ] [PacienteDAOH2:41] paciente guardado
[2024-05-29 21:34:48] [ INFO ] [PacienteDAOH2:23] inciando las operaciones de guardado
[2024-05-29 21:34:48] [ INFO ] [DomicilioDAOH2:19] iniciando las operaciones de guardado
[2024-05-29 21:34:48] [ INFO ] [DomicilioDAOH2:33] domicilio guardado
[2024-05-29 21:34:48] [ INFO ] [PacienteDAOH2:41] paciente guardado
[2024-05-29 21:37:22] [ INFO ] [PacienteDAOH2:51] iniciando la operacion de buscado de un paciente con id : 4
[2024-05-29 21:37:22] [ INFO ] [DomicilioDAOH2:44] iniciando la busqueda de un domicilio con id: 4
[2024-05-29 21:37:22] [ WARN ] [PacienteDAOH2:92] iniciando las operaciones de actualizacion de un paciente con id : 4
[2024-05-29 21:37:35] [ INFO ] [PacienteDAOH2:116] iniciando las operaciones de busqueda:
[2024-05-29 21:37:35] [ INFO ] [DomicilioDAOH2:44] iniciando la busqueda de un domicilio con id: 1
[2024-05-29 21:37:35] [ INFO ] [DomicilioDAOH2:44] iniciando la busqueda de un domicilio con id: 2
[2024-05-29 21:37:35] [ INFO ] [DomicilioDAOH2:44] iniciando la busqueda de un domicilio con id: 3
[2024-05-29 21:37:35] [ INFO ] [DomicilioDAOH2:44] iniciando la busqueda de un domicilio con id: 4
[2024-05-29 21:38:20] [ INFO ] [PacienteDAOH2:51] iniciando la operacion de buscado de un paciente con id : 4
[2024-05-29 21:38:20] [ INFO ] [DomicilioDAOH2:44] iniciando la busqueda de un domicilio con id: 4
[2024-05-29 21:38:20] [ WARN ] [PacienteDAOH2:77] iniciando las operaciones de eliminación de un paciente con id : 4
[2024-05-29 21:38:20] [ ERROR] [PacienteDAOH2:86] Parametro "#1" no está fijado
Parameter "#1" is not set; SQL statement:
DELETE  FROM PACIENTES WHERE ID=? [90012-224]
[2024-05-29 21:38:20] [ WARN ] [DomicilioDAOH2:64] iniciando las operacion de eliminación de un domicilio con id : 4
[2024-05-29 21:38:20] [ ERROR] [DomicilioDAOH2:73] Parametro "#1" no está fijado
Parameter "#1" is not set; SQL statement:
DELETE FROM DOMICILIOS WHERE ID=? [90012-224]
[2024-05-29 21:38:25] [ INFO ] [PacienteDAOH2:116] iniciando las operaciones de busqueda:
[2024-05-29 21:38:25] [ INFO ] [DomicilioDAOH2:44] iniciando la busqueda de un domicilio con id: 1
[2024-05-29 21:38:25] [ INFO ] [DomicilioDAOH2:44] iniciando la busqueda de un domicilio con id: 2
[2024-05-29 21:38:25] [ INFO ] [DomicilioDAOH2:44] iniciando la busqueda de un domicilio con id: 3
[2024-05-29 21:38:25] [ INFO ] [DomicilioDAOH2:44] iniciando la busqueda de un domicilio con id: 4
[2024-05-29 21:40:10] [ INFO ] [BD:33] tabla creada con exito
[2024-05-29 21:40:27] [ INFO ] [PacienteDAOH2:51] iniciando la operacion de buscado de un paciente con id : 4
[2024-05-29 21:41:33] [ INFO ] [PacienteDAOH2:51] iniciando la operacion de buscado de un paciente con id : 2
[2024-05-29 21:41:33] [ INFO ] [DomicilioDAOH2:44] iniciando la busqueda de un domicilio con id: 2
[2024-05-29 21:41:33] [ WARN ] [PacienteDAOH2:77] iniciando las operaciones de eliminación de un paciente con id : 2
[2024-05-29 21:41:33] [ WARN ] [DomicilioDAOH2:64] iniciando las operacion de eliminación de un domicilio con id : 2
[2024-05-29 21:41:33] [ ERROR] [DomicilioDAOH2:73] Parametro "#1" no está fijado
Parameter "#1" is not set; SQL statement:
DELETE FROM DOMICILIOS WHERE ID=? [90012-224]
[2024-05-29 21:41:45] [ INFO ] [PacienteDAOH2:116] iniciando las operaciones de busqueda:
[2024-05-29 21:41:45] [ INFO ] [DomicilioDAOH2:44] iniciando la busqueda de un domicilio con id: 1
[2024-05-29 21:42:06] [ INFO ] [PacienteDAOH2:23] inciando las operaciones de guardado
[2024-05-29 21:42:06] [ INFO ] [DomicilioDAOH2:19] iniciando las operaciones de guardado
[2024-05-29 21:42:06] [ INFO ] [DomicilioDAOH2:33] domicilio guardado
[2024-05-29 21:42:06] [ INFO ] [PacienteDAOH2:41] paciente guardado
[2024-05-29 21:42:14] [ INFO ] [PacienteDAOH2:116] iniciando las operaciones de busqueda:
[2024-05-29 21:42:14] [ INFO ] [DomicilioDAOH2:44] iniciando la busqueda de un domicilio con id: 1
[2024-05-29 21:42:14] [ INFO ] [DomicilioDAOH2:44] iniciando la busqueda de un domicilio con id: 3
[2024-05-29 21:42:56] [ INFO ] [PacienteDAOH2:51] iniciando la operacion de buscado de un paciente con id : 2
[2024-05-29 21:43:36] [ INFO ] [PacienteDAOH2:51] iniciando la operacion de buscado de un paciente con id : 3
[2024-05-29 21:43:36] [ INFO ] [DomicilioDAOH2:44] iniciando la busqueda de un domicilio con id: 3
[2024-05-29 21:43:40] [ INFO ] [PacienteDAOH2:51] iniciando la operacion de buscado de un paciente con id : 1
[2024-05-29 21:43:40] [ INFO ] [DomicilioDAOH2:44] iniciando la busqueda de un domicilio con id: 1
[2024-05-29 21:46:18] [ INFO ] [OdontologoDAOH2:93] Iniciando la operación de busqueda
[2024-05-29 21:52:19] [ INFO ] [BD:33] tabla creada con exito
[2024-05-29 21:56:00] [ INFO ] [OdontologoDAOH2:22] Iniciando la operación de creación
[2024-05-29 21:57:52] [ INFO ] [BD:33] tabla creada con exito
[2024-05-29 21:58:04] [ INFO ] [OdontologoDAOH2:22] Iniciando la operación de creación
[2024-05-29 22:02:21] [ INFO ] [BD:33] tabla creada con exito
[2024-05-29 22:02:33] [ INFO ] [OdontologoDAOH2:22] Iniciando la operación de creación
[2024-05-29 22:02:33] [ ERROR] [OdontologoDAOH2:36] Valor Invalido "1" para el parametro "columnIndex"
Invalid value "1" for parameter "columnIndex" [90008-224]
[2024-05-29 22:03:50] [ INFO ] [BD:33] tabla creada con exito
[2024-05-29 22:03:59] [ INFO ] [OdontologoDAOH2:22] Iniciando la operación de creación
[2024-05-29 22:04:18] [ INFO ] [OdontologoDAOH2:22] Iniciando la operación de creación
[2024-05-29 22:04:18] [ ERROR] [OdontologoDAOH2:39] Table "ODONTOLOGOS" not found (this database is empty); SQL statement:
INSERT INTO ODONTOLOGOS (NUMERO_MATRICULA, NOMBRE, APELLIDO) VALUES (?,?,?) [42104-224]
[2024-05-29 22:06:39] [ INFO ] [BD:33] tabla creada con exito
[2024-05-29 22:13:44] [ INFO ] [BD:33] tabla creada con exito
[2024-05-29 22:14:17] [ INFO ] [PacienteDAOH2:23] inciando las operaciones de guardado
[2024-05-29 22:14:17] [ INFO ] [DomicilioDAOH2:19] iniciando las operaciones de guardado
[2024-05-29 22:14:17] [ INFO ] [DomicilioDAOH2:33] domicilio guardado
[2024-05-29 22:14:17] [ INFO ] [PacienteDAOH2:41] paciente guardado
[2024-05-29 22:14:29] [ INFO ] [PacienteDAOH2:51] iniciando la operacion de buscado de un paciente con id : 4
[2024-05-29 22:14:35] [ INFO ] [PacienteDAOH2:51] iniciando la operacion de buscado de un paciente con id : 3
[2024-05-29 22:14:35] [ INFO ] [DomicilioDAOH2:44] iniciando la busqueda de un domicilio con id: 3
[2024-05-29 22:14:35] [ WARN ] [PacienteDAOH2:92] iniciando las operaciones de actualizacion de un paciente con id : 3
[2024-05-29 22:14:52] [ INFO ] [PacienteDAOH2:51] iniciando la operacion de buscado de un paciente con id : 3
[2024-05-29 22:14:52] [ INFO ] [DomicilioDAOH2:44] iniciando la busqueda de un domicilio con id: 4
[2024-05-29 22:15:06] [ INFO ] [PacienteDAOH2:116] iniciando las operaciones de busqueda:
[2024-05-29 22:15:06] [ INFO ] [DomicilioDAOH2:44] iniciando la busqueda de un domicilio con id: 1
[2024-05-29 22:15:06] [ INFO ] [DomicilioDAOH2:44] iniciando la busqueda de un domicilio con id: 2
[2024-05-29 22:15:06] [ INFO ] [DomicilioDAOH2:44] iniciando la busqueda de un domicilio con id: 4
[2024-05-29 22:15:19] [ INFO ] [PacienteDAOH2:51] iniciando la operacion de buscado de un paciente con id : 3
[2024-05-29 22:15:19] [ INFO ] [DomicilioDAOH2:44] iniciando la busqueda de un domicilio con id: 4
[2024-05-29 22:15:19] [ WARN ] [PacienteDAOH2:77] iniciando las operaciones de eliminación de un paciente con id : 3
[2024-05-29 22:15:33] [ INFO ] [PacienteDAOH2:116] iniciando las operaciones de busqueda:
[2024-05-29 22:15:33] [ INFO ] [DomicilioDAOH2:44] iniciando la busqueda de un domicilio con id: 1
[2024-05-29 22:15:33] [ INFO ] [DomicilioDAOH2:44] iniciando la busqueda de un domicilio con id: 2
[2024-05-29 22:17:31] [ INFO ] [OdontologoDAOH2:22] Iniciando la operación de creación
[2024-05-29 22:17:57] [ INFO ] [OdontologoDAOH2:22] Iniciando la operación de creación
[2024-05-29 22:21:12] [ INFO ] [BD:33] tabla creada con exito
[2024-05-29 22:21:30] [ INFO ] [OdontologoDAOH2:22] Iniciando la operación de creación
[2024-05-29 22:21:43] [ INFO ] [OdontologoDAOH2:97] Iniciando la operación de busqueda
[2024-05-29 22:21:43] [ ERROR] [OdontologoDAOH2:114] Table "ODONTOLOGOS" not found (this database is empty); SQL statement:
SELECT * FROM ODONTOLOGOS [42104-224]
[2024-05-29 22:22:25] [ INFO ] [BD:33] tabla creada con exito
[2024-05-29 22:22:36] [ INFO ] [OdontologoDAOH2:97] Iniciando la operación de busqueda
[2024-05-29 22:23:08] [ INFO ] [OdontologoDAOH2:22] Iniciando la operación de creación
[2024-05-29 22:23:08] [ ERROR] [OdontologoDAOH2:39] Table "ODONTOLOGOS" not found (this database is empty); SQL statement:
INSERT INTO ODONTOLOGOS (NUMERO_MATRICULA, NOMBRE, APELLIDO) VALUES (?,?,?) [42104-224]
[2024-05-29 22:23:16] [ INFO ] [OdontologoDAOH2:97] Iniciando la operación de busqueda
[2024-05-29 22:23:16] [ ERROR] [OdontologoDAOH2:114] Table "ODONTOLOGOS" not found (this database is empty); SQL statement:
SELECT * FROM ODONTOLOGOS [42104-224]
[2024-05-29 22:33:07] [ INFO ] [BD:33] tabla creada con exito
[2024-05-29 22:33:15] [ INFO ] [OdontologoDAOH2:96] Iniciando la operación de busqueda
[2024-05-29 22:33:23] [ INFO ] [OdontologoDAOH2:22] Iniciando la operación de creación
[2024-05-29 22:33:23] [ ERROR] [OdontologoDAOH2:38] Table "ODONTOLOGOS" not found (this database is empty); SQL statement:
INSERT INTO ODONTOLOGOS (NUMERO_MATRICULA, NOMBRE, APELLIDO) VALUES (?,?,?) [42104-224]
[2024-05-29 22:33:50] [ INFO ] [OdontologoDAOH2:96] Iniciando la operación de busqueda
[2024-05-29 22:33:50] [ ERROR] [OdontologoDAOH2:113] Table "ODONTOLOGOS" not found (this database is empty); SQL statement:
SELECT * FROM ODONTOLOGOS [42104-224]
[2024-05-29 22:38:12] [ INFO ] [BD:33] tabla creada con exito
[2024-05-29 22:38:24] [ INFO ] [OdontologoDAOH2:95] Iniciando la operación de busqueda
[2024-05-29 22:38:29] [ INFO ] [OdontologoDAOH2:22] Iniciando la operación de creación
[2024-05-29 22:38:34] [ INFO ] [OdontologoDAOH2:95] Iniciando la operación de busqueda
[2024-05-29 22:38:34] [ ERROR] [OdontologoDAOH2:112] Table "ODONTOLOGOS" not found (this database is empty); SQL statement:
SELECT * FROM ODONTOLOGOS [42104-224]
[2024-05-29 22:40:23] [ INFO ] [BD:33] tabla creada con exito
[2024-05-29 22:40:32] [ INFO ] [OdontologoDAOH2:95] Iniciando la operación de busqueda
[2024-05-29 22:40:35] [ INFO ] [OdontologoDAOH2:95] Iniciando la operación de busqueda
[2024-05-29 22:40:35] [ ERROR] [OdontologoDAOH2:112] Table "ODONTOLOGOS" not found (this database is empty); SQL statement:
SELECT * FROM ODONTOLOGOS [42104-224]
[2024-05-29 22:40:38] [ INFO ] [OdontologoDAOH2:95] Iniciando la operación de busqueda
[2024-05-29 22:40:38] [ ERROR] [OdontologoDAOH2:112] Table "ODONTOLOGOS" not found (this database is empty); SQL statement:
SELECT * FROM ODONTOLOGOS [42104-224]
[2024-05-29 22:40:40] [ INFO ] [OdontologoDAOH2:95] Iniciando la operación de busqueda
[2024-05-29 22:40:40] [ ERROR] [OdontologoDAOH2:112] Table "ODONTOLOGOS" not found (this database is empty); SQL statement:
SELECT * FROM ODONTOLOGOS [42104-224]
[2024-05-29 22:40:41] [ INFO ] [OdontologoDAOH2:95] Iniciando la operación de busqueda
[2024-05-29 22:40:41] [ ERROR] [OdontologoDAOH2:112] Table "ODONTOLOGOS" not found (this database is empty); SQL statement:
SELECT * FROM ODONTOLOGOS [42104-224]
[2024-05-29 22:40:41] [ INFO ] [OdontologoDAOH2:95] Iniciando la operación de busqueda
[2024-05-29 22:40:41] [ ERROR] [OdontologoDAOH2:112] Table "ODONTOLOGOS" not found (this database is empty); SQL statement:
SELECT * FROM ODONTOLOGOS [42104-224]
[2024-05-29 22:40:42] [ INFO ] [OdontologoDAOH2:95] Iniciando la operación de busqueda
[2024-05-29 22:40:42] [ ERROR] [OdontologoDAOH2:112] Table "ODONTOLOGOS" not found (this database is empty); SQL statement:
SELECT * FROM ODONTOLOGOS [42104-224]
[2024-05-29 22:40:44] [ INFO ] [OdontologoDAOH2:95] Iniciando la operación de busqueda
[2024-05-29 22:40:44] [ ERROR] [OdontologoDAOH2:112] Table "ODONTOLOGOS" not found (this database is empty); SQL statement:
SELECT * FROM ODONTOLOGOS [42104-224]
[2024-05-29 22:40:47] [ INFO ] [OdontologoDAOH2:95] Iniciando la operación de busqueda
[2024-05-29 22:40:47] [ ERROR] [OdontologoDAOH2:112] Table "ODONTOLOGOS" not found (this database is empty); SQL statement:
SELECT * FROM ODONTOLOGOS [42104-224]
[2024-05-29 22:40:48] [ INFO ] [OdontologoDAOH2:95] Iniciando la operación de busqueda
[2024-05-29 22:40:48] [ ERROR] [OdontologoDAOH2:112] Table "ODONTOLOGOS" not found (this database is empty); SQL statement:
SELECT * FROM ODONTOLOGOS [42104-224]
[2024-05-29 22:40:48] [ INFO ] [OdontologoDAOH2:95] Iniciando la operación de busqueda
[2024-05-29 22:40:48] [ ERROR] [OdontologoDAOH2:112] Table "ODONTOLOGOS" not found (this database is empty); SQL statement:
SELECT * FROM ODONTOLOGOS [42104-224]
[2024-05-29 22:40:54] [ INFO ] [OdontologoDAOH2:95] Iniciando la operación de busqueda
[2024-05-29 22:40:54] [ ERROR] [OdontologoDAOH2:112] Table "ODONTOLOGOS" not found (this database is empty); SQL statement:
SELECT * FROM ODONTOLOGOS [42104-224]
[2024-05-29 22:40:59] [ INFO ] [OdontologoDAOH2:95] Iniciando la operación de busqueda
[2024-05-29 22:40:59] [ ERROR] [OdontologoDAOH2:112] Table "ODONTOLOGOS" not found (this database is empty); SQL statement:
SELECT * FROM ODONTOLOGOS [42104-224]
[2024-05-29 22:41:02] [ INFO ] [OdontologoDAOH2:95] Iniciando la operación de busqueda
[2024-05-29 22:41:02] [ ERROR] [OdontologoDAOH2:112] Table "ODONTOLOGOS" not found (this database is empty); SQL statement:
SELECT * FROM ODONTOLOGOS [42104-224]
[2024-05-29 22:41:03] [ INFO ] [OdontologoDAOH2:95] Iniciando la operación de busqueda
[2024-05-29 22:41:03] [ ERROR] [OdontologoDAOH2:112] Table "ODONTOLOGOS" not found (this database is empty); SQL statement:
SELECT * FROM ODONTOLOGOS [42104-224]
[2024-05-29 22:43:19] [ INFO ] [OdontologoDAOH2:95] Iniciando la operación de busqueda
[2024-05-29 22:43:19] [ ERROR] [OdontologoDAOH2:112] Table "ODONTOLOGOS" not found (this database is empty); SQL statement:
SELECT * FROM ODONTOLOGOS [42104-224]
[2024-05-29 22:43:21] [ INFO ] [OdontologoDAOH2:95] Iniciando la operación de busqueda
[2024-05-29 22:43:21] [ ERROR] [OdontologoDAOH2:112] Table "ODONTOLOGOS" not found (this database is empty); SQL statement:
SELECT * FROM ODONTOLOGOS [42104-224]
[2024-05-29 22:43:22] [ INFO ] [OdontologoDAOH2:95] Iniciando la operación de busqueda
[2024-05-29 22:43:22] [ ERROR] [OdontologoDAOH2:112] Table "ODONTOLOGOS" not found (this database is empty); SQL statement:
SELECT * FROM ODONTOLOGOS [42104-224]
[2024-05-30 16:40:24] [ INFO ] [BD:33] tabla creada con exito
[2024-05-30 16:41:40] [ INFO ] [PacienteDAOH2:116] iniciando las operaciones de busqueda:
[2024-05-30 16:41:40] [ INFO ] [DomicilioDAOH2:44] iniciando la busqueda de un domicilio con id: 1
[2024-05-30 16:41:40] [ INFO ] [DomicilioDAOH2:44] iniciando la busqueda de un domicilio con id: 2
[2024-05-30 16:41:58] [ INFO ] [BD:33] tabla creada con exito
[2024-05-30 16:45:23] [ INFO ] [BD:33] tabla creada con exito
[2024-05-30 16:45:28] [ INFO ] [OdontologoDAOH2:95] Iniciando la operación de busqueda
[2024-05-30 16:48:41] [ INFO ] [BD:33] tabla creada con exito
[2024-05-30 16:50:14] [ INFO ] [OdontologoDAOH2:95] Iniciando la operación de busqueda
[2024-05-30 16:50:16] [ INFO ] [OdontologoDAOH2:95] Iniciando la operación de busqueda
[2024-05-30 16:50:16] [ ERROR] [OdontologoDAOH2:113] Table "ODONTOLOGOS" not found (this database is empty); SQL statement:
SELECT * FROM ODONTOLOGOS [42104-224]
[2024-05-30 16:51:18] [ INFO ] [BD:33] tabla creada con exito
[2024-05-30 16:51:26] [ INFO ] [OdontologoDAOH2:95] Iniciando la operación de busqueda
[2024-05-30 16:51:28] [ INFO ] [OdontologoDAOH2:95] Iniciando la operación de busqueda
[2024-05-30 16:51:28] [ ERROR] [OdontologoDAOH2:114] Table "ODONTOLOGOS" not found (this database is empty); SQL statement:
SELECT * FROM ODONTOLOGOS [42104-224]
[2024-05-30 16:53:17] [ INFO ] [BD:33] tabla creada con exito
[2024-05-30 16:53:24] [ INFO ] [OdontologoDAOH2:95] Iniciando la operación de busqueda
[2024-05-30 16:53:24] [ ERROR] [OdontologoDAOH2:114] This method is not allowed for a prepared statement; use a regular statement instead. [90130-224]
[2024-05-30 16:53:26] [ INFO ] [OdontologoDAOH2:95] Iniciando la operación de busqueda
[2024-05-30 16:53:26] [ ERROR] [OdontologoDAOH2:114] Table "ODONTOLOGOS" not found (this database is empty); SQL statement:
SELECT * FROM ODONTOLOGOS [42104-224]
[2024-05-30 16:53:36] [ INFO ] [BD:33] tabla creada con exito
[2024-05-30 16:53:43] [ INFO ] [OdontologoDAOH2:95] Iniciando la operación de busqueda
[2024-05-30 16:53:43] [ ERROR] [OdontologoDAOH2:114] This method is not allowed for a prepared statement; use a regular statement instead. [90130-224]
[2024-05-30 16:54:30] [ INFO ] [BD:33] tabla creada con exito
[2024-05-30 16:54:38] [ INFO ] [OdontologoDAOH2:95] Iniciando la operación de busqueda
[2024-05-30 16:54:39] [ INFO ] [OdontologoDAOH2:95] Iniciando la operación de busqueda
[2024-05-30 16:54:39] [ ERROR] [OdontologoDAOH2:114] Table "ODONTOLOGOS" not found (this database is empty); SQL statement:
SELECT * FROM ODONTOLOGOS [42104-224]
[2024-05-30 16:55:34] [ INFO ] [BD:33] tabla creada con exito
[2024-05-30 16:55:40] [ INFO ] [OdontologoDAOH2:95] Iniciando la operación de busqueda
[2024-05-30 16:55:41] [ INFO ] [OdontologoDAOH2:95] Iniciando la operación de busqueda
[2024-05-30 16:55:42] [ INFO ] [OdontologoDAOH2:95] Iniciando la operación de busqueda
[2024-05-30 16:55:43] [ INFO ] [OdontologoDAOH2:95] Iniciando la operación de busqueda
[2024-05-30 16:58:07] [ INFO ] [BD:33] tabla creada con exito
[2024-05-30 16:58:11] [ INFO ] [OdontologoDAOH2:95] Iniciando la operación de busqueda
[2024-05-30 16:58:11] [ INFO ] [OdontologoDAOH2:95] Iniciando la operación de busqueda
[2024-05-30 16:58:12] [ INFO ] [OdontologoDAOH2:95] Iniciando la operación de busqueda
[2024-05-30 16:58:38] [ INFO ] [BD:33] tabla creada con exito
[2024-05-30 16:59:10] [ INFO ] [OdontologoDAOH2:95] Iniciando la operación de busqueda
[2024-05-30 16:59:11] [ INFO ] [OdontologoDAOH2:95] Iniciando la operación de busqueda
[2024-05-30 16:59:12] [ INFO ] [OdontologoDAOH2:95] Iniciando la operación de busqueda
[2024-05-30 17:02:45] [ INFO ] [OdontologoDAOH2:22] Iniciando la operación de creación
[2024-05-30 17:03:17] [ INFO ] [OdontologoDAOH2:95] Iniciando la operación de busqueda
[2024-05-30 17:03:17] [ ERROR] [OdontologoDAOH2:114] Table "ODONTOLOGOS" not found (this database is empty); SQL statement:
SELECT * FROM ODONTOLOGOS [42104-224]
[2024-05-30 17:03:43] [ INFO ] [BD:33] tabla creada con exito
[2024-05-30 17:04:00] [ INFO ] [OdontologoDAOH2:22] Iniciando la operación de creación
[2024-05-30 17:04:04] [ INFO ] [OdontologoDAOH2:96] Iniciando la operación de busqueda
[2024-05-30 17:09:04] [ INFO ] [BD:33] tabla creada con exito
[2024-05-30 17:09:11] [ INFO ] [OdontologoDAOH2:95] Iniciando la operación de busqueda
[2024-05-30 17:09:14] [ INFO ] [OdontologoDAOH2:22] Iniciando la operación de creación
[2024-05-30 17:12:51] [ INFO ] [BD:33] tabla creada con exito
[2024-05-30 17:13:01] [ INFO ] [OdontologoDAOH2:22] Iniciando la operación de creación
[2024-05-30 17:13:11] [ INFO ] [OdontologoDAOH2:95] Iniciando la operación de busqueda
[2024-05-30 17:14:20] [ INFO ] [BD:33] tabla creada con exito
[2024-05-30 17:14:29] [ INFO ] [OdontologoDAOH2:22] Iniciando la operación de creación
[2024-05-30 17:14:32] [ INFO ] [OdontologoDAOH2:95] Iniciando la operación de busqueda
[2024-05-30 17:17:40] [ INFO ] [BD:33] tabla creada con exito
[2024-05-30 17:17:56] [ INFO ] [BD:33] tabla creada con exito
[2024-05-30 17:18:03] [ INFO ] [OdontologoDAOH2:22] Iniciando la operación de creación
[2024-05-30 17:18:06] [ INFO ] [OdontologoDAOH2:95] Iniciando la operación de busqueda
[2024-05-30 17:18:10] [ INFO ] [OdontologoDAOH2:22] Iniciando la operación de creación
[2024-05-30 17:18:14] [ INFO ] [OdontologoDAOH2:95] Iniciando la operación de busqueda
[2024-05-30 17:22:33] [ INFO ] [BD:33] tabla creada con exito
[2024-05-30 17:22:46] [ INFO ] [OdontologoDAOH2:22] Iniciando la operación de creación
[2024-05-30 17:22:50] [ INFO ] [OdontologoDAOH2:95] Iniciando la operación de busqueda
[2024-05-30 17:24:06] [ INFO ] [BD:33] tabla creada con exito
[2024-05-30 17:24:17] [ INFO ] [OdontologoDAOH2:95] Iniciando la operación de busqueda
[2024-05-30 17:24:21] [ INFO ] [OdontologoDAOH2:22] Iniciando la operación de creación
[2024-05-30 17:25:52] [ INFO ] [BD:33] tabla creada con exito
[2024-05-30 17:26:03] [ INFO ] [OdontologoDAOH2:22] Iniciando la operación de creación
[2024-05-30 17:26:06] [ INFO ] [OdontologoDAOH2:95] Iniciando la operación de busqueda
[2024-05-30 17:30:04] [ INFO ] [BD:33] tabla creada con exito
[2024-05-30 18:12:43] [ INFO ] [BD:33] tabla creada con exito
[2024-05-30 18:12:51] [ INFO ] [OdontologoDAOH2:96] Iniciando la operación de busqueda
[2024-05-30 18:12:55] [ INFO ] [OdontologoDAOH2:22] Iniciando la operación de creación
[2024-05-30 18:12:59] [ INFO ] [OdontologoDAOH2:96] Iniciando la operación de busqueda
[2024-05-30 18:27:37] [ INFO ] [BD:33] tabla creada con exito
[2024-05-30 18:28:40] [ INFO ] [TurnoDAOLISTA:49] iniciando las operacion de mostrar todos los turnos
[2024-05-30 18:30:19] [ INFO ] [PacienteDAOH2:51] iniciando la operacion de buscado de un paciente con id : 1
[2024-05-30 18:30:19] [ INFO ] [DomicilioDAOH2:44] iniciando la busqueda de un domicilio con id: 1
[2024-05-30 18:30:19] [ INFO ] [OdontologoDAOH2:44] Iniciando la operación de busqueda odontologo
[2024-05-30 18:30:19] [ INFO ] [TurnoDAOLISTA:14] iniciando las operaciones de guardado de un turno
[2024-05-30 18:30:19] [ INFO ] [PacienteDAOH2:51] iniciando la operacion de buscado de un paciente con id : 1
[2024-05-30 18:30:19] [ INFO ] [DomicilioDAOH2:44] iniciando la busqueda de un domicilio con id: 1
[2024-05-30 18:30:19] [ INFO ] [OdontologoDAOH2:44] Iniciando la operación de busqueda odontologo
[2024-05-30 18:30:19] [ INFO ] [TurnoDAOLISTA:20] turno guardado con exito
[2024-05-30 18:36:20] [ INFO ] [BD:33] tabla creada con exito
[2024-05-30 18:36:29] [ INFO ] [PacienteDAOH2:51] iniciando la operacion de buscado de un paciente con id : 1
[2024-05-30 18:36:29] [ INFO ] [DomicilioDAOH2:44] iniciando la busqueda de un domicilio con id: 1
[2024-05-30 18:36:29] [ INFO ] [OdontologoDAOH2:44] Iniciando la operación de busqueda odontologo
[2024-05-30 18:36:29] [ INFO ] [TurnoDAOLISTA:21] iniciando las operaciones de guardado de un turno
[2024-05-30 18:36:29] [ INFO ] [PacienteDAOH2:51] iniciando la operacion de buscado de un paciente con id : 1
[2024-05-30 18:36:29] [ INFO ] [DomicilioDAOH2:44] iniciando la busqueda de un domicilio con id: 1
[2024-05-30 18:36:29] [ INFO ] [OdontologoDAOH2:44] Iniciando la operación de busqueda odontologo
[2024-05-30 18:36:29] [ INFO ] [TurnoDAOLISTA:28] turno guardado con exito
[2024-05-30 18:36:32] [ INFO ] [PacienteDAOH2:51] iniciando la operacion de buscado de un paciente con id : 1
[2024-05-30 18:36:32] [ INFO ] [DomicilioDAOH2:44] iniciando la busqueda de un domicilio con id: 1
[2024-05-30 18:36:32] [ INFO ] [OdontologoDAOH2:44] Iniciando la operación de busqueda odontologo
[2024-05-30 18:36:32] [ INFO ] [TurnoDAOLISTA:21] iniciando las operaciones de guardado de un turno
[2024-05-30 18:36:32] [ INFO ] [PacienteDAOH2:51] iniciando la operacion de buscado de un paciente con id : 1
[2024-05-30 18:36:32] [ INFO ] [DomicilioDAOH2:44] iniciando la busqueda de un domicilio con id: 1
[2024-05-30 18:36:32] [ INFO ] [OdontologoDAOH2:44] Iniciando la operación de busqueda odontologo
[2024-05-30 18:36:32] [ INFO ] [TurnoDAOLISTA:28] turno guardado con exito
[2024-05-30 18:36:33] [ INFO ] [PacienteDAOH2:51] iniciando la operacion de buscado de un paciente con id : 1
[2024-05-30 18:36:33] [ INFO ] [DomicilioDAOH2:44] iniciando la busqueda de un domicilio con id: 1
[2024-05-30 18:36:33] [ INFO ] [OdontologoDAOH2:44] Iniciando la operación de busqueda odontologo
[2024-05-30 18:36:33] [ INFO ] [TurnoDAOLISTA:21] iniciando las operaciones de guardado de un turno
[2024-05-30 18:36:33] [ INFO ] [PacienteDAOH2:51] iniciando la operacion de buscado de un paciente con id : 1
[2024-05-30 18:36:33] [ INFO ] [DomicilioDAOH2:44] iniciando la busqueda de un domicilio con id: 1
[2024-05-30 18:36:33] [ INFO ] [OdontologoDAOH2:44] Iniciando la operación de busqueda odontologo
[2024-05-30 18:36:33] [ INFO ] [TurnoDAOLISTA:28] turno guardado con exito
[2024-05-30 18:36:34] [ INFO ] [PacienteDAOH2:51] iniciando la operacion de buscado de un paciente con id : 1
[2024-05-30 18:36:34] [ INFO ] [DomicilioDAOH2:44] iniciando la busqueda de un domicilio con id: 1
[2024-05-30 18:36:34] [ INFO ] [OdontologoDAOH2:44] Iniciando la operación de busqueda odontologo
[2024-05-30 18:36:34] [ INFO ] [TurnoDAOLISTA:21] iniciando las operaciones de guardado de un turno
[2024-05-30 18:36:34] [ INFO ] [PacienteDAOH2:51] iniciando la operacion de buscado de un paciente con id : 1
[2024-05-30 18:36:34] [ INFO ] [DomicilioDAOH2:44] iniciando la busqueda de un domicilio con id: 1
[2024-05-30 18:36:34] [ INFO ] [OdontologoDAOH2:44] Iniciando la operación de busqueda odontologo
[2024-05-30 18:36:34] [ INFO ] [TurnoDAOLISTA:28] turno guardado con exito
[2024-05-30 18:36:35] [ INFO ] [PacienteDAOH2:51] iniciando la operacion de buscado de un paciente con id : 1
[2024-05-30 18:36:35] [ INFO ] [DomicilioDAOH2:44] iniciando la busqueda de un domicilio con id: 1
[2024-05-30 18:36:35] [ INFO ] [OdontologoDAOH2:44] Iniciando la operación de busqueda odontologo
[2024-05-30 18:36:35] [ INFO ] [TurnoDAOLISTA:21] iniciando las operaciones de guardado de un turno
[2024-05-30 18:36:35] [ INFO ] [PacienteDAOH2:51] iniciando la operacion de buscado de un paciente con id : 1
[2024-05-30 18:36:35] [ INFO ] [DomicilioDAOH2:44] iniciando la busqueda de un domicilio con id: 1
[2024-05-30 18:36:35] [ INFO ] [OdontologoDAOH2:44] Iniciando la operación de busqueda odontologo
[2024-05-30 18:36:35] [ INFO ] [TurnoDAOLISTA:28] turno guardado con exito
[2024-05-30 18:36:36] [ INFO ] [PacienteDAOH2:51] iniciando la operacion de buscado de un paciente con id : 1
[2024-05-30 18:36:36] [ INFO ] [DomicilioDAOH2:44] iniciando la busqueda de un domicilio con id: 1
[2024-05-30 18:36:36] [ INFO ] [OdontologoDAOH2:44] Iniciando la operación de busqueda odontologo
[2024-05-30 18:36:36] [ INFO ] [TurnoDAOLISTA:21] iniciando las operaciones de guardado de un turno
[2024-05-30 18:36:36] [ INFO ] [PacienteDAOH2:51] iniciando la operacion de buscado de un paciente con id : 1
[2024-05-30 18:36:36] [ INFO ] [DomicilioDAOH2:44] iniciando la busqueda de un domicilio con id: 1
[2024-05-30 18:36:36] [ INFO ] [OdontologoDAOH2:44] Iniciando la operación de busqueda odontologo
[2024-05-30 18:36:36] [ INFO ] [TurnoDAOLISTA:28] turno guardado con exito
[2024-05-30 18:36:37] [ INFO ] [PacienteDAOH2:51] iniciando la operacion de buscado de un paciente con id : 1
[2024-05-30 18:36:37] [ INFO ] [DomicilioDAOH2:44] iniciando la busqueda de un domicilio con id: 1
[2024-05-30 18:36:37] [ INFO ] [OdontologoDAOH2:44] Iniciando la operación de busqueda odontologo
[2024-05-30 18:36:37] [ INFO ] [TurnoDAOLISTA:21] iniciando las operaciones de guardado de un turno
[2024-05-30 18:36:37] [ INFO ] [PacienteDAOH2:51] iniciando la operacion de buscado de un paciente con id : 1
[2024-05-30 18:36:37] [ INFO ] [DomicilioDAOH2:44] iniciando la busqueda de un domicilio con id: 1
[2024-05-30 18:36:37] [ INFO ] [OdontologoDAOH2:44] Iniciando la operación de busqueda odontologo
[2024-05-30 18:36:37] [ INFO ] [TurnoDAOLISTA:28] turno guardado con exito
[2024-05-30 18:36:42] [ INFO ] [TurnoDAOLISTA:57] iniciando las operacion de mostrar todos los turnos
[2024-05-30 18:49:36] [ INFO ] [BD:33] tabla creada con exito
[2024-05-30 18:49:53] [ INFO ] [PacienteDAOH2:51] iniciando la operacion de buscado de un paciente con id : 1
[2024-05-30 18:49:53] [ INFO ] [DomicilioDAOH2:44] iniciando la busqueda de un domicilio con id: 1
[2024-05-30 18:49:53] [ INFO ] [OdontologoDAOH2:44] Iniciando la operación de busqueda odontologo
[2024-05-30 18:49:53] [ INFO ] [TurnoDAOLISTA:21] iniciando las operaciones de guardado de un turno
[2024-05-30 18:49:53] [ INFO ] [PacienteDAOH2:51] iniciando la operacion de buscado de un paciente con id : 1
[2024-05-30 18:49:53] [ INFO ] [DomicilioDAOH2:44] iniciando la busqueda de un domicilio con id: 1
[2024-05-30 18:49:53] [ INFO ] [OdontologoDAOH2:44] Iniciando la operación de busqueda odontologo
[2024-05-30 18:49:53] [ INFO ] [TurnoDAOLISTA:28] turno guardado con exito
[2024-05-30 18:49:55] [ INFO ] [PacienteDAOH2:51] iniciando la operacion de buscado de un paciente con id : 1
[2024-05-30 18:49:55] [ INFO ] [DomicilioDAOH2:44] iniciando la busqueda de un domicilio con id: 1
[2024-05-30 18:49:55] [ INFO ] [OdontologoDAOH2:44] Iniciando la operación de busqueda odontologo
[2024-05-30 18:49:55] [ INFO ] [TurnoDAOLISTA:21] iniciando las operaciones de guardado de un turno
[2024-05-30 18:49:55] [ INFO ] [PacienteDAOH2:51] iniciando la operacion de buscado de un paciente con id : 1
[2024-05-30 18:49:55] [ INFO ] [DomicilioDAOH2:44] iniciando la busqueda de un domicilio con id: 1
[2024-05-30 18:49:55] [ INFO ] [OdontologoDAOH2:44] Iniciando la operación de busqueda odontologo
[2024-05-30 18:49:55] [ INFO ] [TurnoDAOLISTA:28] turno guardado con exito
[2024-05-30 18:49:56] [ INFO ] [PacienteDAOH2:51] iniciando la operacion de buscado de un paciente con id : 1
[2024-05-30 18:49:56] [ INFO ] [DomicilioDAOH2:44] iniciando la busqueda de un domicilio con id: 1
[2024-05-30 18:49:56] [ INFO ] [OdontologoDAOH2:44] Iniciando la operación de busqueda odontologo
[2024-05-30 18:49:56] [ INFO ] [TurnoDAOLISTA:21] iniciando las operaciones de guardado de un turno
[2024-05-30 18:49:56] [ INFO ] [PacienteDAOH2:51] iniciando la operacion de buscado de un paciente con id : 1
[2024-05-30 18:49:56] [ INFO ] [DomicilioDAOH2:44] iniciando la busqueda de un domicilio con id: 1
[2024-05-30 18:49:56] [ INFO ] [OdontologoDAOH2:44] Iniciando la operación de busqueda odontologo
[2024-05-30 18:49:56] [ INFO ] [TurnoDAOLISTA:28] turno guardado con exito
[2024-05-30 18:49:58] [ INFO ] [TurnoDAOLISTA:63] iniciando las operacion de mostrar todos los turnos
[2024-05-30 18:50:19] [ INFO ] [TurnoDAOLISTA:63] iniciando las operacion de mostrar todos los turnos
[2024-05-30 18:50:28] [ INFO ] [PacienteDAOH2:51] iniciando la operacion de buscado de un paciente con id : 1
[2024-05-30 18:50:28] [ INFO ] [DomicilioDAOH2:44] iniciando la busqueda de un domicilio con id: 1
[2024-05-30 18:50:28] [ INFO ] [OdontologoDAOH2:44] Iniciando la operación de busqueda odontologo
[2024-05-30 18:50:28] [ INFO ] [TurnoDAOLISTA:21] iniciando las operaciones de guardado de un turno
[2024-05-30 18:50:28] [ INFO ] [PacienteDAOH2:51] iniciando la operacion de buscado de un paciente con id : 1
[2024-05-30 18:50:28] [ INFO ] [DomicilioDAOH2:44] iniciando la busqueda de un domicilio con id: 1
[2024-05-30 18:50:28] [ INFO ] [OdontologoDAOH2:44] Iniciando la operación de busqueda odontologo
[2024-05-30 18:50:28] [ INFO ] [TurnoDAOLISTA:28] turno guardado con exito
[2024-05-30 18:50:36] [ INFO ] [TurnoDAOLISTA:63] iniciando las operacion de mostrar todos los turnos
[2024-05-30 18:53:12] [ INFO ] [BD:33] tabla creada con exito
[2024-05-30 18:53:38] [ INFO ] [PacienteDAOH2:51] iniciando la operacion de buscado de un paciente con id : 1
[2024-05-30 18:53:38] [ INFO ] [DomicilioDAOH2:44] iniciando la busqueda de un domicilio con id: 1
[2024-05-30 18:53:38] [ INFO ] [OdontologoDAOH2:44] Iniciando la operación de busqueda odontologo
[2024-05-30 18:53:38] [ INFO ] [TurnoDAOLISTA:21] iniciando las operaciones de guardado de un turno
[2024-05-30 18:53:38] [ INFO ] [PacienteDAOH2:51] iniciando la operacion de buscado de un paciente con id : 1
[2024-05-30 18:53:38] [ INFO ] [DomicilioDAOH2:44] iniciando la busqueda de un domicilio con id: 1
[2024-05-30 18:53:38] [ INFO ] [OdontologoDAOH2:44] Iniciando la operación de busqueda odontologo
[2024-05-30 18:53:38] [ INFO ] [TurnoDAOLISTA:28] turno guardado con exito
[2024-05-30 18:53:40] [ INFO ] [PacienteDAOH2:51] iniciando la operacion de buscado de un paciente con id : 1
[2024-05-30 18:53:40] [ INFO ] [DomicilioDAOH2:44] iniciando la busqueda de un domicilio con id: 1
[2024-05-30 18:53:40] [ INFO ] [OdontologoDAOH2:44] Iniciando la operación de busqueda odontologo
[2024-05-30 18:53:40] [ INFO ] [TurnoDAOLISTA:21] iniciando las operaciones de guardado de un turno
[2024-05-30 18:53:40] [ INFO ] [PacienteDAOH2:51] iniciando la operacion de buscado de un paciente con id : 1
[2024-05-30 18:53:40] [ INFO ] [DomicilioDAOH2:44] iniciando la busqueda de un domicilio con id: 1
[2024-05-30 18:53:40] [ INFO ] [OdontologoDAOH2:44] Iniciando la operación de busqueda odontologo
[2024-05-30 18:53:40] [ INFO ] [TurnoDAOLISTA:28] turno guardado con exito
[2024-05-30 18:53:41] [ INFO ] [PacienteDAOH2:51] iniciando la operacion de buscado de un paciente con id : 1
[2024-05-30 18:53:41] [ INFO ] [DomicilioDAOH2:44] iniciando la busqueda de un domicilio con id: 1
[2024-05-30 18:53:41] [ INFO ] [OdontologoDAOH2:44] Iniciando la operación de busqueda odontologo
[2024-05-30 18:53:41] [ INFO ] [TurnoDAOLISTA:21] iniciando las operaciones de guardado de un turno
[2024-05-30 18:53:41] [ INFO ] [PacienteDAOH2:51] iniciando la operacion de buscado de un paciente con id : 1
[2024-05-30 18:53:41] [ INFO ] [DomicilioDAOH2:44] iniciando la busqueda de un domicilio con id: 1
[2024-05-30 18:53:41] [ INFO ] [OdontologoDAOH2:44] Iniciando la operación de busqueda odontologo
[2024-05-30 18:53:41] [ INFO ] [TurnoDAOLISTA:28] turno guardado con exito
[2024-05-30 18:53:42] [ INFO ] [PacienteDAOH2:51] iniciando la operacion de buscado de un paciente con id : 1
[2024-05-30 18:53:42] [ INFO ] [DomicilioDAOH2:44] iniciando la busqueda de un domicilio con id: 1
[2024-05-30 18:53:42] [ INFO ] [OdontologoDAOH2:44] Iniciando la operación de busqueda odontologo
[2024-05-30 18:53:42] [ INFO ] [TurnoDAOLISTA:21] iniciando las operaciones de guardado de un turno
[2024-05-30 18:53:42] [ INFO ] [PacienteDAOH2:51] iniciando la operacion de buscado de un paciente con id : 1
[2024-05-30 18:53:42] [ INFO ] [DomicilioDAOH2:44] iniciando la busqueda de un domicilio con id: 1
[2024-05-30 18:53:42] [ INFO ] [OdontologoDAOH2:44] Iniciando la operación de busqueda odontologo
[2024-05-30 18:53:42] [ INFO ] [TurnoDAOLISTA:28] turno guardado con exito
[2024-05-30 18:53:43] [ INFO ] [PacienteDAOH2:51] iniciando la operacion de buscado de un paciente con id : 1
[2024-05-30 18:53:43] [ INFO ] [DomicilioDAOH2:44] iniciando la busqueda de un domicilio con id: 1
[2024-05-30 18:53:43] [ INFO ] [OdontologoDAOH2:44] Iniciando la operación de busqueda odontologo
[2024-05-30 18:53:43] [ INFO ] [TurnoDAOLISTA:21] iniciando las operaciones de guardado de un turno
[2024-05-30 18:53:43] [ INFO ] [PacienteDAOH2:51] iniciando la operacion de buscado de un paciente con id : 1
[2024-05-30 18:53:43] [ INFO ] [DomicilioDAOH2:44] iniciando la busqueda de un domicilio con id: 1
[2024-05-30 18:53:43] [ INFO ] [OdontologoDAOH2:44] Iniciando la operación de busqueda odontologo
[2024-05-30 18:53:43] [ INFO ] [TurnoDAOLISTA:28] turno guardado con exito
[2024-05-30 19:03:27] [ INFO ] [BD:33] tabla creada con exito
[2024-05-30 19:04:33] [ INFO ] [BD:33] tabla creada con exito
[2024-05-30 19:04:49] [ INFO ] [BD:33] tabla creada con exito
[2024-05-30 19:05:58] [ INFO ] [BD:33] tabla creada con exito
[2024-05-30 19:06:24] [ INFO ] [TurnoDAOLISTA:47] iniciando las operaciones de eliminar el turno: 3
[2024-05-30 19:09:22] [ INFO ] [BD:33] tabla creada con exito
[2024-05-30 19:09:30] [ INFO ] [TurnoDAOLISTA:47] iniciando las operaciones de eliminar el turno: 3
[2024-05-30 19:11:56] [ INFO ] [BD:33] tabla creada con exito
[2024-05-30 19:12:03] [ INFO ] [TurnoDAOLISTA:47] iniciando las operaciones de eliminar el turno: 3
[2024-05-30 19:13:29] [ INFO ] [BD:33] tabla creada con exito
[2024-05-30 19:13:49] [ INFO ] [TurnoDAOLISTA:47] iniciando las operaciones de eliminar el turno: 3
[2024-05-30 19:14:07] [ INFO ] [PacienteDAOH2:51] iniciando la operacion de buscado de un paciente con id : 1
[2024-05-30 19:14:08] [ INFO ] [DomicilioDAOH2:44] iniciando la busqueda de un domicilio con id: 1
[2024-05-30 19:14:08] [ INFO ] [OdontologoDAOH2:44] Iniciando la operación de busqueda odontologo
[2024-05-30 19:14:08] [ INFO ] [TurnoDAOLISTA:21] iniciando las operaciones de guardado de un turno
[2024-05-30 19:14:08] [ INFO ] [PacienteDAOH2:51] iniciando la operacion de buscado de un paciente con id : 1
[2024-05-30 19:14:08] [ INFO ] [DomicilioDAOH2:44] iniciando la busqueda de un domicilio con id: 1
[2024-05-30 19:14:08] [ INFO ] [OdontologoDAOH2:44] Iniciando la operación de busqueda odontologo
[2024-05-30 19:14:08] [ INFO ] [TurnoDAOLISTA:28] turno guardado con exito
[2024-05-30 19:14:08] [ INFO ] [PacienteDAOH2:51] iniciando la operacion de buscado de un paciente con id : 1
[2024-05-30 19:14:08] [ INFO ] [DomicilioDAOH2:44] iniciando la busqueda de un domicilio con id: 1
[2024-05-30 19:14:08] [ INFO ] [OdontologoDAOH2:44] Iniciando la operación de busqueda odontologo
[2024-05-30 19:14:08] [ INFO ] [TurnoDAOLISTA:21] iniciando las operaciones de guardado de un turno
[2024-05-30 19:14:08] [ INFO ] [PacienteDAOH2:51] iniciando la operacion de buscado de un paciente con id : 1
[2024-05-30 19:14:08] [ INFO ] [DomicilioDAOH2:44] iniciando la busqueda de un domicilio con id: 1
[2024-05-30 19:14:08] [ INFO ] [OdontologoDAOH2:44] Iniciando la operación de busqueda odontologo
[2024-05-30 19:14:08] [ INFO ] [TurnoDAOLISTA:28] turno guardado con exito
[2024-05-30 19:14:09] [ INFO ] [PacienteDAOH2:51] iniciando la operacion de buscado de un paciente con id : 1
[2024-05-30 19:14:09] [ INFO ] [DomicilioDAOH2:44] iniciando la busqueda de un domicilio con id: 1
[2024-05-30 19:14:09] [ INFO ] [OdontologoDAOH2:44] Iniciando la operación de busqueda odontologo
[2024-05-30 19:14:09] [ INFO ] [TurnoDAOLISTA:21] iniciando las operaciones de guardado de un turno
[2024-05-30 19:14:09] [ INFO ] [PacienteDAOH2:51] iniciando la operacion de buscado de un paciente con id : 1
[2024-05-30 19:14:09] [ INFO ] [DomicilioDAOH2:44] iniciando la busqueda de un domicilio con id: 1
[2024-05-30 19:14:09] [ INFO ] [OdontologoDAOH2:44] Iniciando la operación de busqueda odontologo
[2024-05-30 19:14:09] [ INFO ] [TurnoDAOLISTA:28] turno guardado con exito
[2024-05-30 19:14:13] [ INFO ] [TurnoDAOLISTA:47] iniciando las operaciones de eliminar el turno: 3
[2024-05-30 19:14:13] [ INFO ] [TurnoDAOLISTA:47] iniciando las operaciones de eliminar el turno: 3
[2024-05-30 19:14:24] [ INFO ] [TurnoDAOLISTA:70] iniciando las operacion de mostrar todos los turnos
[2024-05-30 19:18:35] [ INFO ] [TurnoDAOLISTA:70] iniciando las operacion de mostrar todos los turnos
[2024-05-30 20:19:15] [ INFO ] [BD:33] tabla creada con exito
[2024-05-30 20:20:04] [ INFO ] [OdontologoDAOH2:81] Iniciando la operación de busqueda
[2024-05-30 20:20:18] [ INFO ] [OdontologoDAOH2:81] Iniciando la operación de busqueda
[2024-05-30 20:21:06] [ INFO ] [OdontologoDAOH2:81] Iniciando la operación de busqueda
[2024-05-30 20:23:29] [ INFO ] [BD:33] tabla creada con exito
[2024-05-30 20:23:35] [ INFO ] [OdontologoDAOH2:81] Iniciando la operación de busqueda
[2024-05-30 20:24:22] [ INFO ] [BD:33] tabla creada con exito
[2024-05-30 20:24:32] [ INFO ] [OdontologoDAOH2:81] Iniciando la operación de busqueda
[2024-05-30 20:27:42] [ INFO ] [OdontologoDAOH2:81] Iniciando la operación de busqueda
[2024-05-30 20:27:54] [ INFO ] [OdontologoDAOH2:81] Iniciando la operación de busqueda
[2024-05-30 20:28:29] [ INFO ] [OdontologoDAOH2:81] Iniciando la operación de busqueda
[2024-05-30 20:28:56] [ INFO ] [OdontologoDAOH2:81] Iniciando la operación de busqueda
[2024-05-30 20:28:59] [ INFO ] [OdontologoDAOH2:81] Iniciando la operación de busqueda
[2024-05-30 20:29:12] [ INFO ] [OdontologoDAOH2:81] Iniciando la operación de busqueda
[2024-05-30 20:30:31] [ INFO ] [OdontologoDAOH2:81] Iniciando la operación de busqueda
[2024-05-30 20:31:47] [ INFO ] [OdontologoDAOH2:81] Iniciando la operación de busqueda
[2024-05-30 20:31:48] [ INFO ] [OdontologoDAOH2:81] Iniciando la operación de busqueda
[2024-05-30 20:31:50] [ INFO ] [OdontologoDAOH2:81] Iniciando la operación de busqueda
[2024-05-30 20:34:18] [ INFO ] [OdontologoDAOH2:81] Iniciando la operación de busqueda
[2024-05-30 20:34:20] [ INFO ] [OdontologoDAOH2:81] Iniciando la operación de busqueda
[2024-05-30 20:34:41] [ INFO ] [OdontologoDAOH2:81] Iniciando la operación de busqueda
[2024-05-30 20:36:27] [ INFO ] [BD:33] tabla creada con exito
[2024-05-30 20:36:39] [ INFO ] [OdontologoDAOH2:81] Iniciando la operación de busqueda
[2024-05-30 20:36:41] [ INFO ] [OdontologoDAOH2:81] Iniciando la operación de busqueda
[2024-05-30 20:37:00] [ INFO ] [OdontologoDAOH2:81] Iniciando la operación de busqueda
[2024-05-30 20:40:56] [ INFO ] [BD:33] tabla creada con exito
[2024-05-30 20:43:15] [ INFO ] [BD:33] tabla creada con exito
[2024-05-30 20:43:20] [ INFO ] [OdontologoDAOH2:81] Iniciando la operación de busqueda
[2024-05-30 20:45:01] [ INFO ] [OdontologoDAOH2:22] Iniciando la operación de creación
[2024-05-30 20:45:05] [ INFO ] [OdontologoDAOH2:81] Iniciando la operación de busqueda
[2024-05-30 20:45:16] [ INFO ] [OdontologoDAOH2:22] Iniciando la operación de creación
[2024-05-30 20:45:22] [ INFO ] [OdontologoDAOH2:81] Iniciando la operación de busqueda
[2024-05-30 20:45:28] [ INFO ] [OdontologoDAOH2:81] Iniciando la operación de busqueda
[2024-05-30 20:45:56] [ INFO ] [OdontologoDAOH2:81] Iniciando la operación de busqueda
[2024-05-30 20:45:57] [ INFO ] [OdontologoDAOH2:81] Iniciando la operación de busqueda
[2024-05-30 20:45:58] [ INFO ] [OdontologoDAOH2:81] Iniciando la operación de busqueda
[2024-05-30 20:46:34] [ INFO ] [BD:33] tabla creada con exito
[2024-05-30 20:48:44] [ INFO ] [BD:33] tabla creada con exito
[2024-05-30 20:48:55] [ INFO ] [OdontologoDAOH2:81] Iniciando la operación de busqueda
[2024-05-30 20:49:18] [ INFO ] [OdontologoDAOH2:81] Iniciando la operación de busqueda
[2024-05-30 20:49:57] [ INFO ] [OdontologoDAOH2:22] Iniciando la operación de creación
[2024-05-30 20:50:03] [ INFO ] [OdontologoDAOH2:81] Iniciando la operación de busqueda
[2024-05-30 20:50:06] [ INFO ] [OdontologoDAOH2:81] Iniciando la operación de busqueda
[2024-05-31 18:03:26] [ INFO ] [BD:33] tabla creada con exito
[2024-05-31 18:03:47] [ INFO ] [OdontologoDAOH2:81] Iniciando la operación de busqueda
[2024-05-31 18:08:57] [ INFO ] [OdontologoDAOH2:81] Iniciando la operación de busqueda
[2024-05-31 18:46:41] [ INFO ] [BD:33] tabla creada con exito
[2024-05-31 18:47:31] [ INFO ] [OdontologoDAOH2:20] Iniciando la operación de creación
[2024-05-31 18:47:35] [ INFO ] [OdontologoDAOH2:93] Iniciando la operación de busqueda
[2024-05-31 18:48:12] [ INFO ] [OdontologoDAOH2:42] Iniciando la operación de busqueda odontologo
[2024-05-31 18:48:12] [ WARN ] [OdontologoDAOH2:74] iniciando las operaciones de actualizacion de un odontologo con id : 3
[2024-05-31 18:48:12] [ ERROR] [OdontologoDAOH2:87] Error de Sintaxis en sentencia SQL "UPDATE ODONTOLOGOS SET NUMERO_MATRICULA=?,NOMBRE=?, APELLIDO=?, [*]WHERE ID=?"; se esperaba "identifier"
Syntax error in SQL statement "UPDATE ODONTOLOGOS SET NUMERO_MATRICULA=?,NOMBRE=?, APELLIDO=?, [*]WHERE ID=?"; expected "identifier"; SQL statement:
UPDATE ODONTOLOGOS SET NUMERO_MATRICULA=?,NOMBRE=?, APELLIDO=?, WHERE ID=? [42001-224]
[2024-05-31 18:48:19] [ INFO ] [OdontologoDAOH2:93] Iniciando la operación de busqueda
[2024-05-31 18:49:16] [ INFO ] [BD:33] tabla creada con exito
[2024-05-31 18:49:24] [ INFO ] [OdontologoDAOH2:93] Iniciando la operación de busqueda
[2024-05-31 18:49:30] [ INFO ] [OdontologoDAOH2:20] Iniciando la operación de creación
[2024-05-31 18:49:35] [ INFO ] [OdontologoDAOH2:42] Iniciando la operación de busqueda odontologo
[2024-05-31 18:49:35] [ WARN ] [OdontologoDAOH2:74] iniciando las operaciones de actualizacion de un odontologo con id : 3
[2024-05-31 18:49:40] [ INFO ] [OdontologoDAOH2:93] Iniciando la operación de busqueda
[2024-05-31 18:58:43] [ INFO ] [BD:33] tabla creada con exito
[2024-05-31 19:00:54] [ INFO ] [OdontologoDAOH2:42] Iniciando la operación de busqueda odontologo
[2024-05-31 19:01:00] [ INFO ] [OdontologoDAOH2:42] Iniciando la operación de busqueda odontologo
[2024-05-31 19:01:34] [ INFO ] [OdontologoDAOH2:42] Iniciando la operación de busqueda odontologo
[2024-05-31 19:13:55] [ INFO ] [BD:33] tabla creada con exito
[2024-05-31 19:14:05] [ INFO ] [OdontologoDAOH2:101] Iniciando la operación de busqueda
[2024-05-31 19:14:11] [ INFO ] [OdontologoDAOH2:21] Iniciando la operación de creación
[2024-05-31 19:14:20] [ INFO ] [OdontologoDAOH2:43] Iniciando la operación de busqueda odontologo
[2024-05-31 19:16:08] [ INFO ] [OdontologoDAOH2:101] Iniciando la operación de busqueda
[2024-05-31 19:16:13] [ INFO ] [OdontologoDAOH2:43] Iniciando la operación de busqueda odontologo
[2024-05-31 19:16:25] [ INFO ] [OdontologoDAOH2:101] Iniciando la operación de busqueda
[2024-05-31 19:17:59] [ INFO ] [OdontologoDAOH2:101] Iniciando la operación de busqueda
[2024-05-31 19:27:58] [ INFO ] [BD:33] tabla creada con exito
[2024-05-31 19:28:08] [ INFO ] [OdontologoDAOH2:101] Iniciando la operación de busqueda
[2024-05-31 19:28:12] [ INFO ] [OdontologoDAOH2:21] Iniciando la operación de creación
[2024-05-31 19:28:16] [ INFO ] [OdontologoDAOH2:43] Iniciando la operación de busqueda odontologo
[2024-05-31 19:28:21] [ WARN ] [OdontologoDAOH2:67] iniciando las operaciones de eliminación de un odontologo con id : 3
[2024-05-31 19:28:30] [ INFO ] [OdontologoDAOH2:101] Iniciando la operación de busqueda
[2024-05-31 19:28:36] [ INFO ] [OdontologoDAOH2:21] Iniciando la operación de creación
[2024-05-31 19:28:39] [ INFO ] [OdontologoDAOH2:101] Iniciando la operación de busqueda
[2024-05-31 19:28:49] [ WARN ] [OdontologoDAOH2:67] iniciando las operaciones de eliminación de un odontologo con id : 3
[2024-05-31 19:28:58] [ INFO ] [OdontologoDAOH2:101] Iniciando la operación de busqueda
[2024-05-31 19:29:27] [ WARN ] [OdontologoDAOH2:67] iniciando las operaciones de eliminación de un odontologo con id : 3
[2024-05-31 19:33:26] [ INFO ] [BD:33] tabla creada con exito
[2024-05-31 19:33:35] [ INFO ] [OdontologoDAOH2:101] Iniciando la operación de busqueda
[2024-05-31 19:33:40] [ INFO ] [OdontologoDAOH2:21] Iniciando la operación de creación
[2024-05-31 19:33:54] [ INFO ] [OdontologoDAOH2:101] Iniciando la operación de busqueda
[2024-05-31 19:34:07] [ INFO ] [OdontologoDAOH2:21] Iniciando la operación de creación
[2024-05-31 19:34:15] [ INFO ] [OdontologoDAOH2:43] Iniciando la operación de busqueda odontologo
[2024-05-31 19:34:27] [ INFO ] [OdontologoDAOH2:43] Iniciando la operación de busqueda odontologo
[2024-05-31 19:34:27] [ WARN ] [OdontologoDAOH2:67] iniciando las operaciones de eliminación de un odontologo con id : 3
[2024-05-31 19:34:44] [ INFO ] [OdontologoDAOH2:101] Iniciando la operación de busqueda
