#
# There is insufficient memory for the Java Runtime Environment to continue.
# Native memory allocation (malloc) failed to allocate 282256 bytes for Chunk::new
# Possible reasons:
#   The system is out of physical RAM or swap space
#   The process is running with CompressedOops enabled, and the Java Heap may be blocking the growth of the native heap
# Possible solutions:
#   Reduce memory load on the system
#   Increase physical memory or swap space
#   Check if swap backing store is full
#   Decrease Java heap size (-Xmx/-Xms)
#   Decrease number of Java threads
#   Decrease Java thread stack sizes (-Xss)
#   Set larger code cache with -XX:ReservedCodeCacheSize=
#   JVM is running with Zero Based Compressed Oops mode in which the Java heap is
#     placed in the first 32GB address space. The Java Heap base address is the
#     maximum limit for the native heap growth. Please use -XX:HeapBaseMinAddress
#     to set the Java Heap base and to place the Java Heap above 32GB virtual address.
# This output file may be truncated or incomplete.
#
#  Out of Memory Error (arena.cpp:191), pid=25516, tid=22740
#
# JRE version: OpenJDK Runtime Environment Corretto-17.0.9.8.1 (17.0.9+8) (build 17.0.9+8-LTS)
# Java VM: OpenJDK 64-Bit Server VM Corretto-17.0.9.8.1 (17.0.9+8-LTS, mixed mode, sharing, tiered, compressed oops, compressed class ptrs, g1 gc, windows-amd64)
# No core dump will be written. Minidumps are not enabled by default on client versions of Windows
#

---------------  S U M M A R Y ------------

Command Line: -javaagent:C:\Program Files\JetBrains\IntelliJ IDEA Community Edition 2023.1.1\lib\idea_rt.jar=55729:C:\Program Files\JetBrains\IntelliJ IDEA Community Edition 2023.1.1\bin -Dfile.encoding=UTF-8 BackEndC3.ClinicaOdontologica.ClinicaOdontologicaPiApplication

Host: AMD Ryzen 7 4800H with Radeon Graphics         , 16 cores, 15G,  Windows 11 , 64 bit Build 22621 (10.0.22621.3527)
Time: Thu May 30 20:46:35 2024 Hora est. Pacífico, Sudamérica elapsed time: 1.722243 seconds (0d 0h 0m 1s)

---------------  T H R E A D  ---------------

Current thread (0x000001d1bf206ed0):  JavaThread "C2 CompilerThread1" daemon [_thread_in_native, id=22740, stack(0x000000c299300000,0x000000c299400000)]


Current CompileTask:
C2:   1722 1896   !   4       java.net.URL::<init> (543 bytes)

Stack: [0x000000c299300000,0x000000c299400000]
Native frames: (J=compiled Java code, j=interpreted, Vv=VM code, C=native code)
V  [jvm.dll+0x67cb49]
V  [jvm.dll+0x8344da]
V  [jvm.dll+0x835f9e]
V  [jvm.dll+0x836603]
V  [jvm.dll+0x247b5f]
V  [jvm.dll+0xac43c]
V  [jvm.dll+0xaca8c]
V  [jvm.dll+0x2af07f]
V  [jvm.dll+0x585037]
V  [jvm.dll+0x222bb2]
V  [jvm.dll+0x222f9f]
V  [jvm.dll+0x21c0c6]
V  [jvm.dll+0x219511]
V  [jvm.dll+0x1a56cd]
V  [jvm.dll+0x2293ee]
V  [jvm.dll+0x2275bc]
V  [jvm.dll+0x7e95a7]
V  [jvm.dll+0x7e396a]
V  [jvm.dll+0x67ba35]
C  [ucrtbase.dll+0x29333]
C  [KERNEL32.DLL+0x1257d]
C  [ntdll.dll+0x5aa48]


---------------  P R O C E S S  ---------------

Threads class SMR info:
_java_thread_list=0x000001d2052cd6b0, length=18, elements={
0x000001d19ba750f0, 0x000001d1bf081180, 0x000001d1bf081e00, 0x000001d1bf095380,
0x000001d1bf095d40, 0x000001d1bf096700, 0x000001d1bf0972d0, 0x000001d1bf098480,
0x000001d1bf0a1f50, 0x000001d1bf0ba570, 0x000001d1bf19fc10, 0x000001d1bf1a5f00,
0x000001d1bf1af4d0, 0x000001d1bf1b00f0, 0x000001d1bf206ed0, 0x000001d1bf35a300,
0x000001d1bf7e7940, 0x000001d2053db820
}

Java Threads: ( => current thread )
  0x000001d19ba750f0 JavaThread "main" [_thread_in_vm, id=27296, stack(0x000000c297f00000,0x000000c298000000)]
  0x000001d1bf081180 JavaThread "Reference Handler" daemon [_thread_blocked, id=19592, stack(0x000000c298600000,0x000000c298700000)]
  0x000001d1bf081e00 JavaThread "Finalizer" daemon [_thread_blocked, id=28536, stack(0x000000c298700000,0x000000c298800000)]
  0x000001d1bf095380 JavaThread "Signal Dispatcher" daemon [_thread_blocked, id=3328, stack(0x000000c298800000,0x000000c298900000)]
  0x000001d1bf095d40 JavaThread "Attach Listener" daemon [_thread_blocked, id=24252, stack(0x000000c298900000,0x000000c298a00000)]
  0x000001d1bf096700 JavaThread "Service Thread" daemon [_thread_blocked, id=2480, stack(0x000000c298a00000,0x000000c298b00000)]
  0x000001d1bf0972d0 JavaThread "Monitor Deflation Thread" daemon [_thread_blocked, id=30228, stack(0x000000c298b00000,0x000000c298c00000)]
  0x000001d1bf098480 JavaThread "C2 CompilerThread0" daemon [_thread_in_native, id=15052, stack(0x000000c298c00000,0x000000c298d00000)]
  0x000001d1bf0a1f50 JavaThread "C1 CompilerThread0" daemon [_thread_blocked, id=11640, stack(0x000000c298d00000,0x000000c298e00000)]
  0x000001d1bf0ba570 JavaThread "Sweeper thread" daemon [_thread_blocked, id=24228, stack(0x000000c298e00000,0x000000c298f00000)]
  0x000001d1bf19fc10 JavaThread "Common-Cleaner" daemon [_thread_blocked, id=16812, stack(0x000000c298f00000,0x000000c299000000)]
  0x000001d1bf1a5f00 JavaThread "C1 CompilerThread1" daemon [_thread_blocked, id=27048, stack(0x000000c299000000,0x000000c299100000)]
  0x000001d1bf1af4d0 JavaThread "C1 CompilerThread2" daemon [_thread_blocked, id=12908, stack(0x000000c299100000,0x000000c299200000)]
  0x000001d1bf1b00f0 JavaThread "C1 CompilerThread3" daemon [_thread_blocked, id=21496, stack(0x000000c299200000,0x000000c299300000)]
=>0x000001d1bf206ed0 JavaThread "C2 CompilerThread1" daemon [_thread_in_native, id=22740, stack(0x000000c299300000,0x000000c299400000)]
  0x000001d1bf35a300 JavaThread "Monitor Ctrl-Break" daemon [_thread_in_native, id=30404, stack(0x000000c299400000,0x000000c299500000)]
  0x000001d1bf7e7940 JavaThread "Notification Thread" daemon [_thread_blocked, id=20476, stack(0x000000c299500000,0x000000c299600000)]
  0x000001d2053db820 JavaThread "background-preinit" [_thread_in_native, id=31540, stack(0x000000c299e00000,0x000000c299f00000)]

Other Threads:
  0x000001d1bf07d270 VMThread "VM Thread" [stack: 0x000000c298500000,0x000000c298600000] [id=17980]
  0x000001d19ba75f70 WatcherThread [stack: 0x000000c299600000,0x000000c299700000] [id=31576]
  0x000001d19badef10 GCTaskThread "GC Thread#0" [stack: 0x000000c298000000,0x000000c298100000] [id=13308]
  0x000001d1bf416820 GCTaskThread "GC Thread#1" [stack: 0x000000c299700000,0x000000c299800000] [id=31128]
  0x000001d1bf417060 GCTaskThread "GC Thread#2" [stack: 0x000000c299800000,0x000000c299900000] [id=29576]
  0x000001d1bf416da0 GCTaskThread "GC Thread#3" [stack: 0x000000c299900000,0x000000c299a00000] [id=25764]
  0x000001d1bf416ae0 GCTaskThread "GC Thread#4" [stack: 0x000000c299a00000,0x000000c299b00000] [id=3388]
  0x000001d1bf4157a0 GCTaskThread "GC Thread#5" [stack: 0x000000c299b00000,0x000000c299c00000] [id=28380]
  0x000001d1bf415a60 GCTaskThread "GC Thread#6" [stack: 0x000000c299c00000,0x000000c299d00000] [id=23020]
  0x000001d1bf415d20 GCTaskThread "GC Thread#7" [stack: 0x000000c299d00000,0x000000c299e00000] [id=4260]
  0x000001d1bf415fe0 GCTaskThread "GC Thread#8" [stack: 0x000000c299f00000,0x000000c29a000000] [id=9620]
  0x000001d1bf4154e0 GCTaskThread "GC Thread#9" [stack: 0x000000c29a000000,0x000000c29a100000] [id=7324]
  0x000001d1bf4162a0 GCTaskThread "GC Thread#10" [stack: 0x000000c29a100000,0x000000c29a200000] [id=3412]
  0x000001d205232f40 GCTaskThread "GC Thread#11" [stack: 0x000000c29a200000,0x000000c29a300000] [id=15064]
  0x000001d19baef520 ConcurrentGCThread "G1 Main Marker" [stack: 0x000000c298100000,0x000000c298200000] [id=12516]
  0x000001d19baf0f50 ConcurrentGCThread "G1 Conc#0" [stack: 0x000000c298200000,0x000000c298300000] [id=25028]
  0x000001d1bec03380 ConcurrentGCThread "G1 Refine#0" [stack: 0x000000c298300000,0x000000c298400000] [id=15008]
  0x000001d1bec03db0 ConcurrentGCThread "G1 Service" [stack: 0x000000c298400000,0x000000c298500000] [id=26976]

Threads with active compile tasks:
C2 CompilerThread0     1737 1901       4       java.util.WeakHashMap::hash (28 bytes)
C2 CompilerThread1     1737 1896   !   4       java.net.URL::<init> (543 bytes)

VM state: not at safepoint (normal execution)

VM Mutex/Monitor currently owned by a thread: None

Heap address: 0x0000000709400000, size: 3948 MB, Compressed Oops mode: Zero based, Oop shift amount: 3

CDS archive(s) mapped at: [0x000001d1c0000000-0x000001d1c0ba0000-0x000001d1c0ba0000), size 12189696, SharedBaseAddress: 0x000001d1c0000000, ArchiveRelocationMode: 1.
Compressed class space mapped at: 0x000001d1c1000000-0x000001d201000000, reserved size: 1073741824
Narrow klass base: 0x000001d1c0000000, Narrow klass shift: 0, Narrow klass range: 0x100000000

GC Precious Log:
 CPUs: 16 total, 16 available
 Memory: 15790M
 Large Page Support: Disabled
 NUMA Support: Disabled
 Compressed Oops: Enabled (Zero based)
 Heap Region Size: 2M
 Heap Min Capacity: 8M
 Heap Initial Capacity: 248M
 Heap Max Capacity: 3948M
 Pre-touch: Disabled
 Parallel Workers: 13
 Concurrent Workers: 3
 Concurrent Refinement Workers: 13
 Periodic GC: Disabled

Heap:
 garbage-first heap   total 253952K, used 14154K [0x0000000709400000, 0x0000000800000000)
  region size 2048K, 6 young (12288K), 2 survivors (4096K)
 Metaspace       used 15985K, committed 16256K, reserved 1114112K
  class space    used 1872K, committed 2048K, reserved 1048576K

Heap Regions: E=young(eden), S=young(survivor), O=old, HS=humongous(starts), HC=humongous(continues), CS=collection set, F=free, OA=open archive, CA=closed archive, TAMS=top-at-mark-start (previous, next)
|   0|0x0000000709400000, 0x0000000709600000, 0x0000000709600000|100%| O|  |TAMS 0x0000000709400000, 0x0000000709400000| Untracked 
|   1|0x0000000709600000, 0x0000000709800000, 0x0000000709800000|100%| O|  |TAMS 0x0000000709600000, 0x0000000709600000| Untracked 
|   2|0x0000000709800000, 0x0000000709938a00, 0x0000000709a00000| 61%| O|  |TAMS 0x0000000709800000, 0x0000000709800000| Untracked 
|   3|0x0000000709a00000, 0x0000000709a00000, 0x0000000709c00000|  0%| F|  |TAMS 0x0000000709a00000, 0x0000000709a00000| Untracked 
|   4|0x0000000709c00000, 0x0000000709c00000, 0x0000000709e00000|  0%| F|  |TAMS 0x0000000709c00000, 0x0000000709c00000| Untracked 
|   5|0x0000000709e00000, 0x0000000709e00000, 0x000000070a000000|  0%| F|  |TAMS 0x0000000709e00000, 0x0000000709e00000| Untracked 
|   6|0x000000070a000000, 0x000000070a000000, 0x000000070a200000|  0%| F|  |TAMS 0x000000070a000000, 0x000000070a000000| Untracked 
|   7|0x000000070a200000, 0x000000070a200000, 0x000000070a400000|  0%| F|  |TAMS 0x000000070a200000, 0x000000070a200000| Untracked 
|   8|0x000000070a400000, 0x000000070a400000, 0x000000070a600000|  0%| F|  |TAMS 0x000000070a400000, 0x000000070a400000| Untracked 
|   9|0x000000070a600000, 0x000000070a600000, 0x000000070a800000|  0%| F|  |TAMS 0x000000070a600000, 0x000000070a600000| Untracked 
|  10|0x000000070a800000, 0x000000070a800000, 0x000000070aa00000|  0%| F|  |TAMS 0x000000070a800000, 0x000000070a800000| Untracked 
|  11|0x000000070aa00000, 0x000000070aa00000, 0x000000070ac00000|  0%| F|  |TAMS 0x000000070aa00000, 0x000000070aa00000| Untracked 
|  12|0x000000070ac00000, 0x000000070ac00000, 0x000000070ae00000|  0%| F|  |TAMS 0x000000070ac00000, 0x000000070ac00000| Untracked 
|  13|0x000000070ae00000, 0x000000070ae00000, 0x000000070b000000|  0%| F|  |TAMS 0x000000070ae00000, 0x000000070ae00000| Untracked 
|  14|0x000000070b000000, 0x000000070b000000, 0x000000070b200000|  0%| F|  |TAMS 0x000000070b000000, 0x000000070b000000| Untracked 
|  15|0x000000070b200000, 0x000000070b200000, 0x000000070b400000|  0%| F|  |TAMS 0x000000070b200000, 0x000000070b200000| Untracked 
|  16|0x000000070b400000, 0x000000070b400000, 0x000000070b600000|  0%| F|  |TAMS 0x000000070b400000, 0x000000070b400000| Untracked 
|  17|0x000000070b600000, 0x000000070b600000, 0x000000070b800000|  0%| F|  |TAMS 0x000000070b600000, 0x000000070b600000| Untracked 
|  18|0x000000070b800000, 0x000000070b800000, 0x000000070ba00000|  0%| F|  |TAMS 0x000000070b800000, 0x000000070b800000| Untracked 
|  19|0x000000070ba00000, 0x000000070ba00000, 0x000000070bc00000|  0%| F|  |TAMS 0x000000070ba00000, 0x000000070ba00000| Untracked 
|  20|0x000000070bc00000, 0x000000070bc00000, 0x000000070be00000|  0%| F|  |TAMS 0x000000070bc00000, 0x000000070bc00000| Untracked 
|  21|0x000000070be00000, 0x000000070be00000, 0x000000070c000000|  0%| F|  |TAMS 0x000000070be00000, 0x000000070be00000| Untracked 
|  22|0x000000070c000000, 0x000000070c000000, 0x000000070c200000|  0%| F|  |TAMS 0x000000070c000000, 0x000000070c000000| Untracked 
|  23|0x000000070c200000, 0x000000070c200000, 0x000000070c400000|  0%| F|  |TAMS 0x000000070c200000, 0x000000070c200000| Untracked 
|  24|0x000000070c400000, 0x000000070c400000, 0x000000070c600000|  0%| F|  |TAMS 0x000000070c400000, 0x000000070c400000| Untracked 
|  25|0x000000070c600000, 0x000000070c600000, 0x000000070c800000|  0%| F|  |TAMS 0x000000070c600000, 0x000000070c600000| Untracked 
|  26|0x000000070c800000, 0x000000070c800000, 0x000000070ca00000|  0%| F|  |TAMS 0x000000070c800000, 0x000000070c800000| Untracked 
|  27|0x000000070ca00000, 0x000000070ca00000, 0x000000070cc00000|  0%| F|  |TAMS 0x000000070ca00000, 0x000000070ca00000| Untracked 
|  28|0x000000070cc00000, 0x000000070cc00000, 0x000000070ce00000|  0%| F|  |TAMS 0x000000070cc00000, 0x000000070cc00000| Untracked 
|  29|0x000000070ce00000, 0x000000070ce00000, 0x000000070d000000|  0%| F|  |TAMS 0x000000070ce00000, 0x000000070ce00000| Untracked 
|  30|0x000000070d000000, 0x000000070d000000, 0x000000070d200000|  0%| F|  |TAMS 0x000000070d000000, 0x000000070d000000| Untracked 
|  31|0x000000070d200000, 0x000000070d200000, 0x000000070d400000|  0%| F|  |TAMS 0x000000070d200000, 0x000000070d200000| Untracked 
|  32|0x000000070d400000, 0x000000070d400000, 0x000000070d600000|  0%| F|  |TAMS 0x000000070d400000, 0x000000070d400000| Untracked 
|  33|0x000000070d600000, 0x000000070d600000, 0x000000070d800000|  0%| F|  |TAMS 0x000000070d600000, 0x000000070d600000| Untracked 
|  34|0x000000070d800000, 0x000000070d800000, 0x000000070da00000|  0%| F|  |TAMS 0x000000070d800000, 0x000000070d800000| Untracked 
|  35|0x000000070da00000, 0x000000070da00000, 0x000000070dc00000|  0%| F|  |TAMS 0x000000070da00000, 0x000000070da00000| Untracked 
|  36|0x000000070dc00000, 0x000000070dc00000, 0x000000070de00000|  0%| F|  |TAMS 0x000000070dc00000, 0x000000070dc00000| Untracked 
|  37|0x000000070de00000, 0x000000070de00000, 0x000000070e000000|  0%| F|  |TAMS 0x000000070de00000, 0x000000070de00000| Untracked 
|  38|0x000000070e000000, 0x000000070e000000, 0x000000070e200000|  0%| F|  |TAMS 0x000000070e000000, 0x000000070e000000| Untracked 
|  39|0x000000070e200000, 0x000000070e200000, 0x000000070e400000|  0%| F|  |TAMS 0x000000070e200000, 0x000000070e200000| Untracked 
|  40|0x000000070e400000, 0x000000070e400000, 0x000000070e600000|  0%| F|  |TAMS 0x000000070e400000, 0x000000070e400000| Untracked 
|  41|0x000000070e600000, 0x000000070e600000, 0x000000070e800000|  0%| F|  |TAMS 0x000000070e600000, 0x000000070e600000| Untracked 
|  42|0x000000070e800000, 0x000000070e800000, 0x000000070ea00000|  0%| F|  |TAMS 0x000000070e800000, 0x000000070e800000| Untracked 
|  43|0x000000070ea00000, 0x000000070ea00000, 0x000000070ec00000|  0%| F|  |TAMS 0x000000070ea00000, 0x000000070ea00000| Untracked 
|  44|0x000000070ec00000, 0x000000070ec00000, 0x000000070ee00000|  0%| F|  |TAMS 0x000000070ec00000, 0x000000070ec00000| Untracked 
|  45|0x000000070ee00000, 0x000000070ee00000, 0x000000070f000000|  0%| F|  |TAMS 0x000000070ee00000, 0x000000070ee00000| Untracked 
|  46|0x000000070f000000, 0x000000070f000000, 0x000000070f200000|  0%| F|  |TAMS 0x000000070f000000, 0x000000070f000000| Untracked 
|  47|0x000000070f200000, 0x000000070f200000, 0x000000070f400000|  0%| F|  |TAMS 0x000000070f200000, 0x000000070f200000| Untracked 
|  48|0x000000070f400000, 0x000000070f400000, 0x000000070f600000|  0%| F|  |TAMS 0x000000070f400000, 0x000000070f400000| Untracked 
|  49|0x000000070f600000, 0x000000070f600000, 0x000000070f800000|  0%| F|  |TAMS 0x000000070f600000, 0x000000070f600000| Untracked 
|  50|0x000000070f800000, 0x000000070f800000, 0x000000070fa00000|  0%| F|  |TAMS 0x000000070f800000, 0x000000070f800000| Untracked 
|  51|0x000000070fa00000, 0x000000070fa00000, 0x000000070fc00000|  0%| F|  |TAMS 0x000000070fa00000, 0x000000070fa00000| Untracked 
|  52|0x000000070fc00000, 0x000000070fc00000, 0x000000070fe00000|  0%| F|  |TAMS 0x000000070fc00000, 0x000000070fc00000| Untracked 
|  53|0x000000070fe00000, 0x000000070fe00000, 0x0000000710000000|  0%| F|  |TAMS 0x000000070fe00000, 0x000000070fe00000| Untracked 
|  54|0x0000000710000000, 0x0000000710000000, 0x0000000710200000|  0%| F|  |TAMS 0x0000000710000000, 0x0000000710000000| Untracked 
|  55|0x0000000710200000, 0x0000000710200000, 0x0000000710400000|  0%| F|  |TAMS 0x0000000710200000, 0x0000000710200000| Untracked 
|  56|0x0000000710400000, 0x0000000710400000, 0x0000000710600000|  0%| F|  |TAMS 0x0000000710400000, 0x0000000710400000| Untracked 
|  57|0x0000000710600000, 0x0000000710600000, 0x0000000710800000|  0%| F|  |TAMS 0x0000000710600000, 0x0000000710600000| Untracked 
|  58|0x0000000710800000, 0x0000000710800000, 0x0000000710a00000|  0%| F|  |TAMS 0x0000000710800000, 0x0000000710800000| Untracked 
|  59|0x0000000710a00000, 0x0000000710a00000, 0x0000000710c00000|  0%| F|  |TAMS 0x0000000710a00000, 0x0000000710a00000| Untracked 
|  60|0x0000000710c00000, 0x0000000710c00000, 0x0000000710e00000|  0%| F|  |TAMS 0x0000000710c00000, 0x0000000710c00000| Untracked 
|  61|0x0000000710e00000, 0x0000000710e00000, 0x0000000711000000|  0%| F|  |TAMS 0x0000000710e00000, 0x0000000710e00000| Untracked 
|  62|0x0000000711000000, 0x0000000711000000, 0x0000000711200000|  0%| F|  |TAMS 0x0000000711000000, 0x0000000711000000| Untracked 
|  63|0x0000000711200000, 0x0000000711200000, 0x0000000711400000|  0%| F|  |TAMS 0x0000000711200000, 0x0000000711200000| Untracked 
|  64|0x0000000711400000, 0x0000000711400000, 0x0000000711600000|  0%| F|  |TAMS 0x0000000711400000, 0x0000000711400000| Untracked 
|  65|0x0000000711600000, 0x0000000711600000, 0x0000000711800000|  0%| F|  |TAMS 0x0000000711600000, 0x0000000711600000| Untracked 
|  66|0x0000000711800000, 0x0000000711800000, 0x0000000711a00000|  0%| F|  |TAMS 0x0000000711800000, 0x0000000711800000| Untracked 
|  67|0x0000000711a00000, 0x0000000711a00000, 0x0000000711c00000|  0%| F|  |TAMS 0x0000000711a00000, 0x0000000711a00000| Untracked 
|  68|0x0000000711c00000, 0x0000000711c00000, 0x0000000711e00000|  0%| F|  |TAMS 0x0000000711c00000, 0x0000000711c00000| Untracked 
|  69|0x0000000711e00000, 0x0000000711e00000, 0x0000000712000000|  0%| F|  |TAMS 0x0000000711e00000, 0x0000000711e00000| Untracked 
|  70|0x0000000712000000, 0x0000000712000000, 0x0000000712200000|  0%| F|  |TAMS 0x0000000712000000, 0x0000000712000000| Untracked 
|  71|0x0000000712200000, 0x0000000712200000, 0x0000000712400000|  0%| F|  |TAMS 0x0000000712200000, 0x0000000712200000| Untracked 
|  72|0x0000000712400000, 0x0000000712400000, 0x0000000712600000|  0%| F|  |TAMS 0x0000000712400000, 0x0000000712400000| Untracked 
|  73|0x0000000712600000, 0x0000000712600000, 0x0000000712800000|  0%| F|  |TAMS 0x0000000712600000, 0x0000000712600000| Untracked 
|  74|0x0000000712800000, 0x0000000712800000, 0x0000000712a00000|  0%| F|  |TAMS 0x0000000712800000, 0x0000000712800000| Untracked 
|  75|0x0000000712a00000, 0x0000000712a00000, 0x0000000712c00000|  0%| F|  |TAMS 0x0000000712a00000, 0x0000000712a00000| Untracked 
|  76|0x0000000712c00000, 0x0000000712c00000, 0x0000000712e00000|  0%| F|  |TAMS 0x0000000712c00000, 0x0000000712c00000| Untracked 
|  77|0x0000000712e00000, 0x0000000712e00000, 0x0000000713000000|  0%| F|  |TAMS 0x0000000712e00000, 0x0000000712e00000| Untracked 
|  78|0x0000000713000000, 0x0000000713000000, 0x0000000713200000|  0%| F|  |TAMS 0x0000000713000000, 0x0000000713000000| Untracked 
|  79|0x0000000713200000, 0x0000000713200000, 0x0000000713400000|  0%| F|  |TAMS 0x0000000713200000, 0x0000000713200000| Untracked 
|  80|0x0000000713400000, 0x0000000713400000, 0x0000000713600000|  0%| F|  |TAMS 0x0000000713400000, 0x0000000713400000| Untracked 
|  81|0x0000000713600000, 0x0000000713600000, 0x0000000713800000|  0%| F|  |TAMS 0x0000000713600000, 0x0000000713600000| Untracked 
|  82|0x0000000713800000, 0x0000000713800000, 0x0000000713a00000|  0%| F|  |TAMS 0x0000000713800000, 0x0000000713800000| Untracked 
|  83|0x0000000713a00000, 0x0000000713a00000, 0x0000000713c00000|  0%| F|  |TAMS 0x0000000713a00000, 0x0000000713a00000| Untracked 
|  84|0x0000000713c00000, 0x0000000713c00000, 0x0000000713e00000|  0%| F|  |TAMS 0x0000000713c00000, 0x0000000713c00000| Untracked 
|  85|0x0000000713e00000, 0x0000000713e00000, 0x0000000714000000|  0%| F|  |TAMS 0x0000000713e00000, 0x0000000713e00000| Untracked 
|  86|0x0000000714000000, 0x0000000714000000, 0x0000000714200000|  0%| F|  |TAMS 0x0000000714000000, 0x0000000714000000| Untracked 
|  87|0x0000000714200000, 0x0000000714200000, 0x0000000714400000|  0%| F|  |TAMS 0x0000000714200000, 0x0000000714200000| Untracked 
|  88|0x0000000714400000, 0x0000000714400000, 0x0000000714600000|  0%| F|  |TAMS 0x0000000714400000, 0x0000000714400000| Untracked 
|  89|0x0000000714600000, 0x0000000714600000, 0x0000000714800000|  0%| F|  |TAMS 0x0000000714600000, 0x0000000714600000| Untracked 
|  90|0x0000000714800000, 0x0000000714800000, 0x0000000714a00000|  0%| F|  |TAMS 0x0000000714800000, 0x0000000714800000| Untracked 
|  91|0x0000000714a00000, 0x0000000714a00000, 0x0000000714c00000|  0%| F|  |TAMS 0x0000000714a00000, 0x0000000714a00000| Untracked 
|  92|0x0000000714c00000, 0x0000000714c00000, 0x0000000714e00000|  0%| F|  |TAMS 0x0000000714c00000, 0x0000000714c00000| Untracked 
|  93|0x0000000714e00000, 0x0000000714e00000, 0x0000000715000000|  0%| F|  |TAMS 0x0000000714e00000, 0x0000000714e00000| Untracked 
|  94|0x0000000715000000, 0x0000000715000000, 0x0000000715200000|  0%| F|  |TAMS 0x0000000715000000, 0x0000000715000000| Untracked 
|  95|0x0000000715200000, 0x0000000715200000, 0x0000000715400000|  0%| F|  |TAMS 0x0000000715200000, 0x0000000715200000| Untracked 
|  96|0x0000000715400000, 0x0000000715400000, 0x0000000715600000|  0%| F|  |TAMS 0x0000000715400000, 0x0000000715400000| Untracked 
|  97|0x0000000715600000, 0x0000000715600000, 0x0000000715800000|  0%| F|  |TAMS 0x0000000715600000, 0x0000000715600000| Untracked 
|  98|0x0000000715800000, 0x0000000715800000, 0x0000000715a00000|  0%| F|  |TAMS 0x0000000715800000, 0x0000000715800000| Untracked 
|  99|0x0000000715a00000, 0x0000000715a00000, 0x0000000715c00000|  0%| F|  |TAMS 0x0000000715a00000, 0x0000000715a00000| Untracked 
| 100|0x0000000715c00000, 0x0000000715c00000, 0x0000000715e00000|  0%| F|  |TAMS 0x0000000715c00000, 0x0000000715c00000| Untracked 
| 101|0x0000000715e00000, 0x0000000715e00000, 0x0000000716000000|  0%| F|  |TAMS 0x0000000715e00000, 0x0000000715e00000| Untracked 
| 102|0x0000000716000000, 0x0000000716000000, 0x0000000716200000|  0%| F|  |TAMS 0x0000000716000000, 0x0000000716000000| Untracked 
| 103|0x0000000716200000, 0x0000000716200000, 0x0000000716400000|  0%| F|  |TAMS 0x0000000716200000, 0x0000000716200000| Untracked 
| 104|0x0000000716400000, 0x0000000716400000, 0x0000000716600000|  0%| F|  |TAMS 0x0000000716400000, 0x0000000716400000| Untracked 
| 105|0x0000000716600000, 0x0000000716600000, 0x0000000716800000|  0%| F|  |TAMS 0x0000000716600000, 0x0000000716600000| Untracked 
| 106|0x0000000716800000, 0x000000071689a000, 0x0000000716a00000| 30%| S|CS|TAMS 0x0000000716800000, 0x0000000716800000| Complete 
| 107|0x0000000716a00000, 0x0000000716c00000, 0x0000000716c00000|100%| S|CS|TAMS 0x0000000716a00000, 0x0000000716a00000| Complete 
| 108|0x0000000716c00000, 0x0000000716c00000, 0x0000000716e00000|  0%| F|  |TAMS 0x0000000716c00000, 0x0000000716c00000| Untracked 
| 109|0x0000000716e00000, 0x0000000716e00000, 0x0000000717000000|  0%| F|  |TAMS 0x0000000716e00000, 0x0000000716e00000| Untracked 
| 110|0x0000000717000000, 0x0000000717000000, 0x0000000717200000|  0%| F|  |TAMS 0x0000000717000000, 0x0000000717000000| Untracked 
| 111|0x0000000717200000, 0x0000000717200000, 0x0000000717400000|  0%| F|  |TAMS 0x0000000717200000, 0x0000000717200000| Untracked 
| 112|0x0000000717400000, 0x0000000717400000, 0x0000000717600000|  0%| F|  |TAMS 0x0000000717400000, 0x0000000717400000| Untracked 
| 113|0x0000000717600000, 0x0000000717600000, 0x0000000717800000|  0%| F|  |TAMS 0x0000000717600000, 0x0000000717600000| Untracked 
| 114|0x0000000717800000, 0x0000000717800000, 0x0000000717a00000|  0%| F|  |TAMS 0x0000000717800000, 0x0000000717800000| Untracked 
| 115|0x0000000717a00000, 0x0000000717a00000, 0x0000000717c00000|  0%| F|  |TAMS 0x0000000717a00000, 0x0000000717a00000| Untracked 
| 116|0x0000000717c00000, 0x0000000717c00000, 0x0000000717e00000|  0%| F|  |TAMS 0x0000000717c00000, 0x0000000717c00000| Untracked 
| 117|0x0000000717e00000, 0x0000000717e00000, 0x0000000718000000|  0%| F|  |TAMS 0x0000000717e00000, 0x0000000717e00000| Untracked 
| 118|0x0000000718000000, 0x0000000718000000, 0x0000000718200000|  0%| F|  |TAMS 0x0000000718000000, 0x0000000718000000| Untracked 
| 119|0x0000000718200000, 0x0000000718200000, 0x0000000718400000|  0%| F|  |TAMS 0x0000000718200000, 0x0000000718200000| Untracked 
| 120|0x0000000718400000, 0x00000007185e3838, 0x0000000718600000| 94%| E|  |TAMS 0x0000000718400000, 0x0000000718400000| Complete 
| 121|0x0000000718600000, 0x0000000718800000, 0x0000000718800000|100%| E|CS|TAMS 0x0000000718600000, 0x0000000718600000| Complete 
| 122|0x0000000718800000, 0x0000000718a00000, 0x0000000718a00000|100%| E|CS|TAMS 0x0000000718800000, 0x0000000718800000| Complete 
| 123|0x0000000718a00000, 0x0000000718c00000, 0x0000000718c00000|100%| E|CS|TAMS 0x0000000718a00000, 0x0000000718a00000| Complete 

Card table byte_map: [0x000001d1b35b0000,0x000001d1b3d70000] _byte_map_base: 0x000001d1afd66000

Marking Bits (Prev, Next): (CMBitMap*) 0x000001d19badf530, (CMBitMap*) 0x000001d19badf570
 Prev Bits: [0x000001d1b4530000, 0x000001d1b82e0000)
 Next Bits: [0x000001d1b82e0000, 0x000001d1bc090000)

Polling page: 0x000001d199a40000

Metaspace:

Usage:
  Non-class:     13.83 MB used.
      Class:      1.83 MB used.
       Both:     15.67 MB used.

Virtual space:
  Non-class space:       64.00 MB reserved,      13.94 MB ( 22%) committed,  1 nodes.
      Class space:        1.00 GB reserved,       2.00 MB ( <1%) committed,  1 nodes.
             Both:        1.06 GB reserved,      15.94 MB (  1%) committed. 

Chunk freelists:
   Non-Class:  1.83 MB
       Class:  14.05 MB
        Both:  15.88 MB

MaxMetaspaceSize: unlimited
CompressedClassSpaceSize: 1.00 GB
Initial GC threshold: 21.00 MB
Current GC threshold: 21.00 MB
CDS: on
MetaspaceReclaimPolicy: balanced
 - commit_granule_bytes: 65536.
 - commit_granule_words: 8192.
 - virtual_space_node_default_size: 8388608.
 - enlarge_chunks_in_place: 1.
 - new_chunks_are_fully_committed: 0.
 - uncommit_free_chunks: 1.
 - use_allocation_guard: 0.
 - handle_deallocations: 1.


Internal statistics:

num_allocs_failed_limit: 0.
num_arena_births: 182.
num_arena_deaths: 0.
num_vsnodes_births: 2.
num_vsnodes_deaths: 0.
num_space_committed: 255.
num_space_uncommitted: 0.
num_chunks_returned_to_freelist: 0.
num_chunks_taken_from_freelist: 666.
num_chunk_merges: 0.
num_chunk_splits: 482.
num_chunks_enlarged: 389.
num_inconsistent_stats: 0.

CodeHeap 'non-profiled nmethods': size=119168Kb used=681Kb max_used=681Kb free=118487Kb
 bounds [0x000001d1ab110000, 0x000001d1ab380000, 0x000001d1b2570000]
CodeHeap 'profiled nmethods': size=119104Kb used=3672Kb max_used=3672Kb free=115431Kb
 bounds [0x000001d1a3570000, 0x000001d1a3910000, 0x000001d1aa9c0000]
CodeHeap 'non-nmethods': size=7488Kb used=2901Kb max_used=2929Kb free=4586Kb
 bounds [0x000001d1aa9c0000, 0x000001d1aacb0000, 0x000001d1ab110000]
 total_blobs=2437 nmethods=1923 adapters=423
 compilation: enabled
              stopped_count=0, restarted_count=0
 full_count=0

Compilation events (20 events):
Event: 1.708 Thread 0x000001d1bf098480 nmethod 1897 0x000001d1ab1b6e90 code [0x000001d1ab1b7000, 0x000001d1ab1b7918]
Event: 1.714 Thread 0x000001d1bf098480 1900   !   4       java.util.WeakHashMap::expungeStaleEntries (139 bytes)
Event: 1.717 Thread 0x000001d1bf1a5f00 1902       1       jdk.internal.loader.AbstractClassLoaderValue$Sub::parent (5 bytes)
Event: 1.717 Thread 0x000001d1bf1b00f0 1903       3       java.lang.Module::implIsExportedOrOpen (92 bytes)
Event: 1.717 Thread 0x000001d1bf1a5f00 nmethod 1902 0x000001d1ab1b7a10 code [0x000001d1ab1b7ba0, 0x000001d1ab1b7c78]
Event: 1.717 Thread 0x000001d1bf1a5f00 1904       3       jdk.internal.org.objectweb.asm.Edge::<init> (20 bytes)
Event: 1.717 Thread 0x000001d1bf1af4d0 1905       3       jdk.internal.org.objectweb.asm.Frame::merge (395 bytes)
Event: 1.718 Thread 0x000001d1bf1b00f0 nmethod 1903 0x000001d1a38f7390 code [0x000001d1a38f75c0, 0x000001d1a38f7cf8]
Event: 1.718 Thread 0x000001d1bf1a5f00 nmethod 1904 0x000001d1a38f7e90 code [0x000001d1a38f8040, 0x000001d1a38f8278]
Event: 1.719 Thread 0x000001d1bf1af4d0 nmethod 1905 0x000001d1a38f8310 code [0x000001d1a38f85c0, 0x000001d1a38f9498]
Event: 1.719 Thread 0x000001d1bf1af4d0 1906       3       jdk.internal.misc.Unsafe::pickPos (14 bytes)
Event: 1.719 Thread 0x000001d1bf1b00f0 1907       3       jdk.internal.misc.Unsafe::toUnsignedInt (6 bytes)
Event: 1.720 Thread 0x000001d1bf1af4d0 nmethod 1906 0x000001d1a38f9b10 code [0x000001d1a38f9ca0, 0x000001d1a38f9d98]
Event: 1.720 Thread 0x000001d1bf1b00f0 nmethod 1907 0x000001d1a38f9e10 code [0x000001d1a38f9fa0, 0x000001d1a38fa098]
Event: 1.720 Thread 0x000001d1bf1af4d0 1908       3       jdk.internal.org.objectweb.asm.MethodWriter::computeAllFrames (510 bytes)
Event: 1.720 Thread 0x000001d1bf1a5f00 1909       3       jdk.internal.org.objectweb.asm.Frame::setInputFrameFromDescriptor (175 bytes)
Event: 1.720 Thread 0x000001d1bf1b00f0 1910       3       jdk.internal.org.objectweb.asm.Type::getArgumentTypes (154 bytes)
Event: 1.720 Thread 0x000001d1bf0a1f50 1911       3       java.lang.reflect.ProxyGenerator::dotToSlash (9 bytes)
Event: 1.720 Thread 0x000001d1bf0a1f50 nmethod 1911 0x000001d1a38fa110 code [0x000001d1a38fa2a0, 0x000001d1a38fa3c8]
Event: 1.721 Thread 0x000001d1bf1a5f00 nmethod 1909 0x000001d1a38fa490 code [0x000001d1a38fa6a0, 0x000001d1a38faeb8]

GC Heap History (4 events):
Event: 0.797 GC heap before
{Heap before GC invocations=0 (full 0):
 garbage-first heap   total 253952K, used 22528K [0x0000000709400000, 0x0000000800000000)
  region size 2048K, 11 young (22528K), 0 survivors (0K)
 Metaspace       used 6764K, committed 6976K, reserved 1114112K
  class space    used 706K, committed 832K, reserved 1048576K
}
Event: 0.802 GC heap after
{Heap after GC invocations=1 (full 0):
 garbage-first heap   total 253952K, used 5301K [0x0000000709400000, 0x0000000800000000)
  region size 2048K, 2 young (4096K), 2 survivors (4096K)
 Metaspace       used 6764K, committed 6976K, reserved 1114112K
  class space    used 706K, committed 832K, reserved 1048576K
}
Event: 1.669 GC heap before
{Heap before GC invocations=1 (full 0):
 garbage-first heap   total 253952K, used 33973K [0x0000000709400000, 0x0000000800000000)
  region size 2048K, 16 young (32768K), 2 survivors (4096K)
 Metaspace       used 14347K, committed 14528K, reserved 1114112K
  class space    used 1700K, committed 1792K, reserved 1048576K
}
Event: 1.674 GC heap after
{Heap after GC invocations=2 (full 0):
 garbage-first heap   total 253952K, used 8010K [0x0000000709400000, 0x0000000800000000)
  region size 2048K, 2 young (4096K), 2 survivors (4096K)
 Metaspace       used 14347K, committed 14528K, reserved 1114112K
  class space    used 1700K, committed 1792K, reserved 1048576K
}

Dll operation events (10 events):
Event: 0.016 Loaded shared library C:\Users\luchi\.jdks\corretto-17.0.9\bin\java.dll
Event: 0.044 Loaded shared library C:\Users\luchi\.jdks\corretto-17.0.9\bin\jsvml.dll
Event: 0.133 Loaded shared library C:\Users\luchi\.jdks\corretto-17.0.9\bin\zip.dll
Event: 0.135 Loaded shared library C:\Users\luchi\.jdks\corretto-17.0.9\bin\instrument.dll
Event: 0.142 Loaded shared library C:\Users\luchi\.jdks\corretto-17.0.9\bin\net.dll
Event: 0.146 Loaded shared library C:\Users\luchi\.jdks\corretto-17.0.9\bin\nio.dll
Event: 0.151 Loaded shared library C:\Users\luchi\.jdks\corretto-17.0.9\bin\zip.dll
Event: 0.238 Loaded shared library C:\Program Files\JetBrains\IntelliJ IDEA Community Edition 2023.1.1\bin\breakgen64.dll
Event: 0.253 Loaded shared library C:\Users\luchi\.jdks\corretto-17.0.9\bin\verify.dll
Event: 0.306 Loaded shared library C:\Users\luchi\.jdks\corretto-17.0.9\bin\jimage.dll

Deoptimization events (20 events):
Event: 1.145 Thread 0x000001d19ba750f0 DEOPT PACKING pc=0x000001d1ab121104 sp=0x000000c297ffd850
Event: 1.145 Thread 0x000001d19ba750f0 DEOPT UNPACKING pc=0x000001d1aaa169a3 sp=0x000000c297ffd7f0 mode 2
Event: 1.160 Thread 0x000001d19ba750f0 DEOPT PACKING pc=0x000001d1a36cb265 sp=0x000000c297ffe410
Event: 1.160 Thread 0x000001d19ba750f0 DEOPT UNPACKING pc=0x000001d1aaa17143 sp=0x000000c297ffd908 mode 0
Event: 1.225 Thread 0x000001d1bf095d40 Uncommon trap: trap_request=0xffffff45 fr.pc=0x000001d1ab1610e0 relative=0x0000000000000fc0
Event: 1.225 Thread 0x000001d1bf095d40 Uncommon trap: reason=unstable_if action=reinterpret pc=0x000001d1ab1610e0 method=java.util.concurrent.ConcurrentHashMap.putVal(Ljava/lang/Object;Ljava/lang/Object;Z)Ljava/lang/Object; @ 148 c2
Event: 1.225 Thread 0x000001d1bf095d40 DEOPT PACKING pc=0x000001d1ab1610e0 sp=0x000000c2989fe230
Event: 1.225 Thread 0x000001d1bf095d40 DEOPT UNPACKING pc=0x000001d1aaa169a3 sp=0x000000c2989fe1b0 mode 2
Event: 1.341 Thread 0x000001d19ba750f0 Uncommon trap: trap_request=0xffffff45 fr.pc=0x000001d1ab16df10 relative=0x0000000000001530
Event: 1.341 Thread 0x000001d19ba750f0 Uncommon trap: reason=unstable_if action=reinterpret pc=0x000001d1ab16df10 method=java.util.concurrent.ConcurrentHashMap.transfer([Ljava/util/concurrent/ConcurrentHashMap$Node;[Ljava/util/concurrent/ConcurrentHashMap$Node;)V @ 26 c2
Event: 1.341 Thread 0x000001d19ba750f0 DEOPT PACKING pc=0x000001d1ab16df10 sp=0x000000c297ffd540
Event: 1.341 Thread 0x000001d19ba750f0 DEOPT UNPACKING pc=0x000001d1aaa169a3 sp=0x000000c297ffd4b0 mode 2
Event: 1.424 Thread 0x000001d19ba750f0 Uncommon trap: trap_request=0xffffffde fr.pc=0x000001d1ab18b8dc relative=0x00000000000009bc
Event: 1.424 Thread 0x000001d19ba750f0 Uncommon trap: reason=class_check action=maybe_recompile pc=0x000001d1ab18b8dc method=java.util.HashMap.putVal(ILjava/lang/Object;Ljava/lang/Object;ZZ)Ljava/lang/Object; @ 91 c2
Event: 1.424 Thread 0x000001d19ba750f0 DEOPT PACKING pc=0x000001d1ab18b8dc sp=0x000000c297ffe040
Event: 1.425 Thread 0x000001d19ba750f0 DEOPT UNPACKING pc=0x000001d1aaa169a3 sp=0x000000c297ffdfe0 mode 2
Event: 1.425 Thread 0x000001d19ba750f0 Uncommon trap: trap_request=0xffffffde fr.pc=0x000001d1ab18b8dc relative=0x00000000000009bc
Event: 1.425 Thread 0x000001d19ba750f0 Uncommon trap: reason=class_check action=maybe_recompile pc=0x000001d1ab18b8dc method=java.util.HashMap.putVal(ILjava/lang/Object;Ljava/lang/Object;ZZ)Ljava/lang/Object; @ 91 c2
Event: 1.425 Thread 0x000001d19ba750f0 DEOPT PACKING pc=0x000001d1ab18b8dc sp=0x000000c297ffe040
Event: 1.425 Thread 0x000001d19ba750f0 DEOPT UNPACKING pc=0x000001d1aaa169a3 sp=0x000000c297ffdfe0 mode 2

Classes unloaded (0 events):
No events

Classes redefined (0 events):
No events

Internal exceptions (20 events):
Event: 1.382 Thread 0x000001d19ba750f0 Exception <a 'java/lang/NoSuchMethodError'{0x00000007178489d8}: 'java.lang.Object java.lang.invoke.DirectMethodHandle$Holder.newInvokeSpecial(java.lang.Object, java.lang.Object, java.lang.Object, java.lang.Object, java.lang.Object, java.lang.Object, int)'> (0x00000007178489d8) 
thrown [s\src\hotspot\share\interpreter\linkResolver.cpp, line 759]
Event: 1.383 Thread 0x000001d19ba750f0 Exception <a 'java/lang/NoSuchMethodError'{0x000000071784da18}: 'java.lang.Object java.lang.invoke.DirectMethodHandle$Holder.invokeSpecial(java.lang.Object, java.lang.Object, java.lang.Object, java.lang.Object, java.lang.Object, java.lang.Object, java.lang.Object, int)'> (0x000000071784da18) 
thrown [s\src\hotspot\share\interpreter\linkResolver.cpp, line 759]
Event: 1.427 Thread 0x000001d19ba750f0 Exception <a 'java/lang/NoSuchMethodError'{0x0000000717986168}: 'int java.lang.invoke.DirectMethodHandle$Holder.invokeInterface(java.lang.Object, java.lang.Object)'> (0x0000000717986168) 
thrown [s\src\hotspot\share\interpreter\linkResolver.cpp, line 759]
Event: 1.432 Thread 0x000001d19ba750f0 Exception <a 'java/lang/NoSuchMethodError'{0x00000007179ac3f8}: 'void java.lang.invoke.DirectMethodHandle$Holder.invokeSpecial(java.lang.Object, java.lang.Object, java.lang.Object, java.lang.Object, java.lang.Object)'> (0x00000007179ac3f8) 
thrown [s\src\hotspot\share\interpreter\linkResolver.cpp, line 759]
Event: 1.469 Thread 0x000001d19ba750f0 Exception <a 'java/lang/NoSuchMethodError'{0x0000000717691070}: 'java.lang.Object java.lang.invoke.DirectMethodHandle$Holder.invokeSpecial(java.lang.Object, java.lang.Object, java.lang.Object, int, java.lang.Object)'> (0x0000000717691070) 
thrown [s\src\hotspot\share\interpreter\linkResolver.cpp, line 759]
Event: 1.470 Thread 0x000001d19ba750f0 Exception <a 'java/lang/NoSuchMethodError'{0x00000007176995d8}: 'java.lang.Object java.lang.invoke.DirectMethodHandle$Holder.newInvokeSpecial(java.lang.Object, java.lang.Object, java.lang.Object, int, java.lang.Object)'> (0x00000007176995d8) 
thrown [s\src\hotspot\share\interpreter\linkResolver.cpp, line 759]
Event: 1.470 Thread 0x000001d19ba750f0 Exception <a 'java/lang/NoSuchMethodError'{0x00000007176a0fa8}: 'java.lang.Object java.lang.invoke.Invokers$Holder.linkToTargetMethod(java.lang.Object, java.lang.Object, int, java.lang.Object, java.lang.Object)'> (0x00000007176a0fa8) 
thrown [s\src\hotspot\share\interpreter\linkResolver.cpp, line 759]
Event: 1.472 Thread 0x000001d19ba750f0 Exception <a 'java/lang/NoSuchMethodError'{0x00000007176afd90}: 'java.lang.Object java.lang.invoke.DirectMethodHandle$Holder.newInvokeSpecial(java.lang.Object, int, java.lang.Object)'> (0x00000007176afd90) 
thrown [s\src\hotspot\share\interpreter\linkResolver.cpp, line 759]
Event: 1.473 Thread 0x000001d19ba750f0 Exception <a 'java/lang/NoSuchMethodError'{0x00000007176b4a70}: 'int java.lang.invoke.DirectMethodHandle$Holder.invokeSpecialIFC(java.lang.Object, java.lang.Object, java.lang.Object, java.lang.Object)'> (0x00000007176b4a70) 
thrown [s\src\hotspot\share\interpreter\linkResolver.cpp, line 759]
Event: 1.502 Thread 0x000001d19ba750f0 Exception <a 'java/lang/NoSuchMethodError'{0x00000007177a4be0}: 'void java.lang.invoke.DirectMethodHandle$Holder.invokeInterface(java.lang.Object, java.lang.Object, java.lang.Object)'> (0x00000007177a4be0) 
thrown [s\src\hotspot\share\interpreter\linkResolver.cpp, line 759]
Event: 1.532 Thread 0x000001d19ba750f0 Exception <a 'java/lang/NoSuchMethodError'{0x0000000717030d48}: 'void java.lang.invoke.DirectMethodHandle$Holder.invokeStaticInit(java.lang.Object, java.lang.Object, java.lang.Object)'> (0x0000000717030d48) 
thrown [s\src\hotspot\share\interpreter\linkResolver.cpp, line 759]
Event: 1.538 Thread 0x000001d19ba750f0 Exception <a 'java/lang/NoSuchMethodError'{0x000000071704d278}: 'java.lang.Object java.lang.invoke.DirectMethodHandle$Holder.invokeVirtual(java.lang.Object, java.lang.Object, java.lang.Object)'> (0x000000071704d278) 
thrown [s\src\hotspot\share\interpreter\linkResolver.cpp, line 759]
Event: 1.543 Thread 0x000001d19ba750f0 Exception <a 'java/lang/NoSuchMethodError'{0x000000071706e948}: 'java.lang.Object java.lang.invoke.DirectMethodHandle$Holder.invokeStatic(java.lang.Object, java.lang.Object, long, java.lang.Object)'> (0x000000071706e948) 
thrown [s\src\hotspot\share\interpreter\linkResolver.cpp, line 759]
Event: 1.543 Thread 0x000001d19ba750f0 Exception <a 'java/lang/NoSuchMethodError'{0x00000007170723e0}: 'java.lang.Object java.lang.invoke.DirectMethodHandle$Holder.invokeStaticInit(java.lang.Object, java.lang.Object, long, java.lang.Object)'> (0x00000007170723e0) 
thrown [s\src\hotspot\share\interpreter\linkResolver.cpp, line 759]
Event: 1.544 Thread 0x000001d19ba750f0 Exception <a 'java/lang/NoSuchMethodError'{0x0000000717078ae8}: 'java.lang.Object java.lang.invoke.DirectMethodHandle$Holder.newInvokeSpecial(java.lang.Object, java.lang.Object, long)'> (0x0000000717078ae8) 
thrown [s\src\hotspot\share\interpreter\linkResolver.cpp, line 759]
Event: 1.544 Thread 0x000001d19ba750f0 Exception <a 'java/lang/NoSuchMethodError'{0x000000071707c658}: 'java.lang.Object java.lang.invoke.Invokers$Holder.linkToTargetMethod(java.lang.Object, long, java.lang.Object)'> (0x000000071707c658) 
thrown [s\src\hotspot\share\interpreter\linkResolver.cpp, line 759]
Event: 1.568 Thread 0x000001d19ba750f0 Exception <a 'java/lang/NoSuchMethodError'{0x00000007170d7e18}: 'void java.lang.invoke.DirectMethodHandle$Holder.invokeVirtual(java.lang.Object, java.lang.Object, java.lang.Object, java.lang.Object)'> (0x00000007170d7e18) 
thrown [s\src\hotspot\share\interpreter\linkResolver.cpp, line 759]
Event: 1.614 Thread 0x000001d19ba750f0 Exception <a 'java/lang/NoSuchMethodError'{0x0000000716e4b3f8}: 'void java.lang.invoke.DirectMethodHandle$Holder.invokeSpecial(java.lang.Object, java.lang.Object, java.lang.Object)'> (0x0000000716e4b3f8) 
thrown [s\src\hotspot\share\interpreter\linkResolver.cpp, line 759]
Event: 1.619 Thread 0x000001d2053db820 Exception <a 'java/lang/NoClassDefFoundError'{0x0000000716e9e4c8}: jakarta/validation/Validation> (0x0000000716e9e4c8) 
thrown [s\src\hotspot\share\classfile\systemDictionary.cpp, line 245]
Event: 1.621 Thread 0x000001d19ba750f0 Exception <a 'java/lang/IncompatibleClassChangeError'{0x0000000716e7db40}: Found class java.lang.Object, but interface was expected> (0x0000000716e7db40) 
thrown [s\src\hotspot\share\interpreter\linkResolver.cpp, line 826]

VM Operations (20 events):
Event: 0.440 Executing VM operation: HandshakeAllThreads
Event: 0.440 Executing VM operation: HandshakeAllThreads done
Event: 0.509 Executing VM operation: HandshakeAllThreads
Event: 0.509 Executing VM operation: HandshakeAllThreads done
Event: 0.551 Executing VM operation: HandshakeAllThreads
Event: 0.551 Executing VM operation: HandshakeAllThreads done
Event: 0.735 Executing VM operation: HandshakeAllThreads
Event: 0.735 Executing VM operation: HandshakeAllThreads done
Event: 0.797 Executing VM operation: G1CollectForAllocation
Event: 0.802 Executing VM operation: G1CollectForAllocation done
Event: 1.191 Executing VM operation: HandshakeAllThreads
Event: 1.191 Executing VM operation: HandshakeAllThreads done
Event: 1.440 Executing VM operation: HandshakeAllThreads
Event: 1.440 Executing VM operation: HandshakeAllThreads done
Event: 1.529 Executing VM operation: ICBufferFull
Event: 1.529 Executing VM operation: ICBufferFull done
Event: 1.669 Executing VM operation: G1CollectForAllocation
Event: 1.669 Executing VM operation: G1CollectForAllocation done
Event: 1.669 Executing VM operation: G1CollectForAllocation
Event: 1.674 Executing VM operation: G1CollectForAllocation done

Events (20 events):
Event: 1.629 loading class java/io/Console$2
Event: 1.629 loading class jdk/internal/access/JavaIOAccess
Event: 1.629 loading class jdk/internal/access/JavaIOAccess done
Event: 1.629 loading class java/io/Console$2 done
Event: 1.631 loading class java/lang/StrictMath
Event: 1.631 loading class java/lang/StrictMath done
Event: 1.657 loading class java/nio/file/FileSystemNotFoundException
Event: 1.657 loading class java/nio/file/FileSystemNotFoundException done
Event: 1.657 loading class java/util/zip/ZipException
Event: 1.657 loading class java/util/zip/ZipException done
Event: 1.691 loading class java/io/NotSerializableException
Event: 1.691 loading class java/io/ObjectStreamException
Event: 1.691 loading class java/io/ObjectStreamException done
Event: 1.691 loading class java/io/NotSerializableException done
Event: 1.698 loading class java/util/RegularEnumSet$EnumSetIterator
Event: 1.699 loading class java/util/RegularEnumSet$EnumSetIterator done
Event: 1.719 loading class java/lang/Deprecated
Event: 1.719 loading class java/lang/Deprecated done
Event: 1.720 loading class java/beans/ConstructorProperties
Event: 1.720 loading class java/beans/ConstructorProperties done


Dynamic libraries:
0x00007ff69a100000 - 0x00007ff69a10e000 	C:\Users\luchi\.jdks\corretto-17.0.9\bin\java.exe
0x00007ffabfcf0000 - 0x00007ffabff07000 	C:\WINDOWS\SYSTEM32\ntdll.dll
0x00007ffabe7c0000 - 0x00007ffabe884000 	C:\WINDOWS\System32\KERNEL32.DLL
0x00007ffabd670000 - 0x00007ffabda17000 	C:\WINDOWS\System32\KERNELBASE.dll
0x00007ffabd070000 - 0x00007ffabd181000 	C:\WINDOWS\System32\ucrtbase.dll
0x00007ffab9990000 - 0x00007ffab99a7000 	C:\Users\luchi\.jdks\corretto-17.0.9\bin\jli.dll
0x00007ffab9890000 - 0x00007ffab98ab000 	C:\Users\luchi\.jdks\corretto-17.0.9\bin\VCRUNTIME140.dll
0x00007ffabfa60000 - 0x00007ffabfc0e000 	C:\WINDOWS\System32\USER32.dll
0x00007ffaa9c50000 - 0x00007ffaa9ee3000 	C:\WINDOWS\WinSxS\amd64_microsoft.windows.common-controls_6595b64144ccf1df_6.0.22621.3527_none_270e469b73872a76\COMCTL32.dll
0x00007ffabd010000 - 0x00007ffabd036000 	C:\WINDOWS\System32\win32u.dll
0x00007ffabf060000 - 0x00007ffabf107000 	C:\WINDOWS\System32\msvcrt.dll
0x00007ffabf260000 - 0x00007ffabf289000 	C:\WINDOWS\System32\GDI32.dll
0x00007ffabd340000 - 0x00007ffabd459000 	C:\WINDOWS\System32\gdi32full.dll
0x00007ffabd460000 - 0x00007ffabd4fa000 	C:\WINDOWS\System32\msvcp_win.dll
0x00007ffabf120000 - 0x00007ffabf151000 	C:\WINDOWS\System32\IMM32.DLL
0x00007ffab9a70000 - 0x00007ffab9a7c000 	C:\Users\luchi\.jdks\corretto-17.0.9\bin\vcruntime140_1.dll
0x00007ffaa9650000 - 0x00007ffaa96dd000 	C:\Users\luchi\.jdks\corretto-17.0.9\bin\msvcp140.dll
0x00007ff9ff640000 - 0x00007ffa002a1000 	C:\Users\luchi\.jdks\corretto-17.0.9\bin\server\jvm.dll
0x00007ffabf510000 - 0x00007ffabf5c2000 	C:\WINDOWS\System32\ADVAPI32.dll
0x00007ffabdeb0000 - 0x00007ffabdf58000 	C:\WINDOWS\System32\sechost.dll
0x00007ffabd040000 - 0x00007ffabd068000 	C:\WINDOWS\System32\bcrypt.dll
0x00007ffabf6b0000 - 0x00007ffabf7c5000 	C:\WINDOWS\System32\RPCRT4.dll
0x00007ffab5aa0000 - 0x00007ffab5ad4000 	C:\WINDOWS\SYSTEM32\WINMM.dll
0x00007ffabcc70000 - 0x00007ffabccbd000 	C:\WINDOWS\SYSTEM32\POWRPROF.dll
0x00007ffab4290000 - 0x00007ffab429a000 	C:\WINDOWS\SYSTEM32\VERSION.dll
0x00007ffaa3110000 - 0x00007ffaa3119000 	C:\WINDOWS\SYSTEM32\WSOCK32.dll
0x00007ffabda20000 - 0x00007ffabda91000 	C:\WINDOWS\System32\WS2_32.dll
0x00007ffabcc30000 - 0x00007ffabcc43000 	C:\WINDOWS\SYSTEM32\UMPDC.dll
0x00007ffabc070000 - 0x00007ffabc088000 	C:\WINDOWS\SYSTEM32\kernel.appcore.dll
0x00007ffab9880000 - 0x00007ffab988a000 	C:\Users\luchi\.jdks\corretto-17.0.9\bin\jimage.dll
0x00007ffab1aa0000 - 0x00007ffab1cd2000 	C:\WINDOWS\SYSTEM32\DBGHELP.DLL
0x00007ffabdaa0000 - 0x00007ffabde28000 	C:\WINDOWS\System32\combase.dll
0x00007ffabf5d0000 - 0x00007ffabf6a7000 	C:\WINDOWS\System32\OLEAUT32.dll
0x00007ffab1500000 - 0x00007ffab1532000 	C:\WINDOWS\SYSTEM32\dbgcore.DLL
0x00007ffabd2c0000 - 0x00007ffabd339000 	C:\WINDOWS\System32\bcryptPrimitives.dll
0x00007ffab6d50000 - 0x00007ffab6d5e000 	C:\Users\luchi\.jdks\corretto-17.0.9\bin\instrument.dll
0x00007ffab9850000 - 0x00007ffab9875000 	C:\Users\luchi\.jdks\corretto-17.0.9\bin\java.dll
0x00007ffa35df0000 - 0x00007ffa35ec7000 	C:\Users\luchi\.jdks\corretto-17.0.9\bin\jsvml.dll
0x00007ffabdf60000 - 0x00007ffabe7bc000 	C:\WINDOWS\System32\SHELL32.dll
0x00007ffabaf00000 - 0x00007ffabb7f6000 	C:\WINDOWS\SYSTEM32\windows.storage.dll
0x00007ffabadc0000 - 0x00007ffabaefe000 	C:\WINDOWS\SYSTEM32\wintypes.dll
0x00007ffabf160000 - 0x00007ffabf255000 	C:\WINDOWS\System32\SHCORE.dll
0x00007ffabf000000 - 0x00007ffabf05e000 	C:\WINDOWS\System32\shlwapi.dll
0x00007ffabcf40000 - 0x00007ffabcf61000 	C:\WINDOWS\SYSTEM32\profapi.dll
0x00007ffab6b70000 - 0x00007ffab6b88000 	C:\Users\luchi\.jdks\corretto-17.0.9\bin\zip.dll
0x00007ffab9830000 - 0x00007ffab9849000 	C:\Users\luchi\.jdks\corretto-17.0.9\bin\net.dll
0x00007ffab70a0000 - 0x00007ffab71d6000 	C:\WINDOWS\SYSTEM32\WINHTTP.dll
0x00007ffabc510000 - 0x00007ffabc579000 	C:\WINDOWS\system32\mswsock.dll
0x00007ffab71e0000 - 0x00007ffab71f6000 	C:\Users\luchi\.jdks\corretto-17.0.9\bin\nio.dll
0x00007ffab4750000 - 0x00007ffab476a000 	C:\Program Files\JetBrains\IntelliJ IDEA Community Edition 2023.1.1\bin\breakgen64.dll
0x00007ffab6b60000 - 0x00007ffab6b70000 	C:\Users\luchi\.jdks\corretto-17.0.9\bin\verify.dll
0x00007ffabc770000 - 0x00007ffabc78b000 	C:\WINDOWS\SYSTEM32\CRYPTSP.dll
0x00007ffabbfd0000 - 0x00007ffabc005000 	C:\WINDOWS\system32\rsaenh.dll
0x00007ffabc610000 - 0x00007ffabc638000 	C:\WINDOWS\SYSTEM32\USERENV.dll
0x00007ffabc790000 - 0x00007ffabc79c000 	C:\WINDOWS\SYSTEM32\CRYPTBASE.dll

dbghelp: loaded successfully - version: 4.0.5 - missing functions: none
symbol engine: initialized successfully - sym options: 0x614 - pdb path: .;C:\Users\luchi\.jdks\corretto-17.0.9\bin;C:\WINDOWS\SYSTEM32;C:\WINDOWS\WinSxS\amd64_microsoft.windows.common-controls_6595b64144ccf1df_6.0.22621.3527_none_270e469b73872a76;C:\Users\luchi\.jdks\corretto-17.0.9\bin\server;C:\Program Files\JetBrains\IntelliJ IDEA Community Edition 2023.1.1\bin

VM Arguments:
jvm_args: -javaagent:C:\Program Files\JetBrains\IntelliJ IDEA Community Edition 2023.1.1\lib\idea_rt.jar=55729:C:\Program Files\JetBrains\IntelliJ IDEA Community Edition 2023.1.1\bin -Dfile.encoding=UTF-8 
java_command: BackEndC3.ClinicaOdontologica.ClinicaOdontologicaPiApplication
java_class_path (initial): C:\DIGITAL_HOUSE\BIMESTRE 5\BACKEND I\Clinica-Odontologica-PI-main\Clinica-Odontologica-PI-main\Clinica-Odontologica-PI\target\classes;C:\Users\luchi\.m2\repository\org\springframework\boot\spring-boot-starter-thymeleaf\3.3.0\spring-boot-starter-thymeleaf-3.3.0.jar;C:\Users\luchi\.m2\repository\org\springframework\boot\spring-boot-starter\3.3.0\spring-boot-starter-3.3.0.jar;C:\Users\luchi\.m2\repository\org\springframework\boot\spring-boot\3.3.0\spring-boot-3.3.0.jar;C:\Users\luchi\.m2\repository\org\springframework\boot\spring-boot-autoconfigure\3.3.0\spring-boot-autoconfigure-3.3.0.jar;C:\Users\luchi\.m2\repository\org\springframework\boot\spring-boot-starter-logging\3.3.0\spring-boot-starter-logging-3.3.0.jar;C:\Users\luchi\.m2\repository\ch\qos\logback\logback-classic\1.5.6\logback-classic-1.5.6.jar;C:\Users\luchi\.m2\repository\ch\qos\logback\logback-core\1.5.6\logback-core-1.5.6.jar;C:\Users\luchi\.m2\repository\org\apache\logging\log4j\log4j-to-slf4j\2.23.1\log4j-to-slf4j-2.23.1.jar;C:\Users\luchi\.m2\repository\org\apache\logging\log4j\log4j-api\2.23.1\log4j-api-2.23.1.jar;C:\Users\luchi\.m2\repository\org\slf4j\jul-to-slf4j\2.0.13\jul-to-slf4j-2.0.13.jar;C:\Users\luchi\.m2\repository\jakarta\annotation\jakarta.annotation-api\2.1.1\jakarta.annotation-api-2.1.1.jar;C:\Users\luchi\.m2\repository\org\yaml\snakeyaml\2.2\snakeyaml-2.2.jar;C:\Users\luchi\.m2\repository\org\thymeleaf\thymeleaf-spring6\3.1.2.RELEASE\thymeleaf-spring6-3.1.2.RELEASE.jar;C:\Users\luchi\.m2\repository\org\thymeleaf\thymeleaf\3.1.2.RELEASE\thymeleaf-3.1.2.RELEASE.jar;C:\Users\luchi\.m2\repository\org\attoparser\attoparser\2.0.7.RELEASE\attoparser-2.0.7.RELEASE.jar;C:\Users\luchi\.m2\repository\org\unbescape\unbescape\1.1.6.RELEASE\unbescape-1.1.6.RELEASE.jar;C:\Users\luchi\.m2\repository\org\slf4j\slf4j-api\2.0.13\slf4j-api-2.0.13.jar;C:\Users\luchi\.m2\repository\org\springframework\boot\spring-boot-starter-web\3.3.0\spring-boot-starter-web-3.3.0.jar;C:\User
Launcher Type: SUN_STANDARD

[Global flags]
     intx CICompilerCount                          = 12                                        {product} {ergonomic}
     uint ConcGCThreads                            = 3                                         {product} {ergonomic}
     uint G1ConcRefinementThreads                  = 13                                        {product} {ergonomic}
   size_t G1HeapRegionSize                         = 2097152                                   {product} {ergonomic}
    uintx GCDrainStackTargetSize                   = 64                                        {product} {ergonomic}
   size_t InitialHeapSize                          = 260046848                                 {product} {ergonomic}
   size_t MarkStackSize                            = 4194304                                   {product} {ergonomic}
   size_t MaxHeapSize                              = 4139778048                                {product} {ergonomic}
   size_t MaxNewSize                               = 2483027968                                {product} {ergonomic}
   size_t MinHeapDeltaBytes                        = 2097152                                   {product} {ergonomic}
   size_t MinHeapSize                              = 8388608                                   {product} {ergonomic}
    uintx NonNMethodCodeHeapSize                   = 7602480                                {pd product} {ergonomic}
    uintx NonProfiledCodeHeapSize                  = 122027880                              {pd product} {ergonomic}
    uintx ProfiledCodeHeapSize                     = 122027880                              {pd product} {ergonomic}
    uintx ReservedCodeCacheSize                    = 251658240                              {pd product} {ergonomic}
     bool SegmentedCodeCache                       = true                                      {product} {ergonomic}
   size_t SoftMaxHeapSize                          = 4139778048                             {manageable} {ergonomic}
     bool UseCompressedClassPointers               = true                           {product lp64_product} {ergonomic}
     bool UseCompressedOops                        = true                           {product lp64_product} {ergonomic}
     bool UseG1GC                                  = true                                      {product} {ergonomic}
     bool UseLargePagesIndividualAllocation        = false                                  {pd product} {ergonomic}

Logging:
Log output configuration:
 #0: stdout all=warning uptime,level,tags
 #1: stderr all=off uptime,level,tags

Environment Variables:
JAVA_HOME=C:\Program Files\Java\jdk-11.0.12
PATH=C:\Program Files\Common Files\Oracle\Java\javapath;C:\Program Files\Microsoft\jdk-11.0.20.8-hotspot\bin;C:\Program Files\Eclipse Adoptium\jdk-11.0.19.7-hotspot\bin;C:\Program Files\Eclipse Adoptium\jdk-8.0.372.7-hotspot\bin;C:\Program Files\Common Files\Siemens\Automation\Simatic OAM\bin;C:\Windows\system32;C:\Windows;C:\Windows\System32\Wbem;C:\Windows\System32\WindowsPowerShell\v1.0\;C:\Windows\System32\OpenSSH\;C:\Program Files (x86)\NVIDIA Corporation\PhysX\Common;C:\Program Files\NVIDIA Corporation\NVIDIA NvDLISR;C:\Program Files\Git\cmd;C:\Program Files\Java\jdk1.8.0_291\bin;C:\WINDOWS\system32;C:\Program Files (x86)\Microsoft SQL Server\160\DTS\Binn\;C:\Program Files\Azure Data Studio\bin;C:\Program Files\Microsoft SQL Server\Client SDK\ODBC\170\Tools\Binn\;C:\Program Files (x86)\Microsoft SQL Server\150\Tools\Binn\;C:\Program Files\Microsoft SQL Server\150\Tools\Binn\;C:\Program Files\Microsoft SQL Server\150\DTS\Binn\;C:\WINDOWS;C:\WINDOWS\System32\Wbem;C:\WINDOWS\System32\WindowsPowerShell\v1.0\;C:\WINDOWS\System32\OpenSSH\;C:\ProgramData\chocolatey\bin;C:\Users\luchi\AppData\Roaming\nvm;C:\Program Files\nodejs;C:\Program Files\Java\jdk-11.0.12\bin;;C:\Program Files\Docker\Docker\resources\bin;C:\Program Files\dotnet\;C:\Users\luchi\.pyenv\pyenv-win\bin;C:\Users\luchi\.pyenv\pyenv-win\shims;C:\Users\luchi\AppData\Local\Programs\Python\Python311\Scripts\;C:\Users\luchi\AppData\Local\Programs\Python\Python311\;C:\Users\luchi\AppData\Local\Microsoft\WindowsApps;C:\Users\luchi\AppData\Local\Programs\Microsoft VS Code\bin;C:\Program Files\Azure Data Studio\bin;C:\Users\luchi\AppData\Local\GitHubDesktop\bin;C:\Users\luchi\AppData\Roaming\nvm;C:\Program Files\nodejs;C:\Tools\Gradle\gradle-5.1-bin\gradle-5.1\bin;C:\Users\luchi\AppData\Roaming\npm;;C:\Users\luchi\AppData\Local\Programs\oh-my-posh\bin;C:\Users\luchi\.dotnet\tools
USERNAME=luchi
OS=Windows_NT
PROCESSOR_IDENTIFIER=AMD64 Family 23 Model 96 Stepping 1, AuthenticAMD
TMP=C:\Users\luchi\AppData\Local\Temp
TEMP=C:\Users\luchi\AppData\Local\Temp



Periodic native trim disabled


---------------  S Y S T E M  ---------------

OS:
 Windows 11 , 64 bit Build 22621 (10.0.22621.3527)
OS uptime: 0 days 5:29 hours
Hyper-V role detected

CPU: total 16 (initial active 16) (16 cores per cpu, 2 threads per core) family 23 model 96 stepping 1 microcode 0x0, cx8, cmov, fxsr, ht, mmx, 3dnowpref, sse, sse2, sse3, ssse3, sse4a, sse4.1, sse4.2, popcnt, lzcnt, tsc, tscinvbit, avx, avx2, aes, clmul, bmi1, bmi2, adx, sha, fma, vzeroupper, clflush, clflushopt, hv
Processor Information for all 16 processors :
  Max Mhz: 2901, Current Mhz: 2901, Mhz Limit: 2901

Memory: 4k page, system-wide physical 15790M (5543M free)
TotalPageFile size 19886M (AvailPageFile size 5M)
current process WorkingSet (physical memory assigned to process): 113M, peak: 113M
current process commit charge ("private bytes"): 379M, peak: 379M

vm_info: OpenJDK 64-Bit Server VM (17.0.9+8-LTS) for windows-amd64 JRE (17.0.9+8-LTS), built on Oct 12 2023 16:15:33 by "Administrator" with MS VC++ 16.10 / 16.11 (VS2019)

END.
